<?xml version="1.0" encoding="UTF-8"?>
<robot generator="Robot 7.2.2 (Python 3.13.1 on win32)" generated="2025-03-12T23:30:23.306460" rpa="false" schemaversion="5">
<suite id="s1" name="Test 05" source="C:\Users\tt_pe\Documents\GitHub\Proj_SE\git-group-repository-group-3-sec-4\test1\test_05.robot">
<test id="s1-t1" name="Test Manage Publications book" line="423">
<kw name="Open Browser To Login Page">
<kw name="Open Browser" owner="SeleniumLibrary">
<msg time="2025-03-12T23:30:23.577276" level="INFO">Opening browser 'chrome' to base url 'https://csweb0367.cpkkuhost.com/login'.</msg>
<arg>${LOGIN_URL}</arg>
<arg>${BROWSER}</arg>
<doc>Opens a new browser instance to the optional ``url``.</doc>
<status status="PASS" start="2025-03-12T23:30:23.576996" elapsed="4.081006"/>
</kw>
<kw name="Maximize Browser Window" owner="SeleniumLibrary">
<doc>Maximizes current browser window.</doc>
<status status="PASS" start="2025-03-12T23:30:27.658192" elapsed="0.032610"/>
</kw>
<kw name="Wait Until Element Is Visible" owner="SeleniumLibrary">
<arg>${LOGIN_PAGE_HEADER}</arg>
<arg>timeout=10s</arg>
<doc>Waits until the element ``locator`` is visible.</doc>
<status status="PASS" start="2025-03-12T23:30:27.690967" elapsed="0.022648"/>
</kw>
<status status="PASS" start="2025-03-12T23:30:23.576315" elapsed="4.137414"/>
</kw>
<kw name="Login As Teacher">
<kw name="Input Text" owner="SeleniumLibrary">
<msg time="2025-03-12T23:30:27.714487" level="INFO">Typing text 'chitsutha@kku.ac.th' into text field 'xpath=//input[@id='username']'.</msg>
<arg>${USERNAME_FIELD}</arg>
<arg>${username}</arg>
<doc>Types the given ``text`` into the text field identified by ``locator``.</doc>
<status status="PASS" start="2025-03-12T23:30:27.714299" elapsed="0.086750"/>
</kw>
<kw name="Input Text" owner="SeleniumLibrary">
<msg time="2025-03-12T23:30:27.802086" level="INFO">Typing text '123456789' into text field 'xpath=//input[@id='password']'.</msg>
<arg>${PASSWORD_FIELD}</arg>
<arg>${password}</arg>
<doc>Types the given ``text`` into the text field identified by ``locator``.</doc>
<status status="PASS" start="2025-03-12T23:30:27.801290" elapsed="0.078248"/>
</kw>
<kw name="Sleep" owner="BuiltIn">
<msg time="2025-03-12T23:30:28.880904" level="INFO">Slept 1 second.</msg>
<arg>1s</arg>
<doc>Pauses the test executed for the given time.</doc>
<status status="PASS" start="2025-03-12T23:30:27.880232" elapsed="1.000764"/>
</kw>
<kw name="Click Element" owner="SeleniumLibrary">
<msg time="2025-03-12T23:30:28.881328" level="INFO">Clicking element 'xpath=//button[normalize-space(.)='Log In' or normalize-space(.)='LOGIN' or normalize-space(.)='เข้าสู่ระบบ' or normalize-space(.)='登录']'.</msg>
<arg>${LOGIN_BUTTON}</arg>
<doc>Click the element identified by ``locator``.</doc>
<status status="PASS" start="2025-03-12T23:30:28.881145" elapsed="4.458904"/>
</kw>
<kw name="Wait Until Element Is Visible" owner="SeleniumLibrary">
<arg>${DASHBOARD_HEADER}</arg>
<arg>timeout=10s</arg>
<doc>Waits until the element ``locator`` is visible.</doc>
<status status="PASS" start="2025-03-12T23:30:33.340195" elapsed="0.015542"/>
</kw>
<arg>chitsutha@kku.ac.th</arg>
<arg>123456789</arg>
<status status="PASS" start="2025-03-12T23:30:27.714022" elapsed="5.641821"/>
</kw>
<kw name="Change Language">
<kw name="Click Element" owner="SeleniumLibrary">
<msg time="2025-03-12T23:30:33.356569" level="INFO">Clicking element 'xpath=//a[contains(normalize-space(.), 'English')]'.</msg>
<arg>${language_button}</arg>
<doc>Click the element identified by ``locator``.</doc>
<status status="PASS" start="2025-03-12T23:30:33.356380" elapsed="0.054556"/>
</kw>
<kw name="Sleep" owner="BuiltIn">
<msg time="2025-03-12T23:30:36.411880" level="INFO">Slept 3 seconds.</msg>
<arg>3s</arg>
<doc>Pauses the test executed for the given time.</doc>
<status status="PASS" start="2025-03-12T23:30:33.411125" elapsed="3.000863"/>
</kw>
<arg>${LANG_TO_ENGLISH}</arg>
<status status="PASS" start="2025-03-12T23:30:33.356102" elapsed="3.055998"/>
</kw>
<kw name="Click Element" owner="SeleniumLibrary">
<msg time="2025-03-12T23:30:36.412770" level="INFO">Clicking element 'xpath=//a[contains(@class,'nav-link') and .//span[contains(@class,'menu-title') and (contains(text(),'Manage Publications') or contains(text(),'จัดการผลงานวิจัย') or contains(text(),'管理研究成果'))]]'.</msg>
<arg>${MAPU_TAB}</arg>
<doc>Click the element identified by ``locator``.</doc>
<status status="PASS" start="2025-03-12T23:30:36.412469" elapsed="0.060038"/>
</kw>
<kw name="Sleep" owner="BuiltIn">
<msg time="2025-03-12T23:30:38.473634" level="INFO">Slept 2 seconds.</msg>
<arg>2s</arg>
<doc>Pauses the test executed for the given time.</doc>
<status status="PASS" start="2025-03-12T23:30:36.472834" elapsed="2.000912"/>
</kw>
<kw name="Click Element" owner="SeleniumLibrary">
<msg time="2025-03-12T23:30:38.474419" level="INFO">Clicking element 'xpath=//a[normalize-space(text())='Book']'.</msg>
<arg>${BOOK_TAB}</arg>
<doc>Click the element identified by ``locator``.</doc>
<status status="PASS" start="2025-03-12T23:30:38.474122" elapsed="1.620178"/>
</kw>
<kw name="Sleep" owner="BuiltIn">
<msg time="2025-03-12T23:30:42.095013" level="INFO">Slept 2 seconds.</msg>
<arg>2s</arg>
<doc>Pauses the test executed for the given time.</doc>
<status status="PASS" start="2025-03-12T23:30:40.094608" elapsed="2.000502"/>
</kw>
<kw name="Verify Page Contains Multiple Texts">
<kw name="Get Source" owner="SeleniumLibrary">
<msg time="2025-03-12T23:30:42.101901" level="INFO">${html_source} = &lt;html lang="en" style="height: auto;"&gt;&lt;head&gt;&lt;style type="text/css"&gt;.swal-icon--error{border-color:#f27474;-webkit-animation:animateErrorIcon .5s;animation:animateErrorIcon .5s}.swal-icon--error__x-mar...</msg>
<var>${html_source}</var>
<doc>Returns the entire HTML source of the current page or frame.</doc>
<status status="PASS" start="2025-03-12T23:30:42.095794" elapsed="0.006173"/>
</kw>
<kw name="Log" owner="BuiltIn">
<msg time="2025-03-12T23:30:42.102998" level="INFO">HTML Source: &lt;html lang="en" style="height: auto;"&gt;&lt;head&gt;&lt;style type="text/css"&gt;.swal-icon--error{border-color:#f27474;-webkit-animation:animateErrorIcon .5s;animation:animateErrorIcon .5s}.swal-icon--error__x-mark{position:relative;display:block;-webkit-animation:animateXMark .5s;animation:animateXMark .5s}.swal-icon--error__line{position:absolute;height:5px;width:47px;background-color:#f27474;display:block;top:37px;border-radius:2px}.swal-icon--error__line--left{-webkit-transform:rotate(45deg);transform:rotate(45deg);left:17px}.swal-icon--error__line--right{-webkit-transform:rotate(-45deg);transform:rotate(-45deg);right:16px}@-webkit-keyframes animateErrorIcon{0%{-webkit-transform:rotateX(100deg);transform:rotateX(100deg);opacity:0}to{-webkit-transform:rotateX(0deg);transform:rotateX(0deg);opacity:1}}@keyframes animateErrorIcon{0%{-webkit-transform:rotateX(100deg);transform:rotateX(100deg);opacity:0}to{-webkit-transform:rotateX(0deg);transform:rotateX(0deg);opacity:1}}@-webkit-keyframes animateXMark{0%{-webkit-transform:scale(.4);transform:scale(.4);margin-top:26px;opacity:0}50%{-webkit-transform:scale(.4);transform:scale(.4);margin-top:26px;opacity:0}80%{-webkit-transform:scale(1.15);transform:scale(1.15);margin-top:-6px}to{-webkit-transform:scale(1);transform:scale(1);margin-top:0;opacity:1}}@keyframes animateXMark{0%{-webkit-transform:scale(.4);transform:scale(.4);margin-top:26px;opacity:0}50%{-webkit-transform:scale(.4);transform:scale(.4);margin-top:26px;opacity:0}80%{-webkit-transform:scale(1.15);transform:scale(1.15);margin-top:-6px}to{-webkit-transform:scale(1);transform:scale(1);margin-top:0;opacity:1}}.swal-icon--warning{border-color:#f8bb86;-webkit-animation:pulseWarning .75s infinite alternate;animation:pulseWarning .75s infinite alternate}.swal-icon--warning__body{width:5px;height:47px;top:10px;border-radius:2px;margin-left:-2px}.swal-icon--warning__body,.swal-icon--warning__dot{position:absolute;left:50%;background-color:#f8bb86}.swal-icon--warning__dot{width:7px;height:7px;border-radius:50%;margin-left:-4px;bottom:-11px}@-webkit-keyframes pulseWarning{0%{border-color:#f8d486}to{border-color:#f8bb86}}@keyframes pulseWarning{0%{border-color:#f8d486}to{border-color:#f8bb86}}.swal-icon--success{border-color:#a5dc86}.swal-icon--success:after,.swal-icon--success:before{content:"";border-radius:50%;position:absolute;width:60px;height:120px;background:#fff;-webkit-transform:rotate(45deg);transform:rotate(45deg)}.swal-icon--success:before{border-radius:120px 0 0 120px;top:-7px;left:-33px;-webkit-transform:rotate(-45deg);transform:rotate(-45deg);-webkit-transform-origin:60px 60px;transform-origin:60px 60px}.swal-icon--success:after{border-radius:0 120px 120px 0;top:-11px;left:30px;-webkit-transform:rotate(-45deg);transform:rotate(-45deg);-webkit-transform-origin:0 60px;transform-origin:0 60px;-webkit-animation:rotatePlaceholder 4.25s ease-in;animation:rotatePlaceholder 4.25s ease-in}.swal-icon--success__ring{width:80px;height:80px;border:4px solid hsla(98,55%,69%,.2);border-radius:50%;box-sizing:content-box;position:absolute;left:-4px;top:-4px;z-index:2}.swal-icon--success__hide-corners{width:5px;height:90px;background-color:#fff;padding:1px;position:absolute;left:28px;top:8px;z-index:1;-webkit-transform:rotate(-45deg);transform:rotate(-45deg)}.swal-icon--success__line{height:5px;background-color:#a5dc86;display:block;border-radius:2px;position:absolute;z-index:2}.swal-icon--success__line--tip{width:25px;left:14px;top:46px;-webkit-transform:rotate(45deg);transform:rotate(45deg);-webkit-animation:animateSuccessTip .75s;animation:animateSuccessTip .75s}.swal-icon--success__line--long{width:47px;right:8px;top:38px;-webkit-transform:rotate(-45deg);transform:rotate(-45deg);-webkit-animation:animateSuccessLong .75s;animation:animateSuccessLong .75s}@-webkit-keyframes rotatePlaceholder{0%{-webkit-transform:rotate(-45deg);transform:rotate(-45deg)}5%{-webkit-transform:rotate(-45deg);transform:rotate(-45deg)}12%{-webkit-transform:rotate(-405deg);transform:rotate(-405deg)}to{-webkit-transform:rotate(-405deg);transform:rotate(-405deg)}}@keyframes rotatePlaceholder{0%{-webkit-transform:rotate(-45deg);transform:rotate(-45deg)}5%{-webkit-transform:rotate(-45deg);transform:rotate(-45deg)}12%{-webkit-transform:rotate(-405deg);transform:rotate(-405deg)}to{-webkit-transform:rotate(-405deg);transform:rotate(-405deg)}}@-webkit-keyframes animateSuccessTip{0%{width:0;left:1px;top:19px}54%{width:0;left:1px;top:19px}70%{width:50px;left:-8px;top:37px}84%{width:17px;left:21px;top:48px}to{width:25px;left:14px;top:45px}}@keyframes animateSuccessTip{0%{width:0;left:1px;top:19px}54%{width:0;left:1px;top:19px}70%{width:50px;left:-8px;top:37px}84%{width:17px;left:21px;top:48px}to{width:25px;left:14px;top:45px}}@-webkit-keyframes animateSuccessLong{0%{width:0;right:46px;top:54px}65%{width:0;right:46px;top:54px}84%{width:55px;right:0;top:35px}to{width:47px;right:8px;top:38px}}@keyframes animateSuccessLong{0%{width:0;right:46px;top:54px}65%{width:0;right:46px;top:54px}84%{width:55px;right:0;top:35px}to{width:47px;right:8px;top:38px}}.swal-icon--info{border-color:#c9dae1}.swal-icon--info:before{width:5px;height:29px;bottom:17px;border-radius:2px;margin-left:-2px}.swal-icon--info:after,.swal-icon--info:before{content:"";position:absolute;left:50%;background-color:#c9dae1}.swal-icon--info:after{width:7px;height:7px;border-radius:50%;margin-left:-3px;top:19px}.swal-icon{width:80px;height:80px;border-width:4px;border-style:solid;border-radius:50%;padding:0;position:relative;box-sizing:content-box;margin:20px auto}.swal-icon:first-child{margin-top:32px}.swal-icon--custom{width:auto;height:auto;max-width:100%;border:none;border-radius:0}.swal-icon img{max-width:100%;max-height:100%}.swal-title{color:rgba(0,0,0,.65);font-weight:600;text-transform:none;position:relative;display:block;padding:13px 16px;font-size:27px;line-height:normal;text-align:center;margin-bottom:0}.swal-title:first-child{margin-top:26px}.swal-title:not(:first-child){padding-bottom:0}.swal-title:not(:last-child){margin-bottom:13px}.swal-text{font-size:16px;position:relative;float:none;line-height:normal;vertical-align:top;text-align:left;display:inline-block;margin:0;padding:0 10px;font-weight:400;color:rgba(0,0,0,.64);max-width:calc(100% - 20px);overflow-wrap:break-word;box-sizing:border-box}.swal-text:first-child{margin-top:45px}.swal-text:last-child{margin-bottom:45px}.swal-footer{text-align:right;padding-top:13px;margin-top:13px;padding:13px 16px;border-radius:inherit;border-top-left-radius:0;border-top-right-radius:0}.swal-button-container{margin:5px;display:inline-block;position:relative}.swal-button{background-color:#7cd1f9;color:#fff;border:none;box-shadow:none;border-radius:5px;font-weight:600;font-size:14px;padding:10px 24px;margin:0;cursor:pointer}.swal-button[not:disabled]:hover{background-color:#78cbf2}.swal-button:active{background-color:#70bce0}.swal-button:focus{outline:none;box-shadow:0 0 0 1px #fff,0 0 0 3px rgba(43,114,165,.29)}.swal-button[disabled]{opacity:.5;cursor:default}.swal-button::-moz-focus-inner{border:0}.swal-button--cancel{color:#555;background-color:#efefef}.swal-button--cancel[not:disabled]:hover{background-color:#e8e8e8}.swal-button--cancel:active{background-color:#d7d7d7}.swal-button--cancel:focus{box-shadow:0 0 0 1px #fff,0 0 0 3px rgba(116,136,150,.29)}.swal-button--danger{background-color:#e64942}.swal-button--danger[not:disabled]:hover{background-color:#df4740}.swal-button--danger:active{background-color:#cf423b}.swal-button--danger:focus{box-shadow:0 0 0 1px #fff,0 0 0 3px rgba(165,43,43,.29)}.swal-content{padding:0 20px;margin-top:20px;font-size:medium}.swal-content:last-child{margin-bottom:20px}.swal-content__input,.swal-content__textarea{-webkit-appearance:none;background-color:#fff;border:none;font-size:14px;display:block;box-sizing:border-box;width:100%;border:1px solid rgba(0,0,0,.14);padding:10px 13px;border-radius:2px;transition:border-color .2s}.swal-content__input:focus,.swal-content__textarea:focus{outline:none;border-color:#6db8ff}.swal-content__textarea{resize:vertical}.swal-button--loading{color:transparent}.swal-button--loading~.swal-button__loader{opacity:1}.swal-button__loader{position:absolute;height:auto;width:43px;z-index:2;left:50%;top:50%;-webkit-transform:translateX(-50%) translateY(-50%);transform:translateX(-50%) translateY(-50%);text-align:center;pointer-events:none;opacity:0}.swal-button__loader div{display:inline-block;float:none;vertical-align:baseline;width:9px;height:9px;padding:0;border:none;margin:2px;opacity:.4;border-radius:7px;background-color:hsla(0,0%,100%,.9);transition:background .2s;-webkit-animation:swal-loading-anim 1s infinite;animation:swal-loading-anim 1s infinite}.swal-button__loader div:nth-child(3n+2){-webkit-animation-delay:.15s;animation-delay:.15s}.swal-button__loader div:nth-child(3n+3){-webkit-animation-delay:.3s;animation-delay:.3s}@-webkit-keyframes swal-loading-anim{0%{opacity:.4}20%{opacity:.4}50%{opacity:1}to{opacity:.4}}@keyframes swal-loading-anim{0%{opacity:.4}20%{opacity:.4}50%{opacity:1}to{opacity:.4}}.swal-overlay{position:fixed;top:0;bottom:0;left:0;right:0;text-align:center;font-size:0;overflow-y:auto;background-color:rgba(0,0,0,.4);z-index:10000;pointer-events:none;opacity:0;transition:opacity .3s}.swal-overlay:before{content:" ";display:inline-block;vertical-align:middle;height:100%}.swal-overlay--show-modal{opacity:1;pointer-events:auto}.swal-overlay--show-modal .swal-modal{opacity:1;pointer-events:auto;box-sizing:border-box;-webkit-animation:showSweetAlert .3s;animation:showSweetAlert .3s;will-change:transform}.swal-modal{width:478px;opacity:0;pointer-events:none;background-color:#fff;text-align:center;border-radius:5px;position:static;margin:20px auto;display:inline-block;vertical-align:middle;-webkit-transform:scale(1);transform:scale(1);-webkit-transform-origin:50% 50%;transform-origin:50% 50%;z-index:10001;transition:opacity .2s,-webkit-transform .3s;transition:transform .3s,opacity .2s;transition:transform .3s,opacity .2s,-webkit-transform .3s}@media (max-width:500px){.swal-modal{width:calc(100% - 20px)}}@-webkit-keyframes showSweetAlert{0%{-webkit-transform:scale(1);transform:scale(1)}1%{-webkit-transform:scale(.5);transform:scale(.5)}45%{-webkit-transform:scale(1.05);transform:scale(1.05)}80%{-webkit-transform:scale(.95);transform:scale(.95)}to{-webkit-transform:scale(1);transform:scale(1)}}@keyframes showSweetAlert{0%{-webkit-transform:scale(1);transform:scale(1)}1%{-webkit-transform:scale(.5);transform:scale(.5)}45%{-webkit-transform:scale(1.05);transform:scale(1.05)}80%{-webkit-transform:scale(.95);transform:scale(.95)}to{-webkit-transform:scale(1);transform:scale(1)}}&lt;/style&gt;&lt;link rel="stylesheet" href="https://cdn.datatables.net/fixedheader/3.2.3/css/fixedHeader.bootstrap4.min.css"&gt;
&lt;link rel="stylesheet" href="https://cdn.datatables.net/1.12.0/css/dataTables.bootstrap4.min.css"&gt;
&lt;link rel="stylesheet" href="https://cdn.datatables.net/fixedheader/3.2.3/css/fixedHeader.bootstrap4.min.css"&gt;



&lt;!--
This is a starter template page. Use this page to start your new project from
scratch. This page gets rid of all links and provides the needed markup only.
--&gt;



    &lt;meta charset="utf-8"&gt;
    &lt;meta name="csrf-token" content="63L6iqNYJlxESfQ3p1FnxB0zzoT6jdGElDif4pJf"&gt;
    &lt;title&gt;Dashboard&lt;/title&gt;
    &lt;base href="https://csweb0367.cpkkuhost.com"&gt;
    &lt;link href="img/Newlogo.png" rel="shortcut icon" type="image/x-icon"&gt;
    &lt;!-- Font Awesome Icons --&gt;
    &lt;link rel="stylesheet" href="plugins/fontawesome-free/css/all.min.css"&gt;
    &lt;link rel="stylesheet" href="https://csweb0367.cpkkuhost.com/plugins/ijaboCropTool/ijaboCropTool.min.css"&gt;
    &lt;!-- Theme style --&gt;
    &lt;!-- Google Font: Source Sans Pro --&gt;
    &lt;link rel="stylesheet" href="https://fonts.googleapis.com/css?family=Source+Sans+Pro:300,400,400i,700&amp;amp;display=fallback"&gt;
        &lt;!-- Frag Translation --&gt;
        &lt;link rel="stylesheet" href="https://cdnjs.cloudflare.com/ajax/libs/flag-icon-css/3.1.0/css/flag-icon.min.css"&gt;
    &lt;!-- plugins:css --&gt;
    &lt;link rel="stylesheet" href="https://csweb0367.cpkkuhost.com/vendors/feather/feather.css"&gt;
    &lt;link rel="stylesheet" href="https://csweb0367.cpkkuhost.com/vendors/mdi/css/materialdesignicons.min.css"&gt;
    &lt;link rel="stylesheet" href="https://csweb0367.cpkkuhost.com/vendors/ti-icons/css/themify-icons.css"&gt;
    &lt;link rel="stylesheet" href="https://csweb0367.cpkkuhost.com/vendors/typicons/typicons.css"&gt;
    &lt;link rel="stylesheet" href="https://csweb0367.cpkkuhost.com/vendors/simple-line-icons/css/simple-line-icons.css"&gt;
    &lt;link rel="stylesheet" href="https://csweb0367.cpkkuhost.com/vendors/css/vendor.bundle.base.css"&gt;
    &lt;!-- endinject --&gt;
    &lt;!-- Plugin css for this page --&gt;
    &lt;!-- &lt;link rel="stylesheet" href="https://csweb0367.cpkkuhost.com/vendors/datatables.net-bs4/dataTables.bootstrap4.css"&gt; --&gt;
    &lt;link rel="stylesheet" href="https://csweb0367.cpkkuhost.com/js/select.dataTables.min.css"&gt;
    &lt;!-- End plugin css for this page --&gt;
    &lt;!-- inject:css --&gt;
    &lt;link rel="stylesheet" href="https://csweb0367.cpkkuhost.com/css/styleadmin.css"&gt;

    &lt;!-- endinject --&gt;
    &lt;!-- &lt;link rel="shortcut icon" href="images/favicon.png" /&gt; --&gt;
    &lt;link href="https://cdn.jsdelivr.net/npm/select2@4.1.0-rc.0/dist/css/select2.min.css" rel="stylesheet"&gt;
    &lt;!-- &lt;script src="https://cdn.jsdelivr.net/npm/select2@4.1.0-rc.0/dist/js/select2.min.js"&gt; &lt;/script&gt; --&gt;

    &lt;link rel="stylesheet" href="https://cdnjs.cloudflare.com/ajax/libs/bootstrap-select/1.13.1/css/bootstrap-select.css"&gt;
        &lt;!-- &lt;link href="https://cdn.jsdelivr.net/npm/bootstrap@5.0.2/dist/css/bootstrap.min.css" rel="stylesheet"&gt; --&gt;
        &lt;script src="//ajax.googleapis.com/ajax/libs/jquery/1.11.3/jquery.min.js"&gt;&lt;/script&gt;
&lt;/head&gt;

&lt;body style="height: auto;"&gt;
    &lt;div class=" container-scroller sidebar-dark"&gt;
        &lt;!-- navbar ข้างบน 
    --&gt;
        &lt;nav class=" navbar default-layout col-lg-12 col-12 p-0 fixed-top d-flex align-items-top flex-row"&gt;
            &lt;div class="text-center navbar-brand-wrapper d-flex align-items-center justify-content-start"&gt;
                &lt;div class="me-3"&gt;
                    &lt;button class="navbar-toggler navbar-toggler align-self-center" type="button" data-bs-toggle="minimize"&gt;
                        &lt;span class="icon-menu"&gt;&lt;/span&gt;
                    &lt;/button&gt;
                &lt;/div&gt;
            &lt;/div&gt;
            &lt;!--   --&gt;
            &lt;!-- Left navbar links --&gt;
            &lt;div class="navbar-menu-wrapper d-flex align-items-top"&gt;
                &lt;ul class="navbar-nav"&gt;
                    &lt;li class="nav-item font-weight-semibold d-none d-lg-block ms-0"&gt;
                        &lt;h1 class="welcome-text"&gt;Research Information Management System&lt;span class="text-black fw-bold"&gt;&lt;/span&gt;&lt;/h1&gt;
                        &lt;h3 class="welcome-sub-text"&gt; &lt;/h3&gt;
                    &lt;/li&gt;
                &lt;/ul&gt;
                &lt;ul class="navbar-nav ms-auto"&gt;
                    &lt;li class="nav-item d-none d-lg-block"&gt;
                        &lt;div id="datepicker-popup" class="input-group date datepicker navbar-date-picker"&gt;
                            &lt;span class="input-group-addon input-group-prepend border-right"&gt;
                                &lt;span class="icon-calendar input-group-text calendar-icon"&gt;&lt;/span&gt;
                            &lt;/span&gt;
                            &lt;input type="text" class="form-control"&gt;
                        &lt;/div&gt;
                    &lt;/li&gt;
                    &lt;li class="nav-item"&gt;
                        &lt;form class="search-form" action="#"&gt;
                            &lt;i class="icon-search"&gt;&lt;/i&gt;
                            &lt;input type="search" class="form-control" placeholder="Search Here" title="Search here"&gt;
                        &lt;/form&gt;
                    &lt;/li&gt;
                    
                    &lt;li class="nav-item dropdown"&gt;
                        &lt;a class="nav-link dropdown-toggle" href="#" id="languageDropdown" data-bs-toggle="dropdown" aria-haspopup="true" aria-expanded="false"&gt;
                            &lt;span class="flag-icon flag-icon-us"&gt;&lt;/span&gt;
                            English
                        &lt;/a&gt;
                        &lt;div class="dropdown-menu" aria-labelledby="languageDropdown"&gt;
                                                                                                                                                            &lt;a class="dropdown-item" href="https://csweb0367.cpkkuhost.com/lang/th"&gt;
                                        &lt;span class="flag-icon flag-icon-th"&gt;&lt;/span&gt;
                                        ไทย
                                    &lt;/a&gt;
                                                                                                                                &lt;a class="dropdown-item" href="https://csweb0367.cpkkuhost.com/lang/zh"&gt;
                                        &lt;span class="flag-icon flag-icon-cn"&gt;&lt;/span&gt;
                                        中文
                                    &lt;/a&gt;
                                                                                    &lt;/div&gt;
                    &lt;/li&gt;

                    &lt;!-- &lt;li class="nav-item dropdown d-none d-lg-block user-dropdown"&gt;
                        &lt;a class="nav-link" id="UserDropdown" href="#" data-bs-toggle="dropdown" aria-expanded="false"&gt;
                            &lt;img class="img-xs rounded-circle" src="https://csweb0367.cpkkuhost.com/images/imag_user/Chitsutha.jpg"
                                alt="User profile picture"&gt;
                        &lt;/a&gt;
                    &lt;/li&gt; --&gt;
                    &lt;!-- &lt;div class="dropdown-menu dropdown-menu-right navbar-dropdown" aria-labelledby="UserDropdown"&gt;
                            &lt;div class="dropdown-header text-center"&gt;
                                &lt;img class="img-md rounded-circle" src="https://csweb0367.cpkkuhost.com/images/imag_user/Chitsutha.jpg"
                                    alt="Profile image"&gt;
                                &lt;p class="mb-1 mt-3 font-weight-semibold"&gt;&lt;/p&gt;
                                &lt;p class="fw-light text-muted mb-0"&gt;&lt;/p&gt;
                            &lt;/div&gt;
                            &lt;a class="dropdown-item"&gt;&lt;i
                                    class="dropdown-item-icon mdi mdi-account-outline text-primary me-2"&gt;&lt;/i&gt; My
                                Profile &lt;span class="badge badge-pill badge-danger"&gt;1&lt;/span&gt;&lt;/a&gt;
                            &lt;a class="dropdown-item"&gt;&lt;i
                                    class="dropdown-item-icon mdi mdi-message-text-outline text-primary me-2"&gt;&lt;/i&gt;
                                Messages&lt;/a&gt;
                            &lt;a class="dropdown-item"&gt;&lt;i
                                    class="dropdown-item-icon mdi mdi-calendar-check-outline text-primary me-2"&gt;&lt;/i&gt;
                                Activity&lt;/a&gt;
                            &lt;a class="dropdown-item"&gt;&lt;i
                                    class="dropdown-item-icon mdi mdi-help-circle-outline text-primary me-2"&gt;&lt;/i&gt;
                                FAQ&lt;/a&gt;
                            &lt;a class="dropdown-item"&gt;&lt;i
                                    class="dropdown-item-icon mdi mdi-power text-primary me-2"&gt;&lt;/i&gt;Sign Out&lt;/a&gt; --&gt;
                    &lt;li class="nav-item d-none d-sm-inline-block"&gt;
                        &lt;a class="nav-link" href="https://csweb0367.cpkkuhost.com/logout" onclick="event.preventDefault(); 
                        document.getElementById ('logout-form').submit();"&gt; logout &lt;i class="mdi mdi-logout"&gt;&lt;/i&gt;&lt;/a&gt;
                        &lt;form id="logout-form" action="https://csweb0367.cpkkuhost.com/logout" method="POST" class="d-none"&gt;
                            &lt;input type="hidden" name="_token" value="63L6iqNYJlxESfQ3p1FnxB0zzoT6jdGElDif4pJf"&gt;                        &lt;/form&gt;
                    &lt;/li&gt;
            &lt;/ul&gt;&lt;/div&gt;
            
            &lt;button class="navbar-toggler navbar-toggler-right d-lg-none align-self-center" type="button" data-bs-toggle="offcanvas"&gt;
                &lt;span class="mdi mdi-menu"&gt;&lt;/span&gt;
            &lt;/button&gt;

        &lt;/nav&gt;
        &lt;!-- navbar ข้างบน --&gt;
        &lt;div class="container-fluid page-body-wrapper"&gt;
            &lt;!-- Main Sidebar Container --&gt;
            &lt;!-- &lt;div class="theme-setting-wrapper"&gt;
                &lt;div id="settings-trigger"&gt;&lt;i class="mdi mdi-home"&gt;&lt;/i&gt;&lt;/div&gt;
            &lt;/div&gt; --&gt;
            &lt;nav class="sidebar sidebar-offcanvas" id="sidebar"&gt;
                &lt;ul class="nav"&gt;
                    &lt;li class="nav-item"&gt;
                        &lt;a class="nav-link " href="https://csweb0367.cpkkuhost.com/dashboard"&gt;
                            &lt;i class="menu-icon mdi mdi-grid-large"&gt;&lt;/i&gt;
                            &lt;span class="menu-title"&gt;Dashboard&lt;/span&gt;
                        &lt;/a&gt;
                    &lt;/li&gt;
                    &lt;li class="nav-item nav-category"&gt;Profile&lt;/li&gt;
                    &lt;li class="nav-item"&gt;
                        &lt;a class="nav-link " href="https://csweb0367.cpkkuhost.com/profile"&gt;
                            &lt;i class="menu-icon mdi mdi-account-circle-outline"&gt;&lt;/i&gt;
                            &lt;span class="menu-title"&gt;User Profile&lt;/span&gt;

                        &lt;/a&gt;
                    &lt;/li&gt;
                    &lt;!-- &lt;li class="nav-item"&gt;
                        &lt;a class="nav-link "
                            href="https://csweb0367.cpkkuhost.com/settings"&gt;
                            &lt;i class="menu-icon mdi mdi mdi-settings-outline"&gt;&lt;/i&gt;
                            &lt;span class="menu-title"&gt;Settings&lt;/span&gt;

                        &lt;/a&gt;
                    &lt;/li&gt; --&gt;
                    &lt;li class="nav-item nav-category"&gt;Option&lt;/li&gt;
                                        &lt;li class="nav-item"&gt;
                        &lt;a class="nav-link" href="https://csweb0367.cpkkuhost.com/funds"&gt;
                            &lt;i class="menu-icon mdi mdi-file-document-box-outline"&gt;&lt;/i&gt;
                            &lt;span class="menu-title"&gt;Manage Fund&lt;/span&gt;

                        &lt;/a&gt;
                    &lt;/li&gt;
                                                            &lt;li class="nav-item"&gt;
                        &lt;a class="nav-link" href="https://csweb0367.cpkkuhost.com/researchProjects"&gt;
                            &lt;i class="menu-icon mdi mdi-book-outline"&gt;&lt;/i&gt;
                            &lt;span class="menu-title"&gt;Research Project&lt;/span&gt;

                        &lt;/a&gt;
                    &lt;/li&gt;
                                                            &lt;li class="nav-item"&gt;
                        &lt;a class="nav-link" href="https://csweb0367.cpkkuhost.com/researchGroups"&gt;
                            &lt;i class="menu-icon mdi mdi-view-dashboard-outline"&gt;&lt;/i&gt;
                            &lt;span class="menu-title"&gt;Research Group&lt;/span&gt;

                        &lt;/a&gt;
                    &lt;/li&gt;
                                                            &lt;li class="nav-item active"&gt;
                        &lt;a class="nav-link" data-bs-toggle="collapse" href="#ManagePublications" aria-expanded="false" aria-controls="ManagePublications"&gt;
                            &lt;i class="menu-icon mdi mdi-book-open-page-variant"&gt;&lt;/i&gt;
                            &lt;span class="menu-title"&gt;Manage Publications&lt;/span&gt;
                            &lt;i class="menu-arrow"&gt;&lt;/i&gt;
                        &lt;/a&gt;
                        &lt;div class="collapse show" id="ManagePublications"&gt;
                            &lt;ul class="nav flex-column sub-menu"&gt;
                                &lt;li class="nav-item"&gt; &lt;a class="nav-link" href="https://csweb0367.cpkkuhost.com/papers"&gt;Published Research&lt;/a&gt;&lt;/li&gt;
                                &lt;li class="nav-item"&gt; &lt;a class="nav-link active" href="/books"&gt;Book&lt;/a&gt;&lt;/li&gt;
                                &lt;li class="nav-item"&gt; &lt;a class="nav-link" href="/patents"&gt;Other academic works&lt;/a&gt;&lt;/li&gt;
                            &lt;/ul&gt;
                        &lt;/div&gt;
                    &lt;/li&gt;
                                                                                                                        
                                                                            &lt;/ul&gt;
            &lt;/nav&gt;

            &lt;!-- Content Wrapper. Contains page content --&gt;
            &lt;div class="main-panel"&gt;
                &lt;div class="content-wrapper" style="min-height: 1278px;"&gt;
                    
&lt;div class="container"&gt;
        &lt;div class="card" style="padding: 16px;"&gt;
        &lt;div class="card-body"&gt;
            &lt;h4 class="card-title"&gt;Book&lt;/h4&gt;
            &lt;a class="btn btn-primary btn-menu btn-icon-text btn-sm mb-3" href="https://csweb0367.cpkkuhost.com/books/create"&gt;&lt;i class="mdi mdi-plus btn-icon-prepend"&gt;&lt;/i&gt; Add &lt;/a&gt;
            &lt;!-- &lt;div class="table-responsive"&gt; --&gt;
            &lt;table id="example1" class="table table-striped"&gt;
                &lt;thead&gt;
                    &lt;tr&gt;
                        &lt;th&gt;No.&lt;/th&gt;
                        &lt;th&gt;Name&lt;/th&gt;
                        &lt;th&gt;Year&lt;/th&gt;
                        &lt;th&gt;Publications&lt;/th&gt;
                        &lt;th&gt;Page&lt;/th&gt;
                        &lt;th width="280px"&gt;Action&lt;/th&gt;
                    &lt;/tr&gt;
                    &lt;/thead&gt;&lt;thead&gt;
                    &lt;/thead&gt;&lt;tbody&gt;
                                                &lt;tr&gt;
                            &lt;td&gt;1&lt;/td&gt;
                            &lt;td&gt;
                                                                    Computer Network Security and Penetration Testing
                                                            &lt;/td&gt;
                            &lt;td&gt;
                                                                    2020
                                                            &lt;/td&gt;
                            &lt;td&gt;
                                                                    Teaching and Learning Innovation Center, Khon Kaen...
                                                            &lt;/td&gt;
                            &lt;td&gt;&lt;/td&gt;
                            &lt;td&gt;
                                &lt;form action="https://csweb0367.cpkkuhost.com/books/20" method="POST"&gt;
                                    &lt;li class="list-inline-item"&gt;
                                        &lt;a class="btn btn-outline-primary btn-sm" type="button" data-toggle="tooltip" data-placement="top" title="View" href="https://csweb0367.cpkkuhost.com/books/20"&gt;
                                            &lt;i class="mdi mdi-eye"&gt;&lt;/i&gt;
                                        &lt;/a&gt;
                                    &lt;/li&gt;
                                                                        &lt;li class="list-inline-item"&gt;
                                        &lt;a class="btn btn-outline-success btn-sm" type="button" data-toggle="tooltip" data-placement="top" title="Edit" href="https://csweb0367.cpkkuhost.com/books/20/edit"&gt;
                                            &lt;i class="mdi mdi-pencil"&gt;&lt;/i&gt;
                                        &lt;/a&gt;
                                    &lt;/li&gt;
                                                                                                            &lt;input type="hidden" name="_token" value="63L6iqNYJlxESfQ3p1FnxB0zzoT6jdGElDif4pJf"&gt;                                    &lt;input type="hidden" name="_method" value="DELETE"&gt;                                    &lt;li class="list-inline-item"&gt;
                                        &lt;button class="btn btn-outline-danger btn-sm show_confirm" type="submit" data-toggle="tooltip" data-placement="top" title="Delete"&gt;
                                            &lt;i class="mdi mdi-delete"&gt;&lt;/i&gt;
                                        &lt;/button&gt;
                                    &lt;/li&gt;
                                                                        &lt;!-- &lt;button type="submit" class="btn btn-danger"&gt;Delete&lt;/button&gt; --&gt;
                                &lt;/form&gt;
                            &lt;/td&gt;
                        &lt;/tr&gt;
                                                &lt;tr&gt;
                            &lt;td&gt;2&lt;/td&gt;
                            &lt;td&gt;
                                                                    Teaching materials for Software Engineering
                                                            &lt;/td&gt;
                            &lt;td&gt;
                                                                    2016
                                                            &lt;/td&gt;
                            &lt;td&gt;
                                                                    
                                                            &lt;/td&gt;
                            &lt;td&gt;&lt;/td&gt;
                            &lt;td&gt;
                                &lt;form action="https://csweb0367.cpkkuhost.com/books/21" method="POST"&gt;
                                    &lt;li class="list-inline-item"&gt;
                                        &lt;a class="btn btn-outline-primary btn-sm" type="button" data-toggle="tooltip" data-placement="top" title="View" href="https://csweb0367.cpkkuhost.com/books/21"&gt;
                                            &lt;i class="mdi mdi-eye"&gt;&lt;/i&gt;
                                        &lt;/a&gt;
                                    &lt;/li&gt;
                                                                        &lt;li class="list-inline-item"&gt;
                                        &lt;a class="btn btn-outline-success btn-sm" type="button" data-toggle="tooltip" data-placement="top" title="Edit" href="https://csweb0367.cpkkuhost.com/books/21/edit"&gt;
                                            &lt;i class="mdi mdi-pencil"&gt;&lt;/i&gt;
                                        &lt;/a&gt;
                                    &lt;/li&gt;
                                                                                                            &lt;input type="hidden" name="_token" value="63L6iqNYJlxESfQ3p1FnxB0zzoT6jdGElDif4pJf"&gt;                                    &lt;input type="hidden" name="_method" value="DELETE"&gt;                                    &lt;li class="list-inline-item"&gt;
                                        &lt;button class="btn btn-outline-danger btn-sm show_confirm" type="submit" data-toggle="tooltip" data-placement="top" title="Delete"&gt;
                                            &lt;i class="mdi mdi-delete"&gt;&lt;/i&gt;
                                        &lt;/button&gt;
                                    &lt;/li&gt;
                                                                        &lt;!-- &lt;button type="submit" class="btn btn-danger"&gt;Delete&lt;/button&gt; --&gt;
                                &lt;/form&gt;
                            &lt;/td&gt;
                        &lt;/tr&gt;
                                                &lt;tr&gt;
                            &lt;td&gt;3&lt;/td&gt;
                            &lt;td&gt;
                                                                    Computer Network Security Teaching Documents
                                                            &lt;/td&gt;
                            &lt;td&gt;
                                                                    2016
                                                            &lt;/td&gt;
                            &lt;td&gt;
                                                                    
                                                            &lt;/td&gt;
                            &lt;td&gt;&lt;/td&gt;
                            &lt;td&gt;
                                &lt;form action="https://csweb0367.cpkkuhost.com/books/22" method="POST"&gt;
                                    &lt;li class="list-inline-item"&gt;
                                        &lt;a class="btn btn-outline-primary btn-sm" type="button" data-toggle="tooltip" data-placement="top" title="View" href="https://csweb0367.cpkkuhost.com/books/22"&gt;
                                            &lt;i class="mdi mdi-eye"&gt;&lt;/i&gt;
                                        &lt;/a&gt;
                                    &lt;/li&gt;
                                                                        &lt;li class="list-inline-item"&gt;
                                        &lt;a class="btn btn-outline-success btn-sm" type="button" data-toggle="tooltip" data-placement="top" title="Edit" href="https://csweb0367.cpkkuhost.com/books/22/edit"&gt;
                                            &lt;i class="mdi mdi-pencil"&gt;&lt;/i&gt;
                                        &lt;/a&gt;
                                    &lt;/li&gt;
                                                                                                            &lt;input type="hidden" name="_token" value="63L6iqNYJlxESfQ3p1FnxB0zzoT6jdGElDif4pJf"&gt;                                    &lt;input type="hidden" name="_method" value="DELETE"&gt;                                    &lt;li class="list-inline-item"&gt;
                                        &lt;button class="btn btn-outline-danger btn-sm show_confirm" type="submit" data-toggle="tooltip" data-placement="top" title="Delete"&gt;
                                            &lt;i class="mdi mdi-delete"&gt;&lt;/i&gt;
                                        &lt;/button&gt;
                                    &lt;/li&gt;
                                                                        &lt;!-- &lt;button type="submit" class="btn btn-danger"&gt;Delete&lt;/button&gt; --&gt;
                                &lt;/form&gt;
                            &lt;/td&gt;
                        &lt;/tr&gt;
                                                &lt;tr&gt;
                            &lt;td&gt;4&lt;/td&gt;
                            &lt;td&gt;
                                                                    Docker-based computer project storage system
                                                            &lt;/td&gt;
                            &lt;td&gt;
                                                                    2562
                                                            &lt;/td&gt;
                            &lt;td&gt;
                                                                    
                                                            &lt;/td&gt;
                            &lt;td&gt;&lt;/td&gt;
                            &lt;td&gt;
                                &lt;form action="https://csweb0367.cpkkuhost.com/books/58" method="POST"&gt;
                                    &lt;li class="list-inline-item"&gt;
                                        &lt;a class="btn btn-outline-primary btn-sm" type="button" data-toggle="tooltip" data-placement="top" title="View" href="https://csweb0367.cpkkuhost.com/books/58"&gt;
                                            &lt;i class="mdi mdi-eye"&gt;&lt;/i&gt;
                                        &lt;/a&gt;
                                    &lt;/li&gt;
                                                                        &lt;li class="list-inline-item"&gt;
                                        &lt;a class="btn btn-outline-success btn-sm" type="button" data-toggle="tooltip" data-placement="top" title="Edit" href="https://csweb0367.cpkkuhost.com/books/58/edit"&gt;
                                            &lt;i class="mdi mdi-pencil"&gt;&lt;/i&gt;
                                        &lt;/a&gt;
                                    &lt;/li&gt;
                                                                                                            &lt;input type="hidden" name="_token" value="63L6iqNYJlxESfQ3p1FnxB0zzoT6jdGElDif4pJf"&gt;                                    &lt;input type="hidden" name="_method" value="DELETE"&gt;                                    &lt;li class="list-inline-item"&gt;
                                        &lt;button class="btn btn-outline-danger btn-sm show_confirm" type="submit" data-toggle="tooltip" data-placement="top" title="Delete"&gt;
                                            &lt;i class="mdi mdi-delete"&gt;&lt;/i&gt;
                                        &lt;/button&gt;
                                    &lt;/li&gt;
                                                                        &lt;!-- &lt;button type="submit" class="btn btn-danger"&gt;Delete&lt;/button&gt; --&gt;
                                &lt;/form&gt;
                            &lt;/td&gt;
                        &lt;/tr&gt;
                                                &lt;tr&gt;
                            &lt;td&gt;5&lt;/td&gt;
                            &lt;td&gt;
                                                                    Community Emergency Volunteer Application
                                                            &lt;/td&gt;
                            &lt;td&gt;
                                                                    2561
                                                            &lt;/td&gt;
                            &lt;td&gt;
                                                                    
                                                            &lt;/td&gt;
                            &lt;td&gt;&lt;/td&gt;
                            &lt;td&gt;
                                &lt;form action="https://csweb0367.cpkkuhost.com/books/59" method="POST"&gt;
                                    &lt;li class="list-inline-item"&gt;
                                        &lt;a class="btn btn-outline-primary btn-sm" type="button" data-toggle="tooltip" data-placement="top" title="View" href="https://csweb0367.cpkkuhost.com/books/59"&gt;
                                            &lt;i class="mdi mdi-eye"&gt;&lt;/i&gt;
                                        &lt;/a&gt;
                                    &lt;/li&gt;
                                                                        &lt;li class="list-inline-item"&gt;
                                        &lt;a class="btn btn-outline-success btn-sm" type="button" data-toggle="tooltip" data-placement="top" title="Edit" href="https://csweb0367.cpkkuhost.com/books/59/edit"&gt;
                                            &lt;i class="mdi mdi-pencil"&gt;&lt;/i&gt;
                                        &lt;/a&gt;
                                    &lt;/li&gt;
                                                                                                            &lt;input type="hidden" name="_token" value="63L6iqNYJlxESfQ3p1FnxB0zzoT6jdGElDif4pJf"&gt;                                    &lt;input type="hidden" name="_method" value="DELETE"&gt;                                    &lt;li class="list-inline-item"&gt;
                                        &lt;button class="btn btn-outline-danger btn-sm show_confirm" type="submit" data-toggle="tooltip" data-placement="top" title="Delete"&gt;
                                            &lt;i class="mdi mdi-delete"&gt;&lt;/i&gt;
                                        &lt;/button&gt;
                                    &lt;/li&gt;
                                                                        &lt;!-- &lt;button type="submit" class="btn btn-danger"&gt;Delete&lt;/button&gt; --&gt;
                                &lt;/form&gt;
                            &lt;/td&gt;
                        &lt;/tr&gt;
                                                &lt;tr&gt;
                            &lt;td&gt;6&lt;/td&gt;
                            &lt;td&gt;
                                                                    Thai vocabulary game application that is often mis...
                                                            &lt;/td&gt;
                            &lt;td&gt;
                                                                    2561
                                                            &lt;/td&gt;
                            &lt;td&gt;
                                                                    
                                                            &lt;/td&gt;
                            &lt;td&gt;&lt;/td&gt;
                            &lt;td&gt;
                                &lt;form action="https://csweb0367.cpkkuhost.com/books/60" method="POST"&gt;
                                    &lt;li class="list-inline-item"&gt;
                                        &lt;a class="btn btn-outline-primary btn-sm" type="button" data-toggle="tooltip" data-placement="top" title="View" href="https://csweb0367.cpkkuhost.com/books/60"&gt;
                                            &lt;i class="mdi mdi-eye"&gt;&lt;/i&gt;
                                        &lt;/a&gt;
                                    &lt;/li&gt;
                                                                        &lt;li class="list-inline-item"&gt;
                                        &lt;a class="btn btn-outline-success btn-sm" type="button" data-toggle="tooltip" data-placement="top" title="Edit" href="https://csweb0367.cpkkuhost.com/books/60/edit"&gt;
                                            &lt;i class="mdi mdi-pencil"&gt;&lt;/i&gt;
                                        &lt;/a&gt;
                                    &lt;/li&gt;
                                                                                                            &lt;input type="hidden" name="_token" value="63L6iqNYJlxESfQ3p1FnxB0zzoT6jdGElDif4pJf"&gt;                                    &lt;input type="hidden" name="_method" value="DELETE"&gt;                                    &lt;li class="list-inline-item"&gt;
                                        &lt;button class="btn btn-outline-danger btn-sm show_confirm" type="submit" data-toggle="tooltip" data-placement="top" title="Delete"&gt;
                                            &lt;i class="mdi mdi-delete"&gt;&lt;/i&gt;
                                        &lt;/button&gt;
                                    &lt;/li&gt;
                                                                        &lt;!-- &lt;button type="submit" class="btn btn-danger"&gt;Delete&lt;/button&gt; --&gt;
                                &lt;/form&gt;
                            &lt;/td&gt;
                        &lt;/tr&gt;
                                                &lt;tr&gt;
                            &lt;td&gt;7&lt;/td&gt;
                            &lt;td&gt;
                                                                    Algorithm for scheduling competitions in the Thail...
                                                            &lt;/td&gt;
                            &lt;td&gt;
                                                                    2561
                                                            &lt;/td&gt;
                            &lt;td&gt;
                                                                    
                                                            &lt;/td&gt;
                            &lt;td&gt;&lt;/td&gt;
                            &lt;td&gt;
                                &lt;form action="https://csweb0367.cpkkuhost.com/books/61" method="POST"&gt;
                                    &lt;li class="list-inline-item"&gt;
                                        &lt;a class="btn btn-outline-primary btn-sm" type="button" data-toggle="tooltip" data-placement="top" title="View" href="https://csweb0367.cpkkuhost.com/books/61"&gt;
                                            &lt;i class="mdi mdi-eye"&gt;&lt;/i&gt;
                                        &lt;/a&gt;
                                    &lt;/li&gt;
                                                                        &lt;li class="list-inline-item"&gt;
                                        &lt;a class="btn btn-outline-success btn-sm" type="button" data-toggle="tooltip" data-placement="top" title="Edit" href="https://csweb0367.cpkkuhost.com/books/61/edit"&gt;
                                            &lt;i class="mdi mdi-pencil"&gt;&lt;/i&gt;
                                        &lt;/a&gt;
                                    &lt;/li&gt;
                                                                                                            &lt;input type="hidden" name="_token" value="63L6iqNYJlxESfQ3p1FnxB0zzoT6jdGElDif4pJf"&gt;                                    &lt;input type="hidden" name="_method" value="DELETE"&gt;                                    &lt;li class="list-inline-item"&gt;
                                        &lt;button class="btn btn-outline-danger btn-sm show_confirm" type="submit" data-toggle="tooltip" data-placement="top" title="Delete"&gt;
                                            &lt;i class="mdi mdi-delete"&gt;&lt;/i&gt;
                                        &lt;/button&gt;
                                    &lt;/li&gt;
                                                                        &lt;!-- &lt;button type="submit" class="btn btn-danger"&gt;Delete&lt;/button&gt; --&gt;
                                &lt;/form&gt;
                            &lt;/td&gt;
                        &lt;/tr&gt;
                                                &lt;tr&gt;
                            &lt;td&gt;8&lt;/td&gt;
                            &lt;td&gt;
                                                                    Mission C: Zoo Rescue Game
                                                            &lt;/td&gt;
                            &lt;td&gt;
                                                                    2559
                                                            &lt;/td&gt;
                            &lt;td&gt;
                                                                    
                                                            &lt;/td&gt;
                            &lt;td&gt;&lt;/td&gt;
                            &lt;td&gt;
                                &lt;form action="https://csweb0367.cpkkuhost.com/books/70" method="POST"&gt;
                                    &lt;li class="list-inline-item"&gt;
                                        &lt;a class="btn btn-outline-primary btn-sm" type="button" data-toggle="tooltip" data-placement="top" title="View" href="https://csweb0367.cpkkuhost.com/books/70"&gt;
                                            &lt;i class="mdi mdi-eye"&gt;&lt;/i&gt;
                                        &lt;/a&gt;
                                    &lt;/li&gt;
                                                                        &lt;li class="list-inline-item"&gt;
                                        &lt;a class="btn btn-outline-success btn-sm" type="button" data-toggle="tooltip" data-placement="top" title="Edit" href="https://csweb0367.cpkkuhost.com/books/70/edit"&gt;
                                            &lt;i class="mdi mdi-pencil"&gt;&lt;/i&gt;
                                        &lt;/a&gt;
                                    &lt;/li&gt;
                                                                                                            &lt;input type="hidden" name="_token" value="63L6iqNYJlxESfQ3p1FnxB0zzoT6jdGElDif4pJf"&gt;                                    &lt;input type="hidden" name="_method" value="DELETE"&gt;                                    &lt;li class="list-inline-item"&gt;
                                        &lt;button class="btn btn-outline-danger btn-sm show_confirm" type="submit" data-toggle="tooltip" data-placement="top" title="Delete"&gt;
                                            &lt;i class="mdi mdi-delete"&gt;&lt;/i&gt;
                                        &lt;/button&gt;
                                    &lt;/li&gt;
                                                                        &lt;!-- &lt;button type="submit" class="btn btn-danger"&gt;Delete&lt;/button&gt; --&gt;
                                &lt;/form&gt;
                            &lt;/td&gt;
                        &lt;/tr&gt;
                                                &lt;tr&gt;
                            &lt;td&gt;9&lt;/td&gt;
                            &lt;td&gt;
                                                                    Bird Lovers Community: An application for bird edu...
                                                            &lt;/td&gt;
                            &lt;td&gt;
                                                                    2559
                                                            &lt;/td&gt;
                            &lt;td&gt;
                                                                    
                                                            &lt;/td&gt;
                            &lt;td&gt;&lt;/td&gt;
                            &lt;td&gt;
                                &lt;form action="https://csweb0367.cpkkuhost.com/books/71" method="POST"&gt;
                                    &lt;li class="list-inline-item"&gt;
                                        &lt;a class="btn btn-outline-primary btn-sm" type="button" data-toggle="tooltip" data-placement="top" title="View" href="https://csweb0367.cpkkuhost.com/books/71"&gt;
                                            &lt;i class="mdi mdi-eye"&gt;&lt;/i&gt;
                                        &lt;/a&gt;
                                    &lt;/li&gt;
                                                                        &lt;li class="list-inline-item"&gt;
                                        &lt;a class="btn btn-outline-success btn-sm" type="button" data-toggle="tooltip" data-placement="top" title="Edit" href="https://csweb0367.cpkkuhost.com/books/71/edit"&gt;
                                            &lt;i class="mdi mdi-pencil"&gt;&lt;/i&gt;
                                        &lt;/a&gt;
                                    &lt;/li&gt;
                                                                                                            &lt;input type="hidden" name="_token" value="63L6iqNYJlxESfQ3p1FnxB0zzoT6jdGElDif4pJf"&gt;                                    &lt;input type="hidden" name="_method" value="DELETE"&gt;                                    &lt;li class="list-inline-item"&gt;
                                        &lt;button class="btn btn-outline-danger btn-sm show_confirm" type="submit" data-toggle="tooltip" data-placement="top" title="Delete"&gt;
                                            &lt;i class="mdi mdi-delete"&gt;&lt;/i&gt;
                                        &lt;/button&gt;
                                    &lt;/li&gt;
                                                                        &lt;!-- &lt;button type="submit" class="btn btn-danger"&gt;Delete&lt;/button&gt; --&gt;
                                &lt;/form&gt;
                            &lt;/td&gt;
                        &lt;/tr&gt;
                                                &lt;tr&gt;
                            &lt;td&gt;10&lt;/td&gt;
                            &lt;td&gt;
                                                                    Scavenger Hunt
                                                            &lt;/td&gt;
                            &lt;td&gt;
                                                                    2559
                                                            &lt;/td&gt;
                            &lt;td&gt;
                                                                    
                                                            &lt;/td&gt;
                            &lt;td&gt;&lt;/td&gt;
                            &lt;td&gt;
                                &lt;form action="https://csweb0367.cpkkuhost.com/books/72" method="POST"&gt;
                                    &lt;li class="list-inline-item"&gt;
                                        &lt;a class="btn btn-outline-primary btn-sm" type="button" data-toggle="tooltip" data-placement="top" title="View" href="https://csweb0367.cpkkuhost.com/books/72"&gt;
                                            &lt;i class="mdi mdi-eye"&gt;&lt;/i&gt;
                                        &lt;/a&gt;
                                    &lt;/li&gt;
                                                                        &lt;li class="list-inline-item"&gt;
                                        &lt;a class="btn btn-outline-success btn-sm" type="button" data-toggle="tooltip" data-placement="top" title="Edit" href="https://csweb0367.cpkkuhost.com/books/72/edit"&gt;
                                            &lt;i class="mdi mdi-pencil"&gt;&lt;/i&gt;
                                        &lt;/a&gt;
                                    &lt;/li&gt;
                                                                                                            &lt;input type="hidden" name="_token" value="63L6iqNYJlxESfQ3p1FnxB0zzoT6jdGElDif4pJf"&gt;                                    &lt;input type="hidden" name="_method" value="DELETE"&gt;                                    &lt;li class="list-inline-item"&gt;
                                        &lt;button class="btn btn-outline-danger btn-sm show_confirm" type="submit" data-toggle="tooltip" data-placement="top" title="Delete"&gt;
                                            &lt;i class="mdi mdi-delete"&gt;&lt;/i&gt;
                                        &lt;/button&gt;
                                    &lt;/li&gt;
                                                                        &lt;!-- &lt;button type="submit" class="btn btn-danger"&gt;Delete&lt;/button&gt; --&gt;
                                &lt;/form&gt;
                            &lt;/td&gt;
                        &lt;/tr&gt;
                                        &lt;/tbody&gt;&lt;tbody&gt;
            &lt;/tbody&gt;&lt;/table&gt;
            &lt;!-- &lt;/div&gt; --&gt;
            &lt;br&gt;

        &lt;/div&gt;
    &lt;/div&gt;


&lt;/div&gt;
&lt;script src="https://code.jquery.com/jquery-3.3.1.js"&gt;&lt;/script&gt;
&lt;script src="http://cdn.datatables.net/1.10.18/js/jquery.dataTables.min.js" defer=""&gt;&lt;/script&gt;
&lt;script src="https://cdn.datatables.net/1.12.0/js/dataTables.bootstrap4.min.js" defer=""&gt;&lt;/script&gt;
&lt;script src="https://cdn.datatables.net/fixedheader/3.2.3/js/dataTables.fixedHeader.min.js" defer=""&gt;&lt;/script&gt;
&lt;script&gt;
    $(document).ready(function() {
        if (!$.fn.DataTable.isDataTable('#example1')) { // ตรวจสอบว่า DataTable ถูกใช้งานไปแล้วหรือยัง
            var table1 = $('#example1').DataTable({
                responsive: true,
                language: {
                    search: "Search",
                    lengthMenu: "Show _MENU_ entries",
                    info: "Showing _START_ to _END_ of _TOTAL_ entries",
                    paginate: {
                        previous: "Previous",
                        next: "Next",
                    }
                }
            });
        }
    });
&lt;/script&gt;
&lt;script type="text/javascript"&gt;
    $('.show_confirm').click(function(event) {
        var form = $(this).closest("form");
        var name = $(this).data("name");
        event.preventDefault();
        swal({
                title: "Are you sure?",
                text: "If you delete this, it will be gone forever.",
                icon: "warning",
                buttons: {
                    cancel: {
                        text: "Cancel",
                        value: null,
                        visible: true,
                        className: "",
                        closeModal: true,
                    },
                    confirm: {
                        text: "OK",
                        value: true,
                        visible: true,
                        className: "",
                        closeModal: false,
                    }
                },
                dangerMode: true,
            })
            .then((willDelete) =&gt; {
                if (willDelete) {
                    swal("Delete Successfully", {
                        icon: "success",
                    }).then(function() {
                        location.reload();
                        form.submit();
                    });
                }
            });
    });
&lt;/script&gt;
                &lt;/div&gt;
                &lt;footer class="footer"&gt;
                    &lt;div class="d-sm-flex justify-content-center justify-content-sm-between"&gt;
                    &lt;/div&gt;
                &lt;/footer&gt;
            &lt;/div&gt;

        &lt;/div&gt;
    &lt;/div&gt;
    &lt;!-- plugins:js --&gt;
    &lt;script src="https://csweb0367.cpkkuhost.com/vendors/js/vendor.bundle.base.js"&gt;&lt;/script&gt;
    &lt;!-- endinject --&gt;
    &lt;!-- Plugin js for this page --&gt;
    &lt;script src="https://csweb0367.cpkkuhost.com/vendors/chart.js/Chart.min.js"&gt;&lt;/script&gt;
    &lt;script src="https://csweb0367.cpkkuhost.com/vendors/bootstrap-datepicker/bootstrap-datepicker.min.js"&gt;&lt;/script&gt;
    &lt;script src="https://csweb0367.cpkkuhost.com/vendors/progressbar.js/progressbar.min.js"&gt;&lt;/script&gt;

    &lt;!-- End plugin js for this page --&gt;
    &lt;!-- inject:js --&gt;
    &lt;script src="https://csweb0367.cpkkuhost.com/js/off-canvas.js"&gt;&lt;/script&gt;
    &lt;script src="https://csweb0367.cpkkuhost.com/js/hoverable-collapse.js"&gt;&lt;/script&gt;
    &lt;script src="https://csweb0367.cpkkuhost.com/js/template.js"&gt;&lt;/script&gt;
    &lt;script src="https://csweb0367.cpkkuhost.com/js/settings.js"&gt;&lt;/script&gt;
    &lt;script src="https://csweb0367.cpkkuhost.com/js/todolist.js"&gt;&lt;/script&gt;
    &lt;!-- endinject --&gt;
    &lt;!-- Custom js for this page--&gt;
    &lt;script src="https://csweb0367.cpkkuhost.com/js/dashboard.js"&gt;&lt;/script&gt;
    &lt;script src="https://csweb0367.cpkkuhost.com/js/Chart.roundedBarCharts.js"&gt;&lt;/script&gt;
    &lt;!-- End custom js for this page--&gt;

    &lt;!-- Bootstrap 4 --&gt;
    &lt;script src="plugins/bootstrap/js/bootstrap.bundle.min.js"&gt;&lt;/script&gt;
    &lt;script src="https://csweb0367.cpkkuhost.com/plugins/ijaboCropTool/ijaboCropTool.min.js"&gt;&lt;/script&gt;
    &lt;!-- AdminLTE App --&gt;
    &lt;script src="dist/js/adminlte.min.js"&gt;&lt;/script&gt;

    &lt;script src="https://stackpath.bootstrapcdn.com/bootstrap/4.1.1/js/bootstrap.bundle.min.js"&gt;&lt;/script&gt;
    &lt;script src="https://cdnjs.cloudflare.com/ajax/libs/bootstrap-select/1.13.1/js/bootstrap-select.min.js"&gt;&lt;/script&gt;

    &lt;!-- Select2 JS --&gt;
    &lt;script src="https://cdn.jsdelivr.net/npm/select2@4.1.0-beta.1/dist/js/select2.min.js"&gt;&lt;/script&gt;
    &lt;script src="https://cdnjs.cloudflare.com/ajax/libs/sweetalert/2.1.0/sweetalert.min.js"&gt;&lt;/script&gt;

    




&lt;/body&gt;&lt;/html&gt;</msg>
<arg>HTML Source: ${html_source}</arg>
<doc>Logs the given message with the given level.</doc>
<status status="PASS" start="2025-03-12T23:30:42.102139" elapsed="0.001745"/>
</kw>
<for flavor="IN">
<iter>
<kw name="Should Contain" owner="BuiltIn">
<arg>${html_source}</arg>
<arg>${text}</arg>
<doc>Fails if ``container`` does not contain ``item`` one or more times.</doc>
<status status="PASS" start="2025-03-12T23:30:42.104283" elapsed="0.000176"/>
</kw>
<var name="${text}">Book</var>
<status status="PASS" start="2025-03-12T23:30:42.104177" elapsed="0.000339"/>
</iter>
<iter>
<kw name="Should Contain" owner="BuiltIn">
<arg>${html_source}</arg>
<arg>${text}</arg>
<doc>Fails if ``container`` does not contain ``item`` one or more times.</doc>
<status status="PASS" start="2025-03-12T23:30:42.104695" elapsed="0.000167"/>
</kw>
<var name="${text}">No.</var>
<status status="PASS" start="2025-03-12T23:30:42.104610" elapsed="0.000297"/>
</iter>
<iter>
<kw name="Should Contain" owner="BuiltIn">
<arg>${html_source}</arg>
<arg>${text}</arg>
<doc>Fails if ``container`` does not contain ``item`` one or more times.</doc>
<status status="PASS" start="2025-03-12T23:30:42.105079" elapsed="0.000564"/>
</kw>
<var name="${text}">Name</var>
<status status="PASS" start="2025-03-12T23:30:42.105000" elapsed="0.000712"/>
</iter>
<iter>
<kw name="Should Contain" owner="BuiltIn">
<arg>${html_source}</arg>
<arg>${text}</arg>
<doc>Fails if ``container`` does not contain ``item`` one or more times.</doc>
<status status="PASS" start="2025-03-12T23:30:42.105894" elapsed="0.000171"/>
</kw>
<var name="${text}">Year</var>
<status status="PASS" start="2025-03-12T23:30:42.105810" elapsed="0.000301"/>
</iter>
<iter>
<kw name="Should Contain" owner="BuiltIn">
<arg>${html_source}</arg>
<arg>${text}</arg>
<doc>Fails if ``container`` does not contain ``item`` one or more times.</doc>
<status status="PASS" start="2025-03-12T23:30:42.106273" elapsed="0.000174"/>
</kw>
<var name="${text}">Publications</var>
<status status="PASS" start="2025-03-12T23:30:42.106191" elapsed="0.000344"/>
</iter>
<iter>
<kw name="Should Contain" owner="BuiltIn">
<arg>${html_source}</arg>
<arg>${text}</arg>
<doc>Fails if ``container`` does not contain ``item`` one or more times.</doc>
<status status="PASS" start="2025-03-12T23:30:42.106796" elapsed="0.000186"/>
</kw>
<var name="${text}">Page</var>
<status status="PASS" start="2025-03-12T23:30:42.106694" elapsed="0.000351"/>
</iter>
<iter>
<kw name="Should Contain" owner="BuiltIn">
<arg>${html_source}</arg>
<arg>${text}</arg>
<doc>Fails if ``container`` does not contain ``item`` one or more times.</doc>
<status status="PASS" start="2025-03-12T23:30:42.107336" elapsed="0.000182"/>
</kw>
<var name="${text}">Action</var>
<status status="PASS" start="2025-03-12T23:30:42.107220" elapsed="0.000347"/>
</iter>
<var>${text}</var>
<value>@{expected_texts}</value>
<status status="PASS" start="2025-03-12T23:30:42.103986" elapsed="0.003623"/>
</for>
<arg>@{EXPECTED_BOOK_EN}</arg>
<status status="PASS" start="2025-03-12T23:30:42.095486" elapsed="0.012208"/>
</kw>
<kw name="Sleep" owner="BuiltIn">
<msg time="2025-03-12T23:30:44.108929" level="INFO">Slept 2 seconds.</msg>
<arg>2s</arg>
<doc>Pauses the test executed for the given time.</doc>
<status status="PASS" start="2025-03-12T23:30:42.107986" elapsed="2.001032"/>
</kw>
<kw name="Logout">
<kw name="Click Element" owner="SeleniumLibrary">
<msg time="2025-03-12T23:30:44.110250" level="INFO">Clicking element 'xpath=//a[contains(text(), 'logout') or contains(text(), 'ออกจากระบบ') or contains(text(), '注销')]'.</msg>
<arg>${LOGOUT_BUTTON}</arg>
<doc>Click the element identified by ``locator``.</doc>
<status status="PASS" start="2025-03-12T23:30:44.109982" elapsed="0.769859"/>
</kw>
<kw name="Wait Until Element Is Visible" owner="SeleniumLibrary">
<arg>${LOGIN_PAGE_HEADER}</arg>
<arg>timeout=10s</arg>
<doc>Waits until the element ``locator`` is visible.</doc>
<status status="PASS" start="2025-03-12T23:30:44.880150" elapsed="0.026625"/>
</kw>
<status status="PASS" start="2025-03-12T23:30:44.109713" elapsed="0.797165"/>
</kw>
<kw name="Close Browser" owner="SeleniumLibrary" type="TEARDOWN">
<doc>Closes the current browser.</doc>
<status status="PASS" start="2025-03-12T23:30:44.907172" elapsed="2.211560"/>
</kw>
<status status="PASS" start="2025-03-12T23:30:23.575682" elapsed="23.543408"/>
</test>
<test id="s1-t2" name="Test Manage Publications other" line="436">
<kw name="Open Browser To Login Page">
<kw name="Open Browser" owner="SeleniumLibrary">
<msg time="2025-03-12T23:30:47.121317" level="INFO">Opening browser 'chrome' to base url 'https://csweb0367.cpkkuhost.com/login'.</msg>
<arg>${LOGIN_URL}</arg>
<arg>${BROWSER}</arg>
<doc>Opens a new browser instance to the optional ``url``.</doc>
<status status="PASS" start="2025-03-12T23:30:47.121145" elapsed="3.973788"/>
</kw>
<kw name="Maximize Browser Window" owner="SeleniumLibrary">
<doc>Maximizes current browser window.</doc>
<status status="PASS" start="2025-03-12T23:30:51.095259" elapsed="0.043506"/>
</kw>
<kw name="Wait Until Element Is Visible" owner="SeleniumLibrary">
<arg>${LOGIN_PAGE_HEADER}</arg>
<arg>timeout=10s</arg>
<doc>Waits until the element ``locator`` is visible.</doc>
<status status="PASS" start="2025-03-12T23:30:51.138996" elapsed="0.026491"/>
</kw>
<status status="PASS" start="2025-03-12T23:30:47.120866" elapsed="4.044785"/>
</kw>
<kw name="Login As Teacher">
<kw name="Input Text" owner="SeleniumLibrary">
<msg time="2025-03-12T23:30:51.166855" level="INFO">Typing text 'chitsutha@kku.ac.th' into text field 'xpath=//input[@id='username']'.</msg>
<arg>${USERNAME_FIELD}</arg>
<arg>${username}</arg>
<doc>Types the given ``text`` into the text field identified by ``locator``.</doc>
<status status="PASS" start="2025-03-12T23:30:51.166567" elapsed="0.088773"/>
</kw>
<kw name="Input Text" owner="SeleniumLibrary">
<msg time="2025-03-12T23:30:51.255757" level="INFO">Typing text '123456789' into text field 'xpath=//input[@id='password']'.</msg>
<arg>${PASSWORD_FIELD}</arg>
<arg>${password}</arg>
<doc>Types the given ``text`` into the text field identified by ``locator``.</doc>
<status status="PASS" start="2025-03-12T23:30:51.255498" elapsed="0.080105"/>
</kw>
<kw name="Sleep" owner="BuiltIn">
<msg time="2025-03-12T23:30:52.336430" level="INFO">Slept 1 second.</msg>
<arg>1s</arg>
<doc>Pauses the test executed for the given time.</doc>
<status status="PASS" start="2025-03-12T23:30:51.335795" elapsed="1.000733"/>
</kw>
<kw name="Click Element" owner="SeleniumLibrary">
<msg time="2025-03-12T23:30:52.336897" level="INFO">Clicking element 'xpath=//button[normalize-space(.)='Log In' or normalize-space(.)='LOGIN' or normalize-space(.)='เข้าสู่ระบบ' or normalize-space(.)='登录']'.</msg>
<arg>${LOGIN_BUTTON}</arg>
<doc>Click the element identified by ``locator``.</doc>
<status status="PASS" start="2025-03-12T23:30:52.336677" elapsed="4.326512"/>
</kw>
<kw name="Wait Until Element Is Visible" owner="SeleniumLibrary">
<arg>${DASHBOARD_HEADER}</arg>
<arg>timeout=10s</arg>
<doc>Waits until the element ``locator`` is visible.</doc>
<status status="PASS" start="2025-03-12T23:30:56.663334" elapsed="0.017240"/>
</kw>
<arg>chitsutha@kku.ac.th</arg>
<arg>123456789</arg>
<status status="PASS" start="2025-03-12T23:30:51.166107" elapsed="5.514572"/>
</kw>
<kw name="Change Language">
<kw name="Click Element" owner="SeleniumLibrary">
<msg time="2025-03-12T23:30:56.681315" level="INFO">Clicking element 'xpath=//a[contains(normalize-space(.), 'English')]'.</msg>
<arg>${language_button}</arg>
<doc>Click the element identified by ``locator``.</doc>
<status status="PASS" start="2025-03-12T23:30:56.681169" elapsed="0.058890"/>
</kw>
<kw name="Sleep" owner="BuiltIn">
<msg time="2025-03-12T23:30:59.740632" level="INFO">Slept 3 seconds.</msg>
<arg>3s</arg>
<doc>Pauses the test executed for the given time.</doc>
<status status="PASS" start="2025-03-12T23:30:56.740198" elapsed="3.000541"/>
</kw>
<arg>${LANG_TO_ENGLISH}</arg>
<status status="PASS" start="2025-03-12T23:30:56.680914" elapsed="3.059958"/>
</kw>
<kw name="Click Element" owner="SeleniumLibrary">
<msg time="2025-03-12T23:30:59.741384" level="INFO">Clicking element 'xpath=//a[contains(@class,'nav-link') and .//span[contains(@class,'menu-title') and (contains(text(),'Manage Publications') or contains(text(),'จัดการผลงานวิจัย') or contains(text(),'管理研究成果'))]]'.</msg>
<arg>${MAPU_TAB}</arg>
<doc>Click the element identified by ``locator``.</doc>
<status status="PASS" start="2025-03-12T23:30:59.741150" elapsed="0.079973"/>
</kw>
<kw name="Sleep" owner="BuiltIn">
<msg time="2025-03-12T23:31:01.824800" level="INFO">Slept 2 seconds.</msg>
<arg>2s</arg>
<doc>Pauses the test executed for the given time.</doc>
<status status="PASS" start="2025-03-12T23:30:59.823895" elapsed="2.000991"/>
</kw>
<kw name="Click Element" owner="SeleniumLibrary">
<msg time="2025-03-12T23:31:01.825428" level="INFO">Clicking element 'xpath=//a[normalize-space(text())='Other academic works']'.</msg>
<arg>${OTHER_TAB}</arg>
<doc>Click the element identified by ``locator``.</doc>
<status status="PASS" start="2025-03-12T23:31:01.825211" elapsed="1.483834"/>
</kw>
<kw name="Sleep" owner="BuiltIn">
<msg time="2025-03-12T23:31:05.309934" level="INFO">Slept 2 seconds.</msg>
<arg>2s</arg>
<doc>Pauses the test executed for the given time.</doc>
<status status="PASS" start="2025-03-12T23:31:03.309496" elapsed="2.000601"/>
</kw>
<kw name="Verify Page Contains Multiple Texts">
<kw name="Get Source" owner="SeleniumLibrary">
<msg time="2025-03-12T23:31:05.316782" level="INFO">${html_source} = &lt;html lang="en" style="height: auto;"&gt;&lt;head&gt;&lt;style type="text/css"&gt;.swal-icon--error{border-color:#f27474;-webkit-animation:animateErrorIcon .5s;animation:animateErrorIcon .5s}.swal-icon--error__x-mar...</msg>
<var>${html_source}</var>
<doc>Returns the entire HTML source of the current page or frame.</doc>
<status status="PASS" start="2025-03-12T23:31:05.310887" elapsed="0.005940"/>
</kw>
<kw name="Log" owner="BuiltIn">
<msg time="2025-03-12T23:31:05.317479" level="INFO">HTML Source: &lt;html lang="en" style="height: auto;"&gt;&lt;head&gt;&lt;style type="text/css"&gt;.swal-icon--error{border-color:#f27474;-webkit-animation:animateErrorIcon .5s;animation:animateErrorIcon .5s}.swal-icon--error__x-mark{position:relative;display:block;-webkit-animation:animateXMark .5s;animation:animateXMark .5s}.swal-icon--error__line{position:absolute;height:5px;width:47px;background-color:#f27474;display:block;top:37px;border-radius:2px}.swal-icon--error__line--left{-webkit-transform:rotate(45deg);transform:rotate(45deg);left:17px}.swal-icon--error__line--right{-webkit-transform:rotate(-45deg);transform:rotate(-45deg);right:16px}@-webkit-keyframes animateErrorIcon{0%{-webkit-transform:rotateX(100deg);transform:rotateX(100deg);opacity:0}to{-webkit-transform:rotateX(0deg);transform:rotateX(0deg);opacity:1}}@keyframes animateErrorIcon{0%{-webkit-transform:rotateX(100deg);transform:rotateX(100deg);opacity:0}to{-webkit-transform:rotateX(0deg);transform:rotateX(0deg);opacity:1}}@-webkit-keyframes animateXMark{0%{-webkit-transform:scale(.4);transform:scale(.4);margin-top:26px;opacity:0}50%{-webkit-transform:scale(.4);transform:scale(.4);margin-top:26px;opacity:0}80%{-webkit-transform:scale(1.15);transform:scale(1.15);margin-top:-6px}to{-webkit-transform:scale(1);transform:scale(1);margin-top:0;opacity:1}}@keyframes animateXMark{0%{-webkit-transform:scale(.4);transform:scale(.4);margin-top:26px;opacity:0}50%{-webkit-transform:scale(.4);transform:scale(.4);margin-top:26px;opacity:0}80%{-webkit-transform:scale(1.15);transform:scale(1.15);margin-top:-6px}to{-webkit-transform:scale(1);transform:scale(1);margin-top:0;opacity:1}}.swal-icon--warning{border-color:#f8bb86;-webkit-animation:pulseWarning .75s infinite alternate;animation:pulseWarning .75s infinite alternate}.swal-icon--warning__body{width:5px;height:47px;top:10px;border-radius:2px;margin-left:-2px}.swal-icon--warning__body,.swal-icon--warning__dot{position:absolute;left:50%;background-color:#f8bb86}.swal-icon--warning__dot{width:7px;height:7px;border-radius:50%;margin-left:-4px;bottom:-11px}@-webkit-keyframes pulseWarning{0%{border-color:#f8d486}to{border-color:#f8bb86}}@keyframes pulseWarning{0%{border-color:#f8d486}to{border-color:#f8bb86}}.swal-icon--success{border-color:#a5dc86}.swal-icon--success:after,.swal-icon--success:before{content:"";border-radius:50%;position:absolute;width:60px;height:120px;background:#fff;-webkit-transform:rotate(45deg);transform:rotate(45deg)}.swal-icon--success:before{border-radius:120px 0 0 120px;top:-7px;left:-33px;-webkit-transform:rotate(-45deg);transform:rotate(-45deg);-webkit-transform-origin:60px 60px;transform-origin:60px 60px}.swal-icon--success:after{border-radius:0 120px 120px 0;top:-11px;left:30px;-webkit-transform:rotate(-45deg);transform:rotate(-45deg);-webkit-transform-origin:0 60px;transform-origin:0 60px;-webkit-animation:rotatePlaceholder 4.25s ease-in;animation:rota
[...]
                                                                    &lt;/td&gt;

                                &lt;td&gt;
                                                                            copyright
                                                                    &lt;/td&gt;
                                &lt;td&gt;
                                    2559
                                &lt;/td&gt;
                                &lt;td&gt;349042&lt;/td&gt;
                                &lt;td&gt;                                                                            Chitsutha Soomlek
                                                                                                            
                                &lt;/td&gt;
                                &lt;td&gt;
                                    &lt;form action="https://csweb0367.cpkkuhost.com/patents/71" method="POST"&gt;

                                        &lt;!-- แก้ไขตรงนี้ &lt;a class="btn btn-info" href="https://csweb0367.cpkkuhost.com/patents/71"&gt;Show&lt;/a&gt; --&gt;
                                        &lt;li class="list-inline-item"&gt;
                                            &lt;a class="btn btn-outline-primary btn-sm" type="button" data-toggle="tooltip" data-placement="top" title="View" href="https://csweb0367.cpkkuhost.com/patents/71"&gt;&lt;i class="mdi mdi-eye"&gt;&lt;/i&gt;&lt;/a&gt;
                                        &lt;/li&gt;
                                        &lt;!-- &lt;a class="btn btn-primary" href="https://csweb0367.cpkkuhost.com/patents/71/edit"&gt;Edit&lt;/a&gt; --&gt;
                                                                                &lt;li class="list-inline-item"&gt;
                                            &lt;a class="btn btn-outline-success btn-sm" type="button" data-toggle="tooltip" data-placement="top" title="Edit" href="https://csweb0367.cpkkuhost.com/patents/71/edit"&gt;&lt;i class="mdi mdi-pencil"&gt;&lt;/i&gt;&lt;/a&gt;
                                        &lt;/li&gt;
                                                                                                                        &lt;input type="hidden" name="_token" value="UiKST3G573TLxjKQwhckhqZtNWP432uTjxO3cSOb"&gt;                                        &lt;input type="hidden" name="_method" value="DELETE"&gt;                                        &lt;li class="list-inline-item"&gt;
                                            &lt;button class="btn btn-outline-danger btn-sm show_confirm" type="submit" data-toggle="tooltip" data-placement="top" title="Delete"&gt;&lt;i class="mdi mdi-delete"&gt;&lt;/i&gt;&lt;/button&gt;
                                        &lt;/li&gt;
                                                                                &lt;!-- จนถึงตรงนี้&lt;button type="submit" class="btn btn-danger"&gt;Delete&lt;/button&gt; --&gt;
                                    &lt;/form&gt;
                                &lt;/td&gt;
                            &lt;/tr&gt;
                                                        &lt;tr&gt;
                                &lt;td&gt;7&lt;/td&gt;
                                &lt;td&gt;
                                                                            Scavenger Hunt
                                                                    &lt;/td&gt;

                                &lt;td&gt;
                                                                            copyright
                                                                    &lt;/td&gt;
                                &lt;td&gt;
                                    2559
                                &lt;/td&gt;
                                &lt;td&gt;349045&lt;/td&gt;
                                &lt;td&gt;                                                                            Chitsutha Soomlek
                                                                                                            
                                &lt;/td&gt;
                                &lt;td&gt;
                                    &lt;form action="https://csweb0367.cpkkuhost.com/patents/72" method="POST"&gt;

                                        &lt;!-- แก้ไขตรงนี้ &lt;a class="btn btn-info" href="https://csweb0367.cpkkuhost.com/patents/72"&gt;Show&lt;/a&gt; --&gt;
                                        &lt;li class="list-inline-item"&gt;
                                            &lt;a class="btn btn-outline-primary btn-sm" type="button" data-toggle="tooltip" data-placement="top" title="View" href="https://csweb0367.cpkkuhost.com/patents/72"&gt;&lt;i class="mdi mdi-eye"&gt;&lt;/i&gt;&lt;/a&gt;
                                        &lt;/li&gt;
                                        &lt;!-- &lt;a class="btn btn-primary" href="https://csweb0367.cpkkuhost.com/patents/72/edit"&gt;Edit&lt;/a&gt; --&gt;
                                                                                &lt;li class="list-inline-item"&gt;
                                            &lt;a class="btn btn-outline-success btn-sm" type="button" data-toggle="tooltip" data-placement="top" title="Edit" href="https://csweb0367.cpkkuhost.com/patents/72/edit"&gt;&lt;i class="mdi mdi-pencil"&gt;&lt;/i&gt;&lt;/a&gt;
                                        &lt;/li&gt;
                                                                                                                        &lt;input type="hidden" name="_token" value="UiKST3G573TLxjKQwhckhqZtNWP432uTjxO3cSOb"&gt;                                        &lt;input type="hidden" name="_method" value="DELETE"&gt;                                        &lt;li class="list-inline-item"&gt;
                                            &lt;button class="btn btn-outline-danger btn-sm show_confirm" type="submit" data-toggle="tooltip" data-placement="top" title="Delete"&gt;&lt;i class="mdi mdi-delete"&gt;&lt;/i&gt;&lt;/button&gt;
                                        &lt;/li&gt;
                                                                                &lt;!-- จนถึงตรงนี้&lt;button type="submit" class="btn btn-danger"&gt;Delete&lt;/button&gt; --&gt;
                                    &lt;/form&gt;
                                &lt;/td&gt;
                            &lt;/tr&gt;
                                                        &lt;tr&gt;
                                &lt;td&gt;8&lt;/td&gt;
                                &lt;td&gt;
                                                                            Advance in the Fairytale World
                                                                    &lt;/td&gt;

                                &lt;td&gt;
                                                                            copyright
                                                                    &lt;/td&gt;
                                &lt;td&gt;
                                    2559
                                &lt;/td&gt;
                                &lt;td&gt;349046&lt;/td&gt;
                                &lt;td&gt;                                                                            Chitsutha Soomlek
                                                                                                            
                                &lt;/td&gt;
                                &lt;td&gt;
                                    &lt;form action="https://csweb0367.cpkkuhost.com/patents/73" method="POST"&gt;

                                        &lt;!-- แก้ไขตรงนี้ &lt;a class="btn btn-info" href="https://csweb0367.cpkkuhost.com/patents/73"&gt;Show&lt;/a&gt; --&gt;
                                        &lt;li class="list-inline-item"&gt;
                                            &lt;a class="btn btn-outline-primary btn-sm" type="button" data-toggle="tooltip" data-placement="top" title="View" href="https://csweb0367.cpkkuhost.com/patents/73"&gt;&lt;i class="mdi mdi-eye"&gt;&lt;/i&gt;&lt;/a&gt;
                                        &lt;/li&gt;
                                        &lt;!-- &lt;a class="btn btn-primary" href="https://csweb0367.cpkkuhost.com/patents/73/edit"&gt;Edit&lt;/a&gt; --&gt;
                                                                                &lt;li class="list-inline-item"&gt;
                                            &lt;a class="btn btn-outline-success btn-sm" type="button" data-toggle="tooltip" data-placement="top" title="Edit" href="https://csweb0367.cpkkuhost.com/patents/73/edit"&gt;&lt;i class="mdi mdi-pencil"&gt;&lt;/i&gt;&lt;/a&gt;
                                        &lt;/li&gt;
                                                                                                                        &lt;input type="hidden" name="_token" value="UiKST3G573TLxjKQwhckhqZtNWP432uTjxO3cSOb"&gt;                                        &lt;input type="hidden" name="_method" value="DELETE"&gt;                                        &lt;li class="list-inline-item"&gt;
                                            &lt;button class="btn btn-outline-danger btn-sm show_confirm" type="submit" data-toggle="tooltip" data-placement="top" title="Delete"&gt;&lt;i class="mdi mdi-delete"&gt;&lt;/i&gt;&lt;/button&gt;
                                        &lt;/li&gt;
                                                                                &lt;!-- จนถึงตรงนี้&lt;button type="submit" class="btn btn-danger"&gt;Delete&lt;/button&gt; --&gt;
                                    &lt;/form&gt;
                                &lt;/td&gt;
                            &lt;/tr&gt;
                                                &lt;/tbody&gt;&lt;tbody&gt;
                &lt;/tbody&gt;&lt;/table&gt;
            &lt;!-- &lt;/div&gt; --&gt;
        &lt;/div&gt;
    &lt;/div&gt;

&lt;/div&gt;
&lt;script src="https://code.jquery.com/jquery-3.3.1.js"&gt;&lt;/script&gt;
&lt;script src="http://cdn.datatables.net/1.10.18/js/jquery.dataTables.min.js" defer=""&gt;&lt;/script&gt;
&lt;script src="https://cdn.datatables.net/1.12.0/js/dataTables.bootstrap4.min.js" defer=""&gt;&lt;/script&gt;
&lt;script src="https://cdn.datatables.net/fixedheader/3.2.3/js/dataTables.fixedHeader.min.js" defer=""&gt;&lt;/script&gt;
&lt;script&gt;
    $(document).ready(function() {
        if (!$.fn.DataTable.isDataTable('#example1')) { 
            var table1 = $('#example1').DataTable({
                responsive: true,
                language: {
                    search: "Search",
                    lengthMenu: "Show _MENU_ entries",
                    info: "Showing _START_ to _END_ of _TOTAL_ entries",
                    paginate: {
                        previous: "Previous",
                        next: "Next",
                    }
                }
            });
        }
    });
&lt;/script&gt;
&lt;script type="text/javascript"&gt;
    $('.show_confirm').click(function(event) {
        var form = $(this).closest("form");
        event.preventDefault();

        swal({
                title: "Are you sure?",
                text: "Once deleted, you will not be able to recover this!",
                icon: "warning",
                buttons: {
                    cancel: {
                        text: "Cancel",
                        value: null,
                        visible: true,
                        className: "",
                        closeModal: true,
                    },
                    confirm: {
                        text: "OK",
                        value: true,
                        visible: true,
                        className: "btn-danger",
                        closeModal: true
                    }
                },
                dangerMode: true,
            })
            .then((willDelete) =&gt; {
                if (willDelete) {
                    swal("Deleted successfully!", {
                        icon: "success",
                    }).then(function() {
                        location.reload();
                        form.submit();
                    });
                }
            });
    });
&lt;/script&gt;
                &lt;/div&gt;
                &lt;footer class="footer"&gt;
                    &lt;div class="d-sm-flex justify-content-center justify-content-sm-between"&gt;
                    &lt;/div&gt;
                &lt;/footer&gt;
            &lt;/div&gt;

        &lt;/div&gt;
    &lt;/div&gt;
    &lt;!-- plugins:js --&gt;
    &lt;script src="https://csweb0367.cpkkuhost.com/vendors/js/vendor.bundle.base.js"&gt;&lt;/script&gt;
    &lt;!-- endinject --&gt;
    &lt;!-- Plugin js for this page --&gt;
    &lt;script src="https://csweb0367.cpkkuhost.com/vendors/chart.js/Chart.min.js"&gt;&lt;/script&gt;
    &lt;script src="https://csweb0367.cpkkuhost.com/vendors/bootstrap-datepicker/bootstrap-datepicker.min.js"&gt;&lt;/script&gt;
    &lt;script src="https://csweb0367.cpkkuhost.com/vendors/progressbar.js/progressbar.min.js"&gt;&lt;/script&gt;

    &lt;!-- End plugin js for this page --&gt;
    &lt;!-- inject:js --&gt;
    &lt;script src="https://csweb0367.cpkkuhost.com/js/off-canvas.js"&gt;&lt;/script&gt;
    &lt;script src="https://csweb0367.cpkkuhost.com/js/hoverable-collapse.js"&gt;&lt;/script&gt;
    &lt;script src="https://csweb0367.cpkkuhost.com/js/template.js"&gt;&lt;/script&gt;
    &lt;script src="https://csweb0367.cpkkuhost.com/js/settings.js"&gt;&lt;/script&gt;
    &lt;script src="https://csweb0367.cpkkuhost.com/js/todolist.js"&gt;&lt;/script&gt;
    &lt;!-- endinject --&gt;
    &lt;!-- Custom js for this page--&gt;
    &lt;script src="https://csweb0367.cpkkuhost.com/js/dashboard.js"&gt;&lt;/script&gt;
    &lt;script src="https://csweb0367.cpkkuhost.com/js/Chart.roundedBarCharts.js"&gt;&lt;/script&gt;
    &lt;!-- End custom js for this page--&gt;

    &lt;!-- Bootstrap 4 --&gt;
    &lt;script src="plugins/bootstrap/js/bootstrap.bundle.min.js"&gt;&lt;/script&gt;
    &lt;script src="https://csweb0367.cpkkuhost.com/plugins/ijaboCropTool/ijaboCropTool.min.js"&gt;&lt;/script&gt;
    &lt;!-- AdminLTE App --&gt;
    &lt;script src="dist/js/adminlte.min.js"&gt;&lt;/script&gt;

    &lt;script src="https://stackpath.bootstrapcdn.com/bootstrap/4.1.1/js/bootstrap.bundle.min.js"&gt;&lt;/script&gt;
    &lt;script src="https://cdnjs.cloudflare.com/ajax/libs/bootstrap-select/1.13.1/js/bootstrap-select.min.js"&gt;&lt;/script&gt;

    &lt;!-- Select2 JS --&gt;
    &lt;script src="https://cdn.jsdelivr.net/npm/select2@4.1.0-beta.1/dist/js/select2.min.js"&gt;&lt;/script&gt;
    &lt;script src="https://cdnjs.cloudflare.com/ajax/libs/sweetalert/2.1.0/sweetalert.min.js"&gt;&lt;/script&gt;

    




&lt;/body&gt;&lt;/html&gt;</msg>
<arg>HTML Source: ${html_source}</arg>
<doc>Logs the given message with the given level.</doc>
<status status="PASS" start="2025-03-12T23:31:05.316974" elapsed="0.001354"/>
</kw>
<for flavor="IN">
<iter>
<kw name="Should Contain" owner="BuiltIn">
<arg>${html_source}</arg>
<arg>${text}</arg>
<doc>Fails if ``container`` does not contain ``item`` one or more times.</doc>
<status status="PASS" start="2025-03-12T23:31:05.318645" elapsed="0.000149"/>
</kw>
<var name="${text}">Other academic works (patents, petty patents, copyrights)</var>
<status status="PASS" start="2025-03-12T23:31:05.318560" elapsed="0.000292"/>
</iter>
<iter>
<kw name="Should Contain" owner="BuiltIn">
<arg>${html_source}</arg>
<arg>${text}</arg>
<doc>Fails if ``container`` does not contain ``item`` one or more times.</doc>
<status status="PASS" start="2025-03-12T23:31:05.319002" elapsed="0.000151"/>
</kw>
<var name="${text}">No.</var>
<status status="PASS" start="2025-03-12T23:31:05.318935" elapsed="0.000261"/>
</iter>
<iter>
<kw name="Should Contain" owner="BuiltIn">
<arg>${html_source}</arg>
<arg>${text}</arg>
<doc>Fails if ``container`` does not contain ``item`` one or more times.</doc>
<status status="PASS" start="2025-03-12T23:31:05.319340" elapsed="0.000152"/>
</kw>
<var name="${text}">Title</var>
<status status="PASS" start="2025-03-12T23:31:05.319272" elapsed="0.000263"/>
</iter>
<iter>
<kw name="Should Contain" owner="BuiltIn">
<arg>${html_source}</arg>
<arg>${text}</arg>
<doc>Fails if ``container`` does not contain ``item`` one or more times.</doc>
<status status="PASS" start="2025-03-12T23:31:05.319674" elapsed="0.000158"/>
</kw>
<var name="${text}">Type</var>
<status status="PASS" start="2025-03-12T23:31:05.319610" elapsed="0.000265"/>
</iter>
<iter>
<kw name="Should Contain" owner="BuiltIn">
<arg>${html_source}</arg>
<arg>${text}</arg>
<doc>Fails if ``container`` does not contain ``item`` one or more times.</doc>
<status status="PASS" start="2025-03-12T23:31:05.320028" elapsed="0.000138"/>
</kw>
<var name="${text}">Registration Date</var>
<status status="PASS" start="2025-03-12T23:31:05.319949" elapsed="0.000259"/>
</iter>
<iter>
<kw name="Should Contain" owner="BuiltIn">
<arg>${html_source}</arg>
<arg>${text}</arg>
<doc>Fails if ``container`` does not contain ``item`` one or more times.</doc>
<status status="PASS" start="2025-03-12T23:31:05.320363" elapsed="0.000139"/>
</kw>
<var name="${text}">Registration Number</var>
<status status="PASS" start="2025-03-12T23:31:05.320292" elapsed="0.000254"/>
</iter>
<iter>
<kw name="Should Contain" owner="BuiltIn">
<arg>${html_source}</arg>
<arg>${text}</arg>
<doc>Fails if ``container`` does not contain ``item`` one or more times.</doc>
<status status="PASS" start="2025-03-12T23:31:05.320693" elapsed="0.000138"/>
</kw>
<var name="${text}">Creator</var>
<status status="PASS" start="2025-03-12T23:31:05.320629" elapsed="0.000244"/>
</iter>
<iter>
<kw name="Should Contain" owner="BuiltIn">
<arg>${html_source}</arg>
<arg>${text}</arg>
<doc>Fails if ``container`` does not contain ``item`` one or more times.</doc>
<status status="PASS" start="2025-03-12T23:31:05.321019" elapsed="0.000140"/>
</kw>
<var name="${text}">Action</var>
<status status="PASS" start="2025-03-12T23:31:05.320956" elapsed="0.000253"/>
</iter>
<var>${text}</var>
<value>@{expected_texts}</value>
<status status="PASS" start="2025-03-12T23:31:05.318407" elapsed="0.002840"/>
</for>
<arg>@{EXPECTED_OTHER_EN}</arg>
<status status="PASS" start="2025-03-12T23:31:05.310608" elapsed="0.010707"/>
</kw>
<kw name="Sleep" owner="BuiltIn">
<msg time="2025-03-12T23:31:07.322084" level="INFO">Slept 2 seconds.</msg>
<arg>2s</arg>
<doc>Pauses the test executed for the given time.</doc>
<status status="PASS" start="2025-03-12T23:31:05.321545" elapsed="2.000630"/>
</kw>
<kw name="Logout">
<kw name="Click Element" owner="SeleniumLibrary">
<msg time="2025-03-12T23:31:07.323263" level="INFO">Clicking element 'xpath=//a[contains(text(), 'logout') or contains(text(), 'ออกจากระบบ') or contains(text(), '注销')]'.</msg>
<arg>${LOGOUT_BUTTON}</arg>
<doc>Click the element identified by ``locator``.</doc>
<status status="PASS" start="2025-03-12T23:31:07.323100" elapsed="0.059140"/>
</kw>
<kw name="Wait Until Element Is Visible" owner="SeleniumLibrary">
<arg>${LOGIN_PAGE_HEADER}</arg>
<arg>timeout=10s</arg>
<doc>Waits until the element ``locator`` is visible.</doc>
<status status="PASS" start="2025-03-12T23:31:07.382455" elapsed="0.875022"/>
</kw>
<status status="PASS" start="2025-03-12T23:31:07.322883" elapsed="0.934728"/>
</kw>
<kw name="Close Browser" owner="SeleniumLibrary" type="TEARDOWN">
<doc>Closes the current browser.</doc>
<status status="PASS" start="2025-03-12T23:31:08.257917" elapsed="2.199090"/>
</kw>
<status status="PASS" start="2025-03-12T23:30:47.120417" elapsed="23.336932"/>
</test>
<status status="PASS" start="2025-03-12T23:30:23.308385" elapsed="47.150176"/>
</suite>
<statistics>
<total>
<stat pass="2" fail="0" skip="0">All Tests</stat>
</total>
<tag>
</tag>
<suite>
<stat name="Test 05" id="s1" pass="2" fail="0" skip="0">Test 05</stat>
</suite>
</statistics>
<errors>
</errors>
</robot>
