<?xml version="1.0" encoding="UTF-8"?>
<robot generator="Robot 7.1.1 (Python 3.12.2 on win32)" generated="2025-02-13T06:06:43.084933" rpa="false" schemaversion="5">
<suite id="s1" name="Uat Test1" source="D:\GitHub\git-group-repository-group-3-sec-4\Project_2-master\test1\uat_test1.robot">
<test id="s1-t1" name="Admin Can Access System Log" line="12">
<kw name="Open Browser" owner="SeleniumLibrary">
<msg time="2025-02-13T06:06:43.332540" level="INFO">Opening browser 'Chrome' to base url 'http://localhost:8000/login'.</msg>
<msg time="2025-02-13T06:06:49.756768" level="INFO" html="true">&lt;/td&gt;&lt;/tr&gt;&lt;tr&gt;&lt;td colspan="3"&gt;&lt;a href="selenium-screenshot-2.png"&gt;&lt;img src="selenium-screenshot-2.png" width="800px"&gt;&lt;/a&gt;</msg>
<msg time="2025-02-13T06:06:49.756768" level="FAIL">WebDriverException: Message: unknown error: net::ERR_CONNECTION_REFUSED
  (Session info: chrome=133.0.6943.99)
Stacktrace:
	GetHandleVerifier [0x00007FF623996F15+28773]
	(No symbol) [0x00007FF623902600]
	(No symbol) [0x00007FF623798FAA]
	(No symbol) [0x00007FF623795946]
	(No symbol) [0x00007FF623786709]
	(No symbol) [0x00007FF623788478]
	(No symbol) [0x00007FF623786A16]
	(No symbol) [0x00007FF623786496]
	(No symbol) [0x00007FF62378615A]
	(No symbol) [0x00007FF623783CEE]
	(No symbol) [0x00007FF6237845CC]
	(No symbol) [0x00007FF62379CDFA]
	(No symbol) [0x00007FF6238405AE]
	(No symbol) [0x00007FF62381724A]
	(No symbol) [0x00007FF62383F6F3]
	(No symbol) [0x00007FF623817023]
	(No symbol) [0x00007FF6237DFF5E]
	(No symbol) [0x00007FF6237E11E3]
	GetHandleVerifier [0x00007FF623CE425D+3490733]
	GetHandleVerifier [0x00007FF623CFBA43+3586963]
	GetHandleVerifier [0x00007FF623CF147D+3544525]
	GetHandleVerifier [0x00007FF623A5C9DA+838442]
	(No symbol) [0x00007FF62390D04F]
	(No symbol) [0x00007FF623909614]
	(No symbol) [0x00007FF6239097B6]
	(No symbol) [0x00007FF6238F8CE9]
	BaseThreadInitThunk [0x00007FF90FCBE8D7+23]
	RtlUserThreadStart [0x00007FF91107FBCC+44]
</msg>
<arg>${URL}</arg>
<arg>${BROWSER}</arg>
<doc>Opens a new browser instance to the optional ``url``.</doc>
<status status="FAIL" start="2025-02-13T06:06:43.332540" elapsed="6.431978">WebDriverException: Message: unknown error: net::ERR_CONNECTION_REFUSED
  (Session info: chrome=133.0.6943.99)
Stacktrace:
	GetHandleVerifier [0x00007FF623996F15+28773]
	(No symbol) [0x00007FF623902600]
	(No symbol) [0x00007FF623798FAA]
	(No symbol) [0x00007FF623795946]
	(No symbol) [0x00007FF623786709]
	(No symbol) [0x00007FF623788478]
	(No symbol) [0x00007FF623786A16]
	(No symbol) [0x00007FF623786496]
	(No symbol) [0x00007FF62378615A]
	(No symbol) [0x00007FF623783CEE]
	(No symbol) [0x00007FF6237845CC]
	(No symbol) [0x00007FF62379CDFA]
	(No symbol) [0x00007FF6238405AE]
	(No symbol) [0x00007FF62381724A]
	(No symbol) [0x00007FF62383F6F3]
	(No symbol) [0x00007FF623817023]
	(No symbol) [0x00007FF6237DFF5E]
	(No symbol) [0x00007FF6237E11E3]
	GetHandleVerifier [0x00007FF623CE425D+3490733]
	GetHandleVerifier [0x00007FF623CFBA43+3586963]
	GetHandleVerifier [0x00007FF623CF147D+3544525]
	GetHandleVerifier [0x00007FF623A5C9DA+838442]
	(No symbol) [0x00007FF62390D04F]
	(No symbol) [0x00007FF623909614]
	(No symbol) [0x00007FF6239097B6]
	(No symbol) [0x00007FF6238F8CE9]
	BaseThreadInitThunk [0x00007FF90FCBE8D7+23]
	RtlUserThreadStart [0x00007FF91107FBCC+44]
</status>
</kw>
<kw name="Wait Until Element Is Visible" owner="SeleniumLibrary">
<arg>id=username</arg>
<arg>timeout=10s</arg>
<doc>Waits until the element ``locator`` is visible.</doc>
<status status="NOT RUN" start="2025-02-13T06:06:49.764518" elapsed="0.000000"/>
</kw>
<kw name="Input Text" owner="SeleniumLibrary">
<arg>id=username</arg>
<arg>${ADMIN_USER}</arg>
<doc>Types the given ``text`` into the text field identified by ``locator``.</doc>
<status status="NOT RUN" start="2025-02-13T06:06:49.764518" elapsed="0.000000"/>
</kw>
<kw name="Input Text" owner="SeleniumLibrary">
<arg>id=password</arg>
<arg>${ADMIN_PASS}</arg>
<doc>Types the given ``text`` into the text field identified by ``locator``.</doc>
<status status="NOT RUN" start="2025-02-13T06:06:49.764518" elapsed="0.000000"/>
</kw>
<kw name="Click Button" owner="SeleniumLibrary">
<arg>id=login-btn</arg>
<doc>Clicks the button identified by ``locator``.</doc>
<status status="NOT RUN" start="2025-02-13T06:06:49.764518" elapsed="0.000000"/>
</kw>
<kw name="Wait Until Page Contains" owner="SeleniumLibrary">
<arg>Dashboard</arg>
<arg>timeout=10s</arg>
<doc>Waits until ``text`` appears on the current page.</doc>
<status status="NOT RUN" start="2025-02-13T06:06:49.764518" elapsed="0.000000"/>
</kw>
<kw name="Go To" owner="SeleniumLibrary">
<arg>${LOG_URL}</arg>
<doc>Navigates the current browser window to the provided ``url``.</doc>
<status status="NOT RUN" start="2025-02-13T06:06:49.764518" elapsed="0.000000"/>
</kw>
<kw name="Wait Until Page Contains" owner="SeleniumLibrary">
<arg>System Log</arg>
<arg>timeout=10s</arg>
<doc>Waits until ``text`` appears on the current page.</doc>
<status status="NOT RUN" start="2025-02-13T06:06:49.764518" elapsed="0.000000"/>
</kw>
<kw name="Capture Page Screenshot" owner="SeleniumLibrary">
<doc>Takes a screenshot of the current page and embeds it into a log file.</doc>
<status status="NOT RUN" start="2025-02-13T06:06:49.764518" elapsed="0.000000"/>
</kw>
<kw name="Page Should Contain Element" owner="SeleniumLibrary">
<arg>xpath=//table[@id='log-table']</arg>
<doc>Verifies that element ``locator`` is found on the current page.</doc>
<status status="NOT RUN" start="2025-02-13T06:06:49.764518" elapsed="0.000000"/>
</kw>
<kw name="Capture Page Screenshot" owner="SeleniumLibrary">
<doc>Takes a screenshot of the current page and embeds it into a log file.</doc>
<status status="NOT RUN" start="2025-02-13T06:06:49.764518" elapsed="0.000000"/>
</kw>
<kw name="Close Browser" owner="SeleniumLibrary">
<doc>Closes the current browser.</doc>
<status status="NOT RUN" start="2025-02-13T06:06:49.764518" elapsed="0.000000"/>
</kw>
<status status="FAIL" start="2025-02-13T06:06:43.332540" elapsed="6.431978">WebDriverException: Message: unknown error: net::ERR_CONNECTION_REFUSED
  (Session info: chrome=133.0.6943.99)
Stacktrace:
	GetHandleVerifier [0x00007FF623996F15+28773]
	(No symbol) [0x00007FF623902600]
	(No symbol) [0x00007FF623798FAA]
	(No symbol) [0x00007FF623795946]
	(No symbol) [0x00007FF623786709]
	(No symbol) [0x00007FF623788478]
	(No symbol) [0x00007FF623786A16]
	(No symbol) [0x00007FF623786496]
	(No symbol) [0x00007FF62378615A]
	(No symbol) [0x00007FF623783CEE]
	(No symbol) [0x00007FF6237845CC]
	(No symbol) [0x00007FF62379CDFA]
	(No symbol) [0x00007FF6238405AE]
	(No symbol) [0x00007FF62381724A]
	(No symbol) [0x00007FF62383F6F3]
	(No symbol) [0x00007FF623817023]
	(No symbol) [0x00007FF6237DFF5E]
	(No symbol) [0x00007FF6237E11E3]
	GetHandleVerifier [0x00007FF623CE425D+3490733]
	GetHandleVerifier [0x00007FF623CFBA43+3586963]
	GetHandleVerifier [0x00007FF623CF147D+3544525]
	GetHandleVerifier [0x00007FF623A5C9DA+838442]
	(No symbol) [0x00007FF62390D04F]
	(No symbol) [0x00007FF623909614]
	(No symbol) [0x00007FF6239097B6]
	(No symbol) [0x00007FF6238F8CE9]
	BaseThreadInitThunk [0x00007FF90FCBE8D7+23]
	RtlUserThreadStart [0x00007FF91107FBCC+44]
</status>
</test>
<status status="FAIL" start="2025-02-13T06:06:43.099253" elapsed="6.665265"/>
</suite>
<statistics>
<total>
<stat pass="0" fail="1" skip="0">All Tests</stat>
</total>
<tag>
</tag>
<suite>
<stat pass="0" fail="1" skip="0" id="s1" name="Uat Test1">Uat Test1</stat>
</suite>
</statistics>
<errors>
</errors>
</robot>
