<?xml version="1.0" encoding="UTF-8"?>
<robot generator="Robot 7.2.2 (Python 3.13.1 on win32)" generated="2025-03-12T05:00:28.634992" rpa="false" schemaversion="5">
<suite id="s1" name="Test 04" source="C:\Users\tt_pe\Documents\GitHub\Proj_SE\git-group-repository-group-3-sec-4\Project_2-master\test1\test_04.robot">
<test id="s1-t1" name="Navigate To Research Project Page And Switch To Chinese" line="153">
<kw name="Open Browser To Home Page">
<kw name="Open Browser" owner="SeleniumLibrary">
<msg time="2025-03-12T05:00:28.911668" level="INFO">Opening browser 'chrome' to base url 'http://127.0.0.1:8000/'.</msg>
<arg>${HOME_URL}</arg>
<arg>${BROWSER}</arg>
<doc>Opens a new browser instance to the optional ``url``.</doc>
<status status="PASS" start="2025-03-12T05:00:28.911439" elapsed="2.770330"/>
</kw>
<kw name="Maximize Browser Window" owner="SeleniumLibrary">
<doc>Maximizes current browser window.</doc>
<status status="PASS" start="2025-03-12T05:00:31.682081" elapsed="0.062388"/>
</kw>
<status status="PASS" start="2025-03-12T05:00:28.910830" elapsed="2.833757"/>
</kw>
<kw name="Navigate To Research Project Page">
<kw name="Click Element" owner="SeleniumLibrary">
<msg time="2025-03-12T05:00:31.745841" level="INFO">Clicking element 'xpath=//a[contains(@href, '/researchproject')]'.</msg>
<arg>${RESEARCH_PROJECT_MENU}</arg>
<doc>Click the element identified by ``locator``.</doc>
<status status="PASS" start="2025-03-12T05:00:31.745455" elapsed="0.788852"/>
</kw>
<kw name="Wait Until Page Contains" owner="SeleniumLibrary">
<arg>Research Project</arg>
<arg>10s</arg>
<doc>Waits until ``text`` appears on the current page.</doc>
<status status="PASS" start="2025-03-12T05:00:32.534469" elapsed="0.011839"/>
</kw>
<status status="PASS" start="2025-03-12T05:00:31.745023" elapsed="0.801401"/>
</kw>
<kw name="Switch Language And Verify">
<kw name="Click Element" owner="SeleniumLibrary">
<msg time="2025-03-12T05:00:32.547794" level="INFO">Clicking element 'xpath=//a[@id="navbarDropdownMenuLink"]'.</msg>
<arg>${LANG_DROPDOWN_TOGGLE}</arg>
<doc>Click the element identified by ``locator``.</doc>
<status status="PASS" start="2025-03-12T05:00:32.547545" elapsed="0.063657"/>
</kw>
<kw name="Sleep" owner="BuiltIn">
<msg time="2025-03-12T05:00:33.612153" level="INFO">Slept 1 second.</msg>
<arg>1s</arg>
<doc>Pauses the test executed for the given time.</doc>
<status status="PASS" start="2025-03-12T05:00:32.611372" elapsed="1.000869"/>
</kw>
<kw name="Run Keyword And Ignore Error" owner="BuiltIn">
<kw name="Click Element" owner="SeleniumLibrary">
<msg time="2025-03-12T05:00:33.612711" level="INFO">Clicking element 'xpath=//div[contains(@class, 'dropdown-menu')]//a[contains(text(), '中文')]'.</msg>
<arg>${lang_button}</arg>
<doc>Click the element identified by ``locator``.</doc>
<status status="PASS" start="2025-03-12T05:00:33.612542" elapsed="0.707160"/>
</kw>
<arg>Click Element</arg>
<arg>${lang_button}</arg>
<doc>Runs the given keyword with the given arguments and ignores possible error.</doc>
<status status="PASS" start="2025-03-12T05:00:33.612384" elapsed="0.707408"/>
</kw>
<kw name="Sleep" owner="BuiltIn">
<msg time="2025-03-12T05:00:37.320553" level="INFO">Slept 3 seconds.</msg>
<arg>${WAIT_TIME}</arg>
<doc>Pauses the test executed for the given time.</doc>
<status status="PASS" start="2025-03-12T05:00:34.319912" elapsed="3.000732"/>
</kw>
<kw name="Verify Page Contains Multiple Texts">
<kw name="Get Source" owner="SeleniumLibrary">
<msg time="2025-03-12T05:00:37.327189" level="INFO">${html_source} = &lt;html lang="en" class="hydrated"&gt;&lt;head&gt;
    &lt;meta charset="UTF-8"&gt;&lt;style data-styles=""&gt;ion-icon{visibility:hidden}.hydrated{visibility:inherit}&lt;/style&gt;
    &lt;meta name="viewport" content="width=device...</msg>
<var>${html_source}</var>
<doc>Returns the entire HTML source of the current page or frame.</doc>
<status status="PASS" start="2025-03-12T05:00:37.321101" elapsed="0.006136"/>
</kw>
<kw name="Log" owner="BuiltIn">
<msg time="2025-03-12T05:00:37.327792" level="INFO">HTML Source: &lt;html lang="en" class="hydrated"&gt;&lt;head&gt;
    &lt;meta charset="UTF-8"&gt;&lt;style data-styles=""&gt;ion-icon{visibility:hidden}.hydrated{visibility:inherit}&lt;/style&gt;
    &lt;meta name="viewport" content="width=device-width, initial-scale=1.0"&gt;
    &lt;meta http-equiv="X-UA-Compatible" content="ie=edge"&gt;
    &lt;title&gt;ระบบข้อมูลงานวิจัย วิทยาลัยการคอมพิวเตอร์&lt;/title&gt;
    &lt;base href="http://127.0.0.1:8000"&gt;
    &lt;link href="img/Newlogo.png" rel="shortcut icon" type="image/x-icon"&gt;

    &lt;link href="http://127.0.0.1:8000/css/app.css" rel="stylesheet"&gt;

    &lt;link href="http://127.0.0.1:8000/css/load-more-button.css" rel="stylesheet"&gt;

    &lt;script src="http://127.0.0.1:8000/js/app.js"&gt;&lt;/script&gt;

    &lt;link rel="stylesheet" href="http://127.0.0.1:8000/vendor/bootstrap/css/bootstrap.min.css"&gt;
    &lt;script src="http://127.0.0.1:8000/js/jquery-3.6.0.min.js"&gt;&lt;/script&gt;

    &lt;script src="http://127.0.0.1:8000/vendor/bootstrap/js/bootstrap.min.js"&gt;&lt;/script&gt;
    &lt;link rel="stylesheet" href="https://cdnjs.cloudflare.com/ajax/libs/font-awesome/4.7.0/css/font-awesome.min.css"&gt;
    &lt;link rel="stylesheet" href="http://127.0.0.1:8000/vendors/mdi/css/materialdesignicons.min.css"&gt;
    &lt;link rel="stylesheet" href="http://127.0.0.1:8000/vendors/ti-icons/css/themify-icons.css"&gt;
    &lt;link rel="stylesheet" href="http://127.0.0.1:8000/vendors/typicons/typicons.css"&gt;
    &lt;link rel="stylesheet" href="http://127.0.0.1:8000/vendors/simple-line-icons/css/simple-line-icons.css"&gt;
    &lt;!-- datatable --&gt;
    &lt;!-- &lt;link rel="stylesheet" type="text/css" href="https://cdnjs.cloudflare.com/ajax/libs/twitter-bootstrap/5.0.1/css/bootstrap.css" /&gt;
    &lt;link rel="stylesheet" type="text/css" href="https://cdn.datatables.net/1.11.3/css/dataTables.bootstrap5.css" /&gt;
    &lt;link rel="stylesheet" type="text/css" href="https://cdn.datatables.net/responsive/2.2.9/css/responsive.bootstrap5.css" /&gt; --&gt;

    &lt;!-- &lt;script src="https://code.jquery.com/jquery-3.5.1.js" defer&gt;&lt;/script&gt; --&gt;
    &lt;!--&lt;script src="https://cdn.datatables.net/1.11.4/js/jquery.dataTables.min.js" defer&gt;&lt;/script&gt;
    &lt;script src="https://cdn.datatables.net/1.11.4/js/dataTables.bootstrap5.min.js" defer&gt;&lt;/script&gt; --&gt;



    &lt;link rel="stylesheet" type="text/css" href="https://cdnjs.cloudflare.com/ajax/libs/twitter-bootstrap/5.0.1/css/bootstrap.css"&gt;
    &lt;link rel="stylesheet" type="text/css" href="https://cdn.datatables.net/1.11.3/css/dataTables.bootstrap5.css"&gt;
    &lt;link rel="stylesheet" type="text/css" href="https://cdn.datatables.net/responsive/2.2.9/css/responsive.bootstrap5.css"&gt;


    &lt;link href="https://cdnjs.cloudflare.com/ajax/libs/flag-icon-css/3.1.0/css/flag-icon.min.css" rel="stylesheet"&gt;
    &lt;script type="module" src="https://unpkg.com/ionicons@5.5.2/dist/ionicons/ionicons.esm.js"&gt;&lt;/script&gt;
    &lt;script nomodule="" src="https://unpkg.com/ionicons@5.5.2/dist/ionicons/ionicons.js"&gt;&lt;/script&gt;
    &lt;link rel="stylesheet" href="https://fonts.googleapis.com/icon?family=Material+Icons"&gt;

    &lt;link rel="stylesheet" href="http://127.0.0.1:8000/css/style.css"&gt;

    

&lt;/head&gt;

&lt;body&gt;
    &lt;!-- Navigation --&gt;
    &lt;nav id="navbar" class="navbar navbar-expand-lg navbar-light"&gt;
        &lt;div class="container-fluid"&gt;
            &lt;a class="navbar-brand logo-image" href="#"&gt;
                                &lt;img src="http://127.0.0.1:8000/img/logo2cn.png" alt="alternative"&gt;
                            &lt;/a&gt;
            &lt;button class="navbar-toggler" type="button" data-bs-toggle="collapse" data-bs-target="#collapsibleNavbar" aria-controls="navbarNav" aria-expanded="false" aria-label="Toggle navigation"&gt;
                &lt;span class="navbar-toggler-icon"&gt;&lt;/span&gt;
            &lt;/button&gt;


            &lt;div class="collapse navbar-collapse" id="collapsibleNavbar"&gt;
                &lt;ul class="navbar-nav ms-auto navbar-nav-scroll"&gt;
                    &lt;li class="nav-item  "&gt;
                        &lt;a class="nav-link" href="/"&gt;首頁&lt;/a&gt;
                    &lt;/li&gt;
                    &lt;li class="nav-item dropdown   "&gt;
                        &lt;a class="nav-link dropdown-toggle" id="navbarDropdown" role="button" data-bs-toggle="dropdown" aria-expanded="false"&gt;
                            研究員
                        &lt;/a&gt;
                        &lt;ul class="dropdown-menu" aria-labelledby="navbarDropdown"&gt;
                                                            &lt;li&gt;
                                    &lt;a class="dropdown-item" href="http://127.0.0.1:8000/researchers/1"&gt;
                                                                                    計算機科學系
                                                                            &lt;/a&gt;
                                &lt;/li&gt;
                                                            &lt;li&gt;
                                    &lt;a class="dropdown-item" href="http://127.0.0.1:8000/researchers/2"&gt;
                                                                                    資訊科技系
                                                                            &lt;/a&gt;
                                &lt;/li&gt;
                                                            &lt;li&gt;
                                    &lt;a class="dropdown-item" href="http://127.0.0.1:8000/researchers/3"&gt;
                                                                                    地理資訊學系
                                                                            &lt;/a&gt;
                                &lt;/li&gt;
                                                    &lt;/ul&gt;
                    &lt;/li&gt;
                    &lt;li class="nav-item active "&gt;
                        &lt;a class="nav-link" href="/researchproject"&gt;研究項目&lt;/a&gt;
                    &lt;/li&gt;
                    &lt;li class="nav-item   "&gt;
                        &lt;a class="nav-link" href="/researchgroup"&gt;研究小組&lt;/a&gt;
                    &lt;/li&gt;
                    &lt;li class="nav-item "&gt;
                        &lt;a class="nav-link" href="/reports"&gt;報告&lt;/a&gt;
                    &lt;/li&gt;


                    &lt;li class="nav-item dropdown"&gt;
                        &lt;a class="nav-link dropdown-toggle" href="#" id="navbarDropdownMenuLink" data-toggle="dropdown" aria-haspopup="true" aria-expanded="false"&gt;
                            &lt;span class="flag-icon flag-icon-cn"&gt;&lt;/span&gt;
                            中文
                        &lt;/a&gt;
                        &lt;div class="dropdown-menu" aria-labelledby="navbarDropdownMenuLink"&gt;
                                                                                    &lt;a class="dropdown-item" href="http://127.0.0.1:8000/lang/en"&gt;&lt;span class="flag-icon flag-icon-us"&gt;&lt;/span&gt;
                                English&lt;/a&gt;
                                                                                                                &lt;a class="dropdown-item" href="http://127.0.0.1:8000/lang/th"&gt;&lt;span class="flag-icon flag-icon-th"&gt;&lt;/span&gt;
                                ไทย&lt;/a&gt;
                                                                                                                                        &lt;/div&gt;
                    &lt;/li&gt;


                &lt;/ul&gt;
                                                &lt;span class="nav-item"&gt;
                    &lt;a class="btn-solid-sm" href="/login" target="_blank"&gt;登录&lt;/a&gt;
                &lt;/span&gt;
                                            &lt;/div&gt; &lt;!-- end of navbar-collapse --&gt;
        &lt;/div&gt; &lt;!-- end of container --&gt;
    &lt;/nav&gt; &lt;!-- end of navbar --&gt;
    &lt;!-- end of navigation --&gt;
    
&lt;div class="container refund"&gt;
    &lt;p&gt;学术服务/研究项目&lt;/p&gt;

    &lt;div class="table-refund table-responsive"&gt;
        &lt;div id="example1_wrapper" class="dataTables_wrapper dt-bootstrap5 no-footer"&gt;&lt;div class="row"&gt;&lt;div class="col-sm-12 col-md-6"&gt;&lt;div class="dataTables_length" id="example1_length"&gt;&lt;label&gt;显示 &lt;select name="example1_length" aria-controls="example1" class="form-select form-select-sm"&gt;&lt;option value="10"&gt;10&lt;/option&gt;&lt;option value="25"&gt;25&lt;/option&gt;&lt;option value="50"&gt;50&lt;/option&gt;&lt;option value="100"&gt;100&lt;/option&gt;&lt;/select&gt; 条目&lt;/label&gt;&lt;/div&gt;&lt;/div&gt;&lt;div class="col-sm-12 col-md-6"&gt;&lt;div id="example1_filter" class="dataTables_filter"&gt;&lt;label&gt;搜索&lt;input type="search" class="form-control form-control-sm" placeholder="" aria-controls="example1"&gt;&lt;/label&gt;&lt;/div&gt;&lt;/div&gt;&lt;/div&gt;&lt;div class="row"&gt;&lt;div class="col-sm-12"&gt;&lt;table id="example1" class="table table-striped dataTable no-footer dtr-inline" style="width: 100%;" aria-describedby="example1_info"&gt;
            &lt;thead&gt;
                &lt;tr&gt;&lt;th style="font-weight: bold; width: 14.6px;" class="sorting sorting_asc" tabindex="0" aria-controls="example1" rowspan="1" colspan="1" aria-sort="ascending" aria-label="编号: activate to sort column descending"&gt;编号&lt;/th&gt;&lt;th class="col-md-1 sorting" style="font-weight: bold; width: 60.6px;" tabindex="0" aria-controls="example1" rowspan="1" colspan="1" aria-label="年份: activate to sort column ascending"&gt;年份&lt;/th&gt;&lt;th class="col-md-4 sorting" style="font-weight: bold; width: 365.6px;" tabindex="0" aria-controls="example1" rowspan="1" colspan="1" aria-label="项目名称: activate to sort column ascending"&gt;项目名称&lt;/th&gt;&lt;th class="col-md-4 sorting" style="font-weight: bold; width: 364.6px;" tabindex="0" aria-controls="example1" rowspan="1" colspan="1" aria-label="详细信息: activate to sort column ascending"&gt;详细信息&lt;/th&gt;&lt;th class="col-md-2 sorting" style="font-weight: bold; width: 163.6px;" tabindex="0" aria-controls="example1" rowspan="1" colspan="1" aria-label="负责人: activate to sort column ascending"&gt;负责人&lt;/th&gt;&lt;th class="col-md-1 sorting" style="font-weight: bold; width: 63.6px;" tabindex="0" aria-controls="example1" rowspan="1" colspan="1" aria-label="状态: activate to sort column ascending"&gt;状态&lt;/th&gt;&lt;/tr&gt;
            &lt;/thead&gt;

            &lt;tbody&gt;
                                
                                
                                
                                
                                
                                
                                
                                
                                
                                
                                
                                
                                
                                
                                
                                
                                
                                
                                
                                
                                
                                
                                
                                
                                
                            &lt;tr class="odd"&gt;
                    &lt;td style="vertical-align: top;text-align: left;" class="dtr-control sorting_1" tabindex="0"&gt;1&lt;/td&gt;
                    &lt;td style="vertical-align: top;text-align: left;"&gt;
                        2020
                    &lt;/td&gt;
                    &lt;td style="vertical-align: top;text-align: left;"&gt;
                        การจัดอบรมหลักสูตรประกาศนียบัตร (Non-Degree) โครงการพัฒนาทักษะกำลังคนของประเทศ (Reskill/Upskill/Newskill) เพื่อการมีงานทำและเตรียมความพร้อมรองรับการทำงานในอนาคตหลังวิกฤตการระบาดของไวรัสโคโรนา 2019 (COVID-19)
                    &lt;/td&gt;
                    &lt;td&gt;
                        &lt;div style="padding-bottom: 10px"&gt;
                            &lt;span style="font-weight: bold;"&gt;项目期限&lt;/span&gt;
                            &lt;span style="padding-left: 10px;"&gt;
                                                                    1 八月 2020 
                                    到 
                                    19 八月 2020
                                                            &lt;/span&gt;
                        &lt;/div&gt;

                        &lt;div style="padding-bottom: 10px;"&gt;
                            &lt;span style="font-weight: bold;"&gt;研究基金类别&lt;/span&gt;
                            &lt;span style="padding-left: 10px;"&gt;外部資本&lt;/span&gt;
                        &lt;/div&gt;
                        &lt;div style="padding-bottom: 10px;"&gt;
                            &lt;span style="font-weight: bold;"&gt;支持机构&lt;/span&gt;
                            &lt;span style="padding-left: 10px;"&gt;高等教育、科學、研究與創新部常務秘書辦公室&lt;/span&gt;
                        &lt;/div&gt;
                        &lt;div style="padding-bottom: 10px;"&gt;
                            &lt;span style="font-weight: bold;"&gt;负责部门&lt;/span&gt;
                            &lt;span style="padding-left: 10px;"&gt;
                                計算機科學系
                            &lt;/span&gt;
                        &lt;/div&gt;
                        &lt;div style="padding-bottom: 10px;"&gt;
                            &lt;span style="font-weight: bold;"&gt;分配预算&lt;/span&gt;
                            &lt;span style="padding-left: 10px;"&gt;90,000 泰铢&lt;/span&gt;
                        &lt;/div&gt;
                    &lt;/td&gt;

                    &lt;td style="vertical-align: top;text-align: left;"&gt;
                                                    Lecturer 
                            Thanaphon 
                            Tangchoopong
                            &lt;br&gt;
                                                    Lecturer 
                            Warunya 
                            Wunnasri
                            &lt;br&gt;
                                            &lt;/td&gt;
                    &lt;td style="vertical-align: top;text-align: left;"&gt;
                                                &lt;h6&gt;&lt;label class="badge bg-dark"&gt;项目已关闭&lt;/label&gt;&lt;/h6&gt;
                                            &lt;/td&gt;
                &lt;/tr&gt;&lt;tr class="even"&gt;
                    &lt;td style="vertical-align: top;text-align: left;" class="dtr-control sorting_1" tabindex="0"&gt;2&lt;/td&gt;
                    &lt;td style="vertical-align: top;text-align: left;"&gt;
                        2019
                    &lt;/td&gt;
                    &lt;td style="vertical-align: top;text-align: left;"&gt;
                        Statistical Thai – Isarn Dialect Machine Translation System using Parallel Corpus
                    &lt;/td&gt;
                    &lt;td&gt;
                        &lt;div style="padding-bottom: 10px"&gt;
                            &lt;span style="font-weight: bold;"&gt;项目期限&lt;/span&gt;
                            &lt;span style="padding-left: 10px;"&gt;
                                                            &lt;/span&gt;
                        &lt;/div&gt;

                        &lt;div style="padding-bottom: 10px;"&gt;
                            &lt;span style="font-weight: bold;"&gt;研究基金类别&lt;/span&gt;
                            &lt;span style="padding-left: 10px;"&gt;內部資本&lt;/span&gt;
                        &lt;/div&gt;
                        &lt;div style="padding-bottom: 10px;"&gt;
                            &lt;span style="font-weight: bold;"&gt;支持机构&lt;/span&gt;
                            &lt;span style="padding-left: 10px;"&gt;孔敬大學
&lt;/span&gt;
                        &lt;/div&gt;
                        &lt;div style="padding-bottom: 10px;"&gt;
                            &lt;span style="font-weight: bold;"&gt;负责部门&lt;/span&gt;
                            &lt;span style="padding-left: 10px;"&gt;
                                計算機科學系
                            &lt;/span&gt;
                        &lt;/div&gt;
                        &lt;div style="padding-bottom: 10px;"&gt;
                            &lt;span style="font-weight: bold;"&gt;分配预算&lt;/span&gt;
                            &lt;span style="padding-left: 10px;"&gt;80,000 泰铢&lt;/span&gt;
                        &lt;/div&gt;
                    &lt;/td&gt;

                    &lt;td style="vertical-align: top;text-align: left;"&gt;
                                                    Asst. Prof. Dr. 
                            Pusadee 
                            Seresangtakul
                            &lt;br&gt;
                                            &lt;/td&gt;
                    &lt;td style="vertical-align: top;text-align: left;"&gt;
                                                &lt;h6&gt;&lt;label class="badge bg-dark"&gt;项目已关闭&lt;/label&gt;&lt;/h6&gt;
                                            &lt;/td&gt;
                &lt;/tr&gt;&lt;tr class="odd"&gt;
                    &lt;td style="vertical-align: top;text-align: left;" class="dtr-control sorting_1" tabindex="0"&gt;3&lt;/td&gt;
                    &lt;td style="vertical-align: top;text-align: left;"&gt;
                        2019
                    &lt;/td&gt;
                    &lt;td style="vertical-align: top;text-align: left;"&gt;
                        Morphological analysis for edible mushrooms using artificial neural networks ANN Model
                    &lt;/td&gt;
                    &lt;td&gt;
                        &lt;div style="padding-bottom: 10px"&gt;
                            &lt;span style="font-weight: bold;"&gt;项目期限&lt;/span&gt;
                            &lt;span style="padding-left: 10px;"&gt;
                                                            &lt;/span&gt;
                        &lt;/div&gt;

                        &lt;div style="padding-bottom: 10px;"&gt;
                            &lt;span style="font-weight: bold;"&gt;研究基金类别&lt;/span&gt;
                            &lt;span style="padding-left: 10px;"&gt;內部資本&lt;/span&gt;
                        &lt;/div&gt;
                        &lt;div style="padding-bottom: 10px;"&gt;
                            &lt;span style="font-weight: bold;"&gt;支持机构&lt;/span&gt;
                            &lt;span style="padding-left: 10px;"&gt;孔敬大學&lt;/span&gt;
                        &lt;/div&gt;
                        &lt;div style="padding-bottom: 10px;"&gt;
                            &lt;span style="font-weight: bold;"&gt;负责部门&lt;/span&gt;
                            &lt;span style="padding-left: 10px;"&gt;
                                計算機科學系
                            &lt;/span&gt;
                        &lt;/div&gt;
                        &lt;div style="padding-bottom: 10px;"&gt;
                            &lt;span style="font-weight: bold;"&gt;分配预算&lt;/span&gt;
                            &lt;span style="padding-left: 10px;"&gt;100,000 泰铢&lt;/span&gt;
                        &lt;/div&gt;
                    &lt;/td&gt;

                    &lt;td style="vertical-align: top;text-align: left;"&gt;
                                                    Asst. Prof. Dr. 
                            Urachart 
                            Kokaew
                            &lt;br&gt;
                                            &lt;/td&gt;
                    &lt;td style="vertical-align: top;text-align: left;"&gt;
                                                &lt;h6&gt;&lt;label class="badge bg-dark"&gt;项目已关闭&lt;/label&gt;&lt;/h6&gt;
                                            &lt;/td&gt;
                &lt;/tr&gt;&lt;tr class="even"&gt;
                    &lt;td style="vertical-align: top;text-align: left;" class="dtr-control sorting_1" tabindex="0"&gt;4&lt;/td&gt;
                    &lt;td style="vertical-align: top;text-align: left;"&gt;
                        2019
                    &lt;/td&gt;
                    &lt;td style="vertical-align: top;text-align: left;"&gt;
                        Ontology-based Learning data integration using ontology mapping and a rules based reasoning approach
                    &lt;/td&gt;
                    &lt;td&gt;
                        &lt;div style="padding-bottom: 10px"&gt;
                            &lt;span style="font-weight: bold;"&gt;项目期限&lt;/span&gt;
                            &lt;span style="padding-left: 10px;"&gt;
                                                            &lt;/span&gt;
                        &lt;/div&gt;

                        &lt;div style="padding-bottom: 10px;"&gt;
                            &lt;span style="font-weight: bold;"&gt;研究基金类别&lt;/span&gt;
                            &lt;span style="padding-left: 10px;"&gt;內部資本&lt;/span&gt;
                        &lt;/div&gt;
                        &lt;div style="padding-bottom: 10px;"&gt;
                            &lt;span style="font-weight: bold;"&gt;支持机构&lt;/span&gt;
                            &lt;span style="padding-left: 10px;"&gt;孔敬大學&lt;/span&gt;
                        &lt;/div&gt;
                        &lt;div style="padding-bottom: 10px;"&gt;
                            &lt;span style="font-weight: bold;"&gt;负责部门&lt;/span&gt;
                            &lt;span style="padding-left: 10px;"&gt;
                                計算機科學系
                            &lt;/span&gt;
                        &lt;/div&gt;
                        &lt;div style="padding-bottom: 10px;"&gt;
                            &lt;span style="font-weight: bold;"&gt;分配预算&lt;/span&gt;
                            &lt;span style="padding-left: 10px;"&gt;100,000 泰铢&lt;/span&gt;
                        &lt;/div&gt;
                    &lt;/td&gt;

                    &lt;td style="vertical-align: top;text-align: left;"&gt;
                                                    Assoc. Prof. Dr. 
                            Ngamnij 
                            Arch-int
                            &lt;br&gt;
                                            &lt;/td&gt;
                    &lt;td style="vertical-align: top;text-align: left;"&gt;
                                                &lt;h6&gt;&lt;label class="badge bg-dark"&gt;项目已关闭&lt;/label&gt;&lt;/h6&gt;
                                            &lt;/td&gt;
                &lt;/tr&gt;&lt;tr class="odd"&gt;
                    &lt;td style="vertical-align: top;text-align: left;" class="dtr-control sorting_1" tabindex="0"&gt;5&lt;/td&gt;
                    &lt;td style="vertical-align: top;text-align: left;"&gt;
                        2019
                    &lt;/td&gt;
                    &lt;td style="vertical-align: top;text-align: left;"&gt;
                        อุปกรณ์ประเมินความเครียดพร้อมปัญญาประดิษฐ์สำหรับการประเมินโรคซึมเศร้า (Stress assessment devices with artificial intelligence for depression disorder assessment)
                    &lt;/td&gt;
                    &lt;td&gt;
                        &lt;div style="padding-bottom: 10px"&gt;
                            &lt;span style="font-weight: bold;"&gt;项目期限&lt;/span&gt;
                            &lt;span style="padding-left: 10px;"&gt;
                                                                    1 二月 2019 
                                    到 
                                    31 七月 2021
                                                            &lt;/span&gt;
                        &lt;/div&gt;

                        &lt;div style="padding-bottom: 10px;"&gt;
                            &lt;span style="font-weight: bold;"&gt;研究基金类别&lt;/span&gt;
                            &lt;span style="padding-left: 10px;"&gt;外部資本&lt;/span&gt;
                        &lt;/div&gt;
                        &lt;div style="padding-bottom: 10px;"&gt;
                            &lt;span style="font-weight: bold;"&gt;支持机构&lt;/span&gt;
                            &lt;span style="padding-left: 10px;"&gt;-&lt;/span&gt;
                        &lt;/div&gt;
                        &lt;div style="padding-bottom: 10px;"&gt;
                            &lt;span style="font-weight: bold;"&gt;负责部门&lt;/span&gt;
                            &lt;span style="padding-left: 10px;"&gt;
                                計算機科學系
                            &lt;/span&gt;
                        &lt;/div&gt;
                        &lt;div style="padding-bottom: 10px;"&gt;
                            &lt;span style="font-weight: bold;"&gt;分配预算&lt;/span&gt;
                            &lt;span style="padding-left: 10px;"&gt;6,633,000 泰铢&lt;/span&gt;
                        &lt;/div&gt;
                    &lt;/td&gt;

                    &lt;td style="vertical-align: top;text-align: left;"&gt;
                                                    Asst. Prof. Dr. 
                            Sumonta 
                            Kasemvilas
                            &lt;br&gt;
                                            &lt;/td&gt;
                    &lt;td style="vertical-align: top;text-align: left;"&gt;
                                                &lt;h6&gt;&lt;label class="badge bg-dark"&gt;项目已关闭&lt;/label&gt;&lt;/h6&gt;
                                            &lt;/td&gt;
                &lt;/tr&gt;&lt;tr class="even"&gt;
                    &lt;td style="vertical-align: top;text-align: left;" class="dtr-control sorting_1" tabindex="0"&gt;6&lt;/td&gt;
                    &lt;td style="vertical-align: top;text-align: left;"&gt;
                        2019
                    &lt;/td&gt;
                    &lt;td style="vertical-align: top;text-align: left;"&gt;
                        รูปแบบเทคโนโลยีฉลาดสำหรับสังคมสูงวัยสุขภาพดี (Smart technology for healthy aging society)
                    &lt;/td&gt;
                    &lt;td&gt;
                        &lt;div style="padding-bottom: 10px"&gt;
                            &lt;span style="font-weight: bold;"&gt;项目期限&lt;/span&gt;
                            &lt;span style="padding-left: 10px;"&gt;
                                                                    1 十月 2020 
                                    到 
                                    31 八月 2020
                                                            &lt;/span&gt;
                        &lt;/div&gt;

                        &lt;div style="padding-bottom: 10px;"&gt;
                            &lt;span style="font-weight: bold;"&gt;研究基金类别&lt;/span&gt;
                            &lt;span style="padding-left: 10px;"&gt;外部資本&lt;/span&gt;
                        &lt;/div&gt;
                        &lt;div style="padding-bottom: 10px;"&gt;
                            &lt;span style="font-weight: bold;"&gt;支持机构&lt;/span&gt;
                            &lt;span style="padding-left: 10px;"&gt;泰國國家研究委員會&lt;/span&gt;
                        &lt;/div&gt;
                        &lt;div style="padding-bottom: 10px;"&gt;
                            &lt;span style="font-weight: bold;"&gt;负责部门&lt;/span&gt;
                            &lt;span style="padding-left: 10px;"&gt;
                                計算機科學系
                            &lt;/span&gt;
                        &lt;/div&gt;
                        &lt;div style="padding-bottom: 10px;"&gt;
                            &lt;span style="font-weight: bold;"&gt;分配预算&lt;/span&gt;
                            &lt;span style="padding-left: 10px;"&gt;8,000,000 泰铢&lt;/span&gt;
                        &lt;/div&gt;
                    &lt;/td&gt;

                    &lt;td style="vertical-align: top;text-align: left;"&gt;
                                                    Asst. Prof. Dr. 
                            Sumonta 
                            Kasemvilas
                            &lt;br&gt;
                                            &lt;/td&gt;
                    &lt;td style="vertical-align: top;text-align: left;"&gt;
                                                &lt;h6&gt;&lt;label class="badge bg-dark"&gt;项目已关闭&lt;/label&gt;&lt;/h6&gt;
                                            &lt;/td&gt;
                &lt;/tr&gt;&lt;tr class="odd"&gt;
                    &lt;td style="vertical-align: top;text-align: left;" class="dtr-control sorting_1" tabindex="0"&gt;7&lt;/td&gt;
                    &lt;td style="vertical-align: top;text-align: left;"&gt;
                        2018
                    &lt;/td&gt;
                    &lt;td style="vertical-align: top;text-align: left;"&gt;
                        การศึกษาแนวทางในการวิเคราะห์ประสิทธิภาพของระบบการวางแผนทรัพยากรองค์กร
                    &lt;/td&gt;
                    &lt;td&gt;
                        &lt;div style="padding-bottom: 10px"&gt;
                            &lt;span style="font-weight: bold;"&gt;项目期限&lt;/span&gt;
                            &lt;span style="padding-left: 10px;"&gt;
                                                            &lt;/span&gt;
                        &lt;/div&gt;

                        &lt;div style="padding-bottom: 10px;"&gt;
                            &lt;span style="font-weight: bold;"&gt;研究基金类别&lt;/span&gt;
                            &lt;span style="padding-left: 10px;"&gt;內部資本
&lt;/span&gt;
                        &lt;/div&gt;
                        &lt;div style="padding-bottom: 10px;"&gt;
                            &lt;span style="font-weight: bold;"&gt;支持机构&lt;/span&gt;
                            &lt;span style="padding-left: 10px;"&gt;孔敬大學&lt;/span&gt;
                        &lt;/div&gt;
                        &lt;div style="padding-bottom: 10px;"&gt;
                            &lt;span style="font-weight: bold;"&gt;负责部门&lt;/span&gt;
                            &lt;span style="padding-left: 10px;"&gt;
                                計算機科學系
                            &lt;/span&gt;
                        &lt;/div&gt;
                        &lt;div style="padding-bottom: 10px;"&gt;
                            &lt;span style="font-weight: bold;"&gt;分配预算&lt;/span&gt;
                            &lt;span style="padding-left: 10px;"&gt;80,000 泰铢&lt;/span&gt;
                        &lt;/div&gt;
                    &lt;/td&gt;

                    &lt;td style="vertical-align: top;text-align: left;"&gt;
                                                    Asst. Prof. Dr. 
                            Paweena 
                            Wanchai
                            &lt;br&gt;
                                            &lt;/td&gt;
                    &lt;td style="vertical-align: top;text-align: left;"&gt;
                                                &lt;h6&gt;&lt;label class="badge bg-dark"&gt;项目已关闭&lt;/label&gt;&lt;/h6&gt;
                                            &lt;/td&gt;
                &lt;/tr&gt;&lt;tr class="even"&gt;
                    &lt;td style="vertical-align: top;text-align: left;" class="dtr-control sorting_1" tabindex="0"&gt;8&lt;/td&gt;
                    &lt;td style="vertical-align: top;text-align: left;"&gt;
                        2018
                    &lt;/td&gt;
                    &lt;td style="vertical-align: top;text-align: left;"&gt;
                        การออกแบบและพัฒนาระบบการเรียนรู้การเขียนโปรแกรมแบบคู่ด้วยอาลิซ
                    &lt;/td&gt;
                    &lt;td&gt;
                        &lt;div style="padding-bottom: 10px"&gt;
                            &lt;span style="font-weight: bold;"&gt;项目期限&lt;/span&gt;
                            &lt;span style="padding-left: 10px;"&gt;
                                                            &lt;/span&gt;
                        &lt;/div&gt;

                        &lt;div style="padding-bottom: 10px;"&gt;
                            &lt;span style="font-weight: bold;"&gt;研究基金类别&lt;/span&gt;
                            &lt;span style="padding-left: 10px;"&gt;內部資本&lt;/span&gt;
                        &lt;/div&gt;
                        &lt;div style="padding-bottom: 10px;"&gt;
                            &lt;span style="font-weight: bold;"&gt;支持机构&lt;/span&gt;
                            &lt;span style="padding-left: 10px;"&gt;孔敬大學&lt;/span&gt;
                        &lt;/div&gt;
                        &lt;div style="padding-bottom: 10px;"&gt;
                            &lt;span style="font-weight: bold;"&gt;负责部门&lt;/span&gt;
                            &lt;span style="padding-left: 10px;"&gt;
                                計算機科學系

                            &lt;/span&gt;
                        &lt;/div&gt;
                        &lt;div style="padding-bottom: 10px;"&gt;
                            &lt;span style="font-weight: bold;"&gt;分配预算&lt;/span&gt;
                            &lt;span style="padding-left: 10px;"&gt;60,000 泰铢&lt;/span&gt;
                        &lt;/div&gt;
                    &lt;/td&gt;

                    &lt;td style="vertical-align: top;text-align: left;"&gt;
                                                    Asst. Prof. Dr. 
                            Urachart 
                            Kokaew
                            &lt;br&gt;
                                            &lt;/td&gt;
                    &lt;td style="vertical-align: top;text-align: left;"&gt;
                                                &lt;h6&gt;&lt;label class="badge bg-dark"&gt;项目已关闭&lt;/label&gt;&lt;/h6&gt;
                                            &lt;/td&gt;
                &lt;/tr&gt;&lt;tr class="odd"&gt;
                    &lt;td style="vertical-align: top;text-align: left;" class="dtr-control sorting_1" tabindex="0"&gt;9&lt;/td&gt;
                    &lt;td style="vertical-align: top;text-align: left;"&gt;
                        2018
                    &lt;/td&gt;
                    &lt;td style="vertical-align: top;text-align: left;"&gt;
                        ดัชนีความเยาว์วัยของร่างกายแบบองค์รวมจากปัญญาประดิษฐ์ข้อมูลสุขภาพ (Youth Index from Health Artificial Intelligence)
                    &lt;/td&gt;
                    &lt;td&gt;
                        &lt;div style="padding-bottom: 10px"&gt;
                            &lt;span style="font-weight: bold;"&gt;项目期限&lt;/span&gt;
                            &lt;span style="padding-left: 10px;"&gt;
                                                            &lt;/span&gt;
                        &lt;/div&gt;

                        &lt;div style="padding-bottom: 10px;"&gt;
                            &lt;span style="font-weight: bold;"&gt;研究基金类别&lt;/span&gt;
                            &lt;span style="padding-left: 10px;"&gt;外部資本&lt;/span&gt;
                        &lt;/div&gt;
                        &lt;div style="padding-bottom: 10px;"&gt;
                            &lt;span style="font-weight: bold;"&gt;支持机构&lt;/span&gt;
                            &lt;span style="padding-left: 10px;"&gt;-&lt;/span&gt;
                        &lt;/div&gt;
                        &lt;div style="padding-bottom: 10px;"&gt;
                            &lt;span style="font-weight: bold;"&gt;负责部门&lt;/span&gt;
                            &lt;span style="padding-left: 10px;"&gt;
                                計算機科學系
                            &lt;/span&gt;
                        &lt;/div&gt;
                        &lt;div style="padding-bottom: 10px;"&gt;
                            &lt;span style="font-weight: bold;"&gt;分配预算&lt;/span&gt;
                            &lt;span style="padding-left: 10px;"&gt;5,000,000 泰铢&lt;/span&gt;
                        &lt;/div&gt;
                    &lt;/td&gt;

                    &lt;td style="vertical-align: top;text-align: left;"&gt;
                                                    Asst. Prof. Dr. 
                            Sumonta 
                            Kasemvilas
                            &lt;br&gt;
                                            &lt;/td&gt;
                    &lt;td style="vertical-align: top;text-align: left;"&gt;
                                                &lt;h6&gt;&lt;label class="badge bg-dark"&gt;项目已关闭&lt;/label&gt;&lt;/h6&gt;
                                            &lt;/td&gt;
                &lt;/tr&gt;&lt;tr class="even"&gt;
                    &lt;td style="vertical-align: top;text-align: left;" class="dtr-control sorting_1" tabindex="0"&gt;10&lt;/td&gt;
                    &lt;td style="vertical-align: top;text-align: left;"&gt;
                        2018
                    &lt;/td&gt;
                    &lt;td style="vertical-align: top;text-align: left;"&gt;
                        ERASMUS+ : Curriculum Development in Data Science and Artificial Intelligence/DS&amp;amp;AI
                    &lt;/td&gt;
                    &lt;td&gt;
                        &lt;div style="padding-bottom: 10px"&gt;
                            &lt;span style="font-weight: bold;"&gt;项目期限&lt;/span&gt;
                            &lt;span style="padding-left: 10px;"&gt;
                                                            &lt;/span&gt;
                        &lt;/div&gt;

                        &lt;div style="padding-bottom: 10px;"&gt;
                            &lt;span style="font-weight: bold;"&gt;研究基金类别&lt;/span&gt;
                            &lt;span style="padding-left: 10px;"&gt;外部資本&lt;/span&gt;
                        &lt;/div&gt;
                        &lt;div style="padding-bottom: 10px;"&gt;
                            &lt;span style="font-weight: bold;"&gt;支持机构&lt;/span&gt;
                            &lt;span style="padding-left: 10px;"&gt;-&lt;/span&gt;
                        &lt;/div&gt;
                        &lt;div style="padding-bottom: 10px;"&gt;
                            &lt;span style="font-weight: bold;"&gt;负责部门&lt;/span&gt;
                            &lt;span style="padding-left: 10px;"&gt;
                                計算機科學系
                            &lt;/span&gt;
                        &lt;/div&gt;
                        &lt;div style="padding-bottom: 10px;"&gt;
                            &lt;span style="font-weight: bold;"&gt;分配预算&lt;/span&gt;
                            &lt;span style="padding-left: 10px;"&gt;2,453,555 泰铢&lt;/span&gt;
                        &lt;/div&gt;
                    &lt;/td&gt;

                    &lt;td style="vertical-align: top;text-align: left;"&gt;
                                                    Asst. Prof. Dr. 
                            Khamron 
                            Sunat
                            &lt;br&gt;
                                                    Asst. Prof. Dr. 
                            Chitsutha 
                            Soomlek
                            &lt;br&gt;
                                            &lt;/td&gt;
                    &lt;td style="vertical-align: top;text-align: left;"&gt;
                                                &lt;h6&gt;&lt;label class="badge bg-dark"&gt;项目已关闭&lt;/label&gt;&lt;/h6&gt;
                                            &lt;/td&gt;
                &lt;/tr&gt;&lt;/tbody&gt;
        &lt;/table&gt;&lt;/div&gt;&lt;/div&gt;&lt;div class="row"&gt;&lt;div class="col-sm-12 col-md-5"&gt;&lt;div class="dataTables_info" id="example1_info" role="status" aria-live="polite"&gt;显示 1 到 10 共 25 条目&lt;/div&gt;&lt;/div&gt;&lt;div class="col-sm-12 col-md-7"&gt;&lt;div class="dataTables_paginate paging_simple_numbers" id="example1_paginate"&gt;&lt;ul class="pagination"&gt;&lt;li class="paginate_button page-item previous disabled" id="example1_previous"&gt;&lt;a href="#" aria-controls="example1" data-dt-idx="0" tabindex="0" class="page-link"&gt;上一页&lt;/a&gt;&lt;/li&gt;&lt;li class="paginate_button page-item active"&gt;&lt;a href="#" aria-controls="example1" data-dt-idx="1" tabindex="0" class="page-link"&gt;1&lt;/a&gt;&lt;/li&gt;&lt;li class="paginate_button page-item "&gt;&lt;a href="#" aria-controls="example1" data-dt-idx="2" tabindex="0" class="page-link"&gt;2&lt;/a&gt;&lt;/li&gt;&lt;li class="paginate_button page-item "&gt;&lt;a href="#" aria-controls="example1" data-dt-idx="3" tabindex="0" class="page-link"&gt;3&lt;/a&gt;&lt;/li&gt;&lt;li class="paginate_button page-item next" id="example1_next"&gt;&lt;a href="#" aria-controls="example1" data-dt-idx="4" tabindex="0" class="page-link"&gt;下一页&lt;/a&gt;&lt;/li&gt;&lt;/ul&gt;&lt;/div&gt;&lt;/div&gt;&lt;/div&gt;&lt;/div&gt;
    &lt;/div&gt;

&lt;/div&gt;

&lt;script type="text/javascript" src="https://cdn.datatables.net/1.11.3/js/jquery.dataTables.js"&gt;&lt;/script&gt;
&lt;script type="text/javascript" src="https://cdn.datatables.net/1.11.3/js/dataTables.bootstrap5.js"&gt;&lt;/script&gt;
&lt;script type="text/javascript" src="https://cdn.datatables.net/responsive/2.2.9/js/dataTables.responsive.js"&gt;&lt;/script&gt;
&lt;script type="text/javascript" src="https://cdn.datatables.net/responsive/2.2.9/js/responsive.bootstrap5.js"&gt;&lt;/script&gt;
&lt;script src="https://cdnjs.cloudflare.com/ajax/libs/Chart.js/2.9.3/Chart.min.js"&gt;&lt;/script&gt;

&lt;script&gt;
    $(document).ready(function() {
        if (!$.fn.DataTable.isDataTable('#example1')) { // ตรวจสอบว่า DataTable ถูกใช้งานไปแล้วหรือยัง
            var table1 = $('#example1').DataTable({
                responsive: true,
                language: {
                    search: "搜索",
                    lengthMenu: "显示 _MENU_ 条目",
                    info: "显示 _START_ 到 _END_ 共 _TOTAL_ 条目",
                    paginate: {
                        previous: "上一页",
                        next: "下一页",
                    }
                }
            });
        }
    });
&lt;/script&gt;
    
    &lt;footer class="footer"&gt;
        &lt;div class="d-sm-flex justify-content-center justify-content-sm-between"&gt;
        &lt;/div&gt;
    &lt;/footer&gt;


&lt;/body&gt;&lt;/html&gt;</msg>
<arg>HTML Source: ${html_source}</arg>
<doc>Logs the given message with the given level.</doc>
<status status="PASS" start="2025-03-12T05:00:37.327412" elapsed="0.001185"/>
</kw>
<for flavor="IN">
<iter>
<kw name="Should Contain" owner="BuiltIn">
<msg time="2025-03-12T05:00:37.329752" level="FAIL">'&lt;html lang="en" class="hydrated"&gt;&lt;head&gt;
    &lt;meta charset="UTF-8"&gt;&lt;style data-styles=""&gt;ion-icon{visibility:hidden}.hydrated{visibility:inherit}&lt;/style&gt;
    &lt;meta name="viewport" content="width=device-width, initial-scale=1.0"&gt;
    &lt;meta http-equiv="X-UA-Compatible" content="ie=edge"&gt;
    &lt;title&gt;ระบบข้อมูลงานวิจัย วิทยาลัยการคอมพิวเตอร์&lt;/title&gt;
    &lt;base href="http://127.0.0.1:8000"&gt;
    &lt;link href="img/Newlogo.png" rel="shortcut icon" type="image/x-icon"&gt;

    &lt;link href="http://127.0.0.1:8000/css/app.css" rel="stylesheet"&gt;

    &lt;link href="http://127.0.0.1:8000/css/load-more-button.css" rel="stylesheet"&gt;

    &lt;script src="http://127.0.0.1:8000/js/app.js"&gt;&lt;/script&gt;

    &lt;link rel="stylesheet" href="http://127.0.0.1:8000/vendor/bootstrap/css/bootstrap.min.css"&gt;
    &lt;script src="http://127.0.0.1:8000/js/jquery-3.6.0.min.js"&gt;&lt;/script&gt;

    &lt;script src="http://127.0.0.1:8000/vendor/bootstrap/js/bootstrap.min.js"&gt;&lt;/script&gt;
    &lt;link rel="stylesheet" href="https://cdnjs.cloudflare.com/ajax/libs/font-awesome/4.7.0/css/font-awesome.min.css"&gt;
    &lt;link rel="stylesheet" href="http://127.0.0.1:8000/vendors/mdi/css/materialdesignicons.min.css"&gt;
    &lt;link rel="stylesheet" href="http://127.0.0.1:8000/vendors/ti-icons/css/themify-icons.css"&gt;
    &lt;link rel="stylesheet" href="http://127.0.0.1:8000/vendors/typicons/typicons.css"&gt;
    &lt;link rel="stylesheet" href="http://127.0.0.1:8000/vendors/simple-line-icons/css/simple-line-icons.css"&gt;
    &lt;!-- datatable --&gt;
    &lt;!-- &lt;link rel="stylesheet" type="text/css" href="https://cdnjs.cloudflare.com/ajax/libs/twitter-bootstrap/5.0.1/css/bootstrap.css" /&gt;
    &lt;link rel="stylesheet" type="text/css" href="https://cdn.datatables.net/1.11.3/css/dataTables.bootstrap5.css" /&gt;
    &lt;link rel="stylesheet" type="text/css" href="https://cdn.datatables.net/responsive/2.2.9/css/responsive.bootstrap5.css" /&gt; --&gt;

    &lt;!-- &lt;script src="https://code.jquery.com/jquery-3.5.1.js" defer&gt;&lt;/script&gt; --&gt;
    &lt;!--&lt;script src="https://cdn.datatables.net/1.11.4/js/jquery.dataTables.min.js" defer&gt;&lt;/script&gt;
    &lt;script src="https://cdn.datatables.net/1.11.4/js/dataTables.bootstrap5.min.js" defer&gt;&lt;/script&gt; --&gt;



    &lt;link rel="stylesheet" type="text/css" href="https://cdnjs.cloudflare.com/ajax/libs/twitter-bootstrap/5.0.1/css/bootstrap.css"&gt;
    &lt;link rel="stylesheet" type="text/css" href="https://cdn.datatables.net/1.11.3/css/dataTables.bootstrap5.css"&gt;
    &lt;link rel="stylesheet" type="text/css" href="https://cdn.datatables.net/responsive/2.2.9/css/responsive.bootstrap5.css"&gt;


    &lt;link href="https://cdnjs.cloudflare.com/ajax/libs/flag-icon-css/3.1.0/css/flag-icon.min.css" rel="stylesheet"&gt;
    &lt;script type="module" src="https://unpkg.com/ionicons@5.5.2/dist/ionicons/ionicons.esm.js"&gt;&lt;/script&gt;
    &lt;script nomodule="" src="https://unpkg.com/ionicons@5.5.2/dist/ionicons/ionicons.js"&gt;&lt;/script&gt;
    &lt;link rel="stylesheet" href="https://fonts.googleapis.com/icon?family=Material+Icons"&gt;

    &lt;link rel="stylesheet" href="http://127.0.0.1:8000/css/style.css"&gt;

    

&lt;/head&gt;

&lt;body&gt;
    &lt;!-- Navigation --&gt;
    &lt;nav id="navbar" class="navbar navbar-expand-lg navbar-light"&gt;
        &lt;div class="container-fluid"&gt;
            &lt;a class="navbar-brand logo-image" href="#"&gt;
                                &lt;img src="http://127.0.0.1:8000/img/logo2cn.png" alt="alternative"&gt;
                            &lt;/a&gt;
            &lt;button class="navbar-toggler" type="button" data-bs-toggle="collapse" data-bs-target="#collapsibleNavbar" aria-controls="navbarNav" aria-expanded="false" aria-label="Toggle navigation"&gt;
                &lt;span class="navbar-toggler-icon"&gt;&lt;/span&gt;
            &lt;/button&gt;


            &lt;div class="collapse navbar-collapse" id="collapsibleNavbar"&gt;
                &lt;ul class="navbar-nav ms-auto navbar-nav-scroll"&gt;
                    &lt;li class="nav-item  "&gt;
                        &lt;a class="nav-link" href="/"&gt;首頁&lt;/a&gt;
                    &lt;/li&gt;
                    &lt;li class="nav-item dropdown   "&gt;
                        &lt;a class="nav-link dropdown-toggle" id="navbarDropdown" role="button" data-bs-toggle="dropdown" aria-expanded="false"&gt;
                            研究員
                        &lt;/a&gt;
                        &lt;ul class="dropdown-menu" aria-labelledby="navbarDropdown"&gt;
                                                            &lt;li&gt;
                                    &lt;a class="dropdown-item" href="http://127.0.0.1:8000/researchers/1"&gt;
                                                                                    計算機科學系
                                                                            &lt;/a&gt;
                                &lt;/li&gt;
                                                            &lt;li&gt;
                                    &lt;a class="dropdown-item" href="http://127.0.0.1:8000/researchers/2"&gt;
                                                                                    資訊科技系
                                                                            &lt;/a&gt;
                                &lt;/li&gt;
                                                            &lt;li&gt;
                                    &lt;a class="dropdown-item" href="http://127.0.0.1:8000/researchers/3"&gt;
                                                                                    地理資訊學系
                                                                            &lt;/a&gt;
                                &lt;/li&gt;
                                                    &lt;/ul&gt;
                    &lt;/li&gt;
                    &lt;li class="nav-item active "&gt;
                        &lt;a class="nav-link" href="/researchproject"&gt;研究項目&lt;/a&gt;
                    &lt;/li&gt;
                    &lt;li class="nav-item   "&gt;
                        &lt;a class="nav-link" href="/researchgroup"&gt;研究小組&lt;/a&gt;
                    &lt;/li&gt;
                    &lt;li class="nav-item "&gt;
                        &lt;a class="nav-link" href="/reports"&gt;報告&lt;/a&gt;
                    &lt;/li&gt;


                    &lt;li class="nav-item dropdown"&gt;
                        &lt;a class="nav-link dropdown-toggle" href="#" id="navbarDropdownMenuLink" data-toggle="dropdown" aria-haspopup="true" aria-expanded="false"&gt;
                            &lt;span class="flag-icon flag-icon-cn"&gt;&lt;/span&gt;
                            中文
                        &lt;/a&gt;
                        &lt;div class="dropdown-menu" aria-labelledby="navbarDropdownMenuLink"&gt;
                                                                                    &lt;a class="dropdown-item" href="http://127.0.0.1:8000/lang/en"&gt;&lt;span class="flag-icon flag-icon-us"&gt;&lt;/span&gt;
                                English&lt;/a&gt;
                                                                                                                &lt;a class="dropdown-item" href="http://127.0.0.1:8000/lang/th"&gt;&lt;span class="flag-icon flag-icon-th"&gt;&lt;/span&gt;
                                ไทย&lt;/a&gt;
                                                                                                                                        &lt;/div&gt;
                    &lt;/li&gt;


                &lt;/ul&gt;
                                                &lt;span class="nav-item"&gt;
                    &lt;a class="btn-solid-sm" href="/login" target="_blank"&gt;登录&lt;/a&gt;
                &lt;/span&gt;
                                            &lt;/div&gt; &lt;!-- end of navbar-collapse --&gt;
        &lt;/div&gt; &lt;!-- end of container --&gt;
    &lt;/nav&gt; &lt;!-- end of navbar --&gt;
    &lt;!-- end of navigation --&gt;
    
&lt;div class="container refund"&gt;
    &lt;p&gt;学术服务/研究项目&lt;/p&gt;

    &lt;div class="table-refund table-responsive"&gt;
        &lt;div id="example1_wrapper" class="dataTables_wrapper dt-bootstrap5 no-footer"&gt;&lt;div class="row"&gt;&lt;div class="col-sm-12 col-md-6"&gt;&lt;div class="dataTables_length" id="example1_length"&gt;&lt;label&gt;显示 &lt;select name="example1_length" aria-controls="example1" class="form-select form-select-sm"&gt;&lt;option value="10"&gt;10&lt;/option&gt;&lt;option value="25"&gt;25&lt;/option&gt;&lt;option value="50"&gt;50&lt;/option&gt;&lt;option value="100"&gt;100&lt;/option&gt;&lt;/select&gt; 条目&lt;/label&gt;&lt;/div&gt;&lt;/div&gt;&lt;div class="col-sm-12 col-md-6"&gt;&lt;div id="example1_filter" class="dataTables_filter"&gt;&lt;label&gt;搜索&lt;input type="search" class="form-control form-control-sm" placeholder="" aria-controls="example1"&gt;&lt;/label&gt;&lt;/div&gt;&lt;/div&gt;&lt;/div&gt;&lt;div class="row"&gt;&lt;div class="col-sm-12"&gt;&lt;table id="example1" class="table table-striped dataTable no-footer dtr-inline" style="width: 100%;" aria-describedby="example1_info"&gt;
            &lt;thead&gt;
                &lt;tr&gt;&lt;th style="font-weight: bold; width: 14.6px;" class="sorting sorting_asc" tabindex="0" aria-controls="example1" rowspan="1" colspan="1" aria-sort="ascending" aria-label="编号: activate to sort column descending"&gt;编号&lt;/th&gt;&lt;th class="col-md-1 sorting" style="font-weight: bold; width: 60.6px;" tabindex="0" aria-controls="example1" rowspan="1" colspan="1" aria-label="年份: activate to sort column ascending"&gt;年份&lt;/th&gt;&lt;th class="col-md-4 sorting" style="font-weight: bold; width: 365.6px;" tabindex="0" aria-controls="example1" rowspan="1" colspan="1" aria-label="项目名称: activate to sort column ascending"&gt;项目名称&lt;/th&gt;&lt;th class="col-md-4 sorting" style="font-weight: bold; width: 364.6px;" tabindex="0" aria-controls="example1" rowspan="1" colspan="1" aria-label="详细信息: activate to sort column ascending"&gt;详细信息&lt;/th&gt;&lt;th class="col-md-2 sorting" style="font-weight: bold; width: 163.6px;" tabindex="0" aria-controls="example1" rowspan="1" colspan="1" aria-label="负责人: activate to sort column ascending"&gt;负责人&lt;/th&gt;&lt;th class="col-md-1 sorting" style="font-weight: bold; width: 63.6px;" tabindex="0" aria-controls="example1" rowspan="1" colspan="1" aria-label="状态: activate to sort column ascending"&gt;状态&lt;/th&gt;&lt;/tr&gt;
            &lt;/thead&gt;

            &lt;tbody&gt;
                                
                                
                                
                                
                                
                                
                                
                                
                                
                                
                                
                                
                                
                                
                                
                                
                                
                                
                                
                                
                                
                                
                                
                                
                                
                            &lt;tr class="odd"&gt;
                    &lt;td style="vertical-align: top;text-align: left;" class="dtr-control sorting_1" tabindex="0"&gt;1&lt;/td&gt;
                    &lt;td style="vertical-align: top;text-align: left;"&gt;
                        2020
                    &lt;/td&gt;
                    &lt;td style="vertical-align: top;text-align: left;"&gt;
                        การจัดอบรมหลักสูตรประกาศนียบัตร (Non-Degree) โครงการพัฒนาทักษะกำลังคนของประเทศ (Reskill/Upskill/Newskill) เพื่อการมีงานทำและเตรียมความพร้อมรองรับการทำงานในอนาคตหลังวิกฤตการระบาดของไวรัสโคโรนา 2019 (COVID-19)
                    &lt;/td&gt;
                    &lt;td&gt;
                        &lt;div style="padding-bottom: 10px"&gt;
                            &lt;span style="font-weight: bold;"&gt;项目期限&lt;/span&gt;
                            &lt;span style="padding-left: 10px;"&gt;
                                                                    1 八月 2020 
                                    到 
                                    19 八月 2020
                                                            &lt;/span&gt;
                        &lt;/div&gt;

                        &lt;div style="padding-bottom: 10px;"&gt;
                            &lt;span style="font-weight: bold;"&gt;研究基金类别&lt;/span&gt;
                            &lt;span style="padding-left: 10px;"&gt;外部資本&lt;/span&gt;
                        &lt;/div&gt;
                        &lt;div style="padding-bottom: 10px;"&gt;
                            &lt;span style="font-weight: bold;"&gt;支持机构&lt;/span&gt;
                            &lt;span style="padding-left: 10px;"&gt;高等教育、科學、研究與創新部常務秘書辦公室&lt;/span&gt;
                        &lt;/div&gt;
                        &lt;div style="padding-bottom: 10px;"&gt;
                            &lt;span style="font-weight: bold;"&gt;负责部门&lt;/span&gt;
                            &lt;span style="padding-left: 10px;"&gt;
                                計算機科學系
                            &lt;/span&gt;
                        &lt;/div&gt;
                        &lt;div style="padding-bottom: 10px;"&gt;
                            &lt;span style="font-weight: bold;"&gt;分配预算&lt;/span&gt;
                            &lt;span style="padding-left: 10px;"&gt;90,000 泰铢&lt;/span&gt;
                        &lt;/div&gt;
                    &lt;/td&gt;

                    &lt;td style="vertical-align: top;text-align: left;"&gt;
                                                    Lecturer 
                            Thanaphon 
                            Tangchoopong
                            &lt;br&gt;
                                                    Lecturer 
                            Warunya 
                            Wunnasri
                            &lt;br&gt;
                                            &lt;/td&gt;
                    &lt;td style="vertical-align: top;text-align: left;"&gt;
                                                &lt;h6&gt;&lt;label class="badge bg-dark"&gt;项目已关闭&lt;/label&gt;&lt;/h6&gt;
                                            &lt;/td&gt;
                &lt;/tr&gt;&lt;tr class="even"&gt;
                    &lt;td style="vertical-align: top;text-align: left;" class="dtr-control sorting_1" tabindex="0"&gt;2&lt;/td&gt;
                    &lt;td style="vertical-align: top;text-align: left;"&gt;
                        2019
                    &lt;/td&gt;
                    &lt;td style="vertical-align: top;text-align: left;"&gt;
                        Statistical Thai – Isarn Dialect Machine Translation System using Parallel Corpus
                    &lt;/td&gt;
                    &lt;td&gt;
                        &lt;div style="padding-bottom: 10px"&gt;
                            &lt;span style="font-weight: bold;"&gt;项目期限&lt;/span&gt;
                            &lt;span style="padding-left: 10px;"&gt;
                                                            &lt;/span&gt;
                        &lt;/div&gt;

                        &lt;div style="padding-bottom: 10px;"&gt;
                            &lt;span style="font-weight: bold;"&gt;研究基金类别&lt;/span&gt;
                            &lt;span style="padding-left: 10px;"&gt;內部資本&lt;/span&gt;
                        &lt;/div&gt;
                        &lt;div style="padding-bottom: 10px;"&gt;
                            &lt;span style="font-weight: bold;"&gt;支持机构&lt;/span&gt;
                            &lt;span style="padding-left: 10px;"&gt;孔敬大學
&lt;/span&gt;
                        &lt;/div&gt;
                        &lt;div style="padding-bottom: 10px;"&gt;
                            &lt;span style="font-weight: bold;"&gt;负责部门&lt;/span&gt;
                            &lt;span style="padding-left: 10px;"&gt;
                                計算機科學系
                            &lt;/span&gt;
                        &lt;/div&gt;
                        &lt;div style="padding-bottom: 10px;"&gt;
                            &lt;span style="font-weight: bold;"&gt;分配预算&lt;/span&gt;
                            &lt;span style="padding-left: 10px;"&gt;80,000 泰铢&lt;/span&gt;
                        &lt;/div&gt;
                    &lt;/td&gt;

                    &lt;td style="vertical-align: top;text-align: left;"&gt;
                                                    Asst. Prof. Dr. 
                            Pusadee 
                            Seresangtakul
                            &lt;br&gt;
                                            &lt;/td&gt;
                    &lt;td style="vertical-align: top;text-align: left;"&gt;
                                                &lt;h6&gt;&lt;label class="badge bg-dark"&gt;项目已关闭&lt;/label&gt;&lt;/h6&gt;
                                            &lt;/td&gt;
                &lt;/tr&gt;&lt;tr class="odd"&gt;
                    &lt;td style="vertical-align: top;text-align: left;" class="dtr-control sorting_1" tabindex="0"&gt;3&lt;/td&gt;
                    &lt;td style="vertical-align: top;text-align: left;"&gt;
                        2019
                    &lt;/td&gt;
                    &lt;td style="vertical-align: top;text-align: left;"&gt;
                        Morphological analysis for edible mushrooms using artificial neural networks ANN Model
                    &lt;/td&gt;
                    &lt;td&gt;
                        &lt;div style="padding-bottom: 10px"&gt;
                            &lt;span style="font-weight: bold;"&gt;项目期限&lt;/span&gt;
                            &lt;span style="padding-left: 10px;"&gt;
                                                            &lt;/span&gt;
                        &lt;/div&gt;

                        &lt;div style="padding-bottom: 10px;"&gt;
                            &lt;span style="font-weight: bold;"&gt;研究基金类别&lt;/span&gt;
                            &lt;span style="padding-left: 10px;"&gt;內部資本&lt;/span&gt;
                        &lt;/div&gt;
                        &lt;div style="padding-bottom: 10px;"&gt;
                            &lt;span style="font-weight: bold;"&gt;支持机构&lt;/span&gt;
                            &lt;span style="padding-left: 10px;"&gt;孔敬大學&lt;/span&gt;
                        &lt;/div&gt;
                        &lt;div style="padding-bottom: 10px;"&gt;
                            &lt;span style="font-weight: bold;"&gt;负责部门&lt;/span&gt;
                            &lt;span style="padding-left: 10px;"&gt;
                                計算機科學系
                            &lt;/span&gt;
                        &lt;/div&gt;
                        &lt;div style="padding-bottom: 10px;"&gt;
                            &lt;span style="font-weight: bold;"&gt;分配预算&lt;/span&gt;
                            &lt;span style="padding-left: 10px;"&gt;100,000 泰铢&lt;/span&gt;
                        &lt;/div&gt;
                    &lt;/td&gt;

                    &lt;td style="vertical-align: top;text-align: left;"&gt;
                                                    Asst. Prof. Dr. 
                            Urachart 
                            Kokaew
                            &lt;br&gt;
                                            &lt;/td&gt;
                    &lt;td style="vertical-align: top;text-align: left;"&gt;
                                                &lt;h6&gt;&lt;label class="badge bg-dark"&gt;项目已关闭&lt;/label&gt;&lt;/h6&gt;
                                            &lt;/td&gt;
                &lt;/tr&gt;&lt;tr class="even"&gt;
                    &lt;td style="vertical-align: top;text-align: left;" class="dtr-control sorting_1" tabindex="0"&gt;4&lt;/td&gt;
                    &lt;td style="vertical-align: top;text-align: left;"&gt;
                        2019
                    &lt;/td&gt;
                    &lt;td style="vertical-align: top;text-align: left;"&gt;
                        Ontology-based Learning data integration using ontology mapping and a rules based reasoning approach
                    &lt;/td&gt;
                    &lt;td&gt;
                        &lt;div style="padding-bottom: 10px"&gt;
                            &lt;span style="font-weight: bold;"&gt;项目期限&lt;/span&gt;
                            &lt;span style="padding-left: 10px;"&gt;
                                                            &lt;/span&gt;
                        &lt;/div&gt;

                        &lt;div style="padding-bottom: 10px;"&gt;
                            &lt;span style="font-weight: bold;"&gt;研究基金类别&lt;/span&gt;
                            &lt;span style="padding-left: 10px;"&gt;內部資本&lt;/span&gt;
                        &lt;/div&gt;
                        &lt;div style="padding-bottom: 10px;"&gt;
                            &lt;span style="font-weight: bold;"&gt;支持机构&lt;/span&gt;
                            &lt;span style="padding-left: 10px;"&gt;孔敬大學&lt;/span&gt;
                        &lt;/div&gt;
                        &lt;div style="padding-bottom: 10px;"&gt;
                            &lt;span style="font-weight: bold;"&gt;负责部门&lt;/span&gt;
                            &lt;span style="padding-left: 10px;"&gt;
                                計算機科學系
                            &lt;/span&gt;
                        &lt;/div&gt;
                        &lt;div style="padding-bottom: 10px;"&gt;
                            &lt;span style="font-weight: bold;"&gt;分配预算&lt;/span&gt;
                            &lt;span style="padding-left: 10px;"&gt;100,000 泰铢&lt;/span&gt;
                        &lt;/div&gt;
                    &lt;/td&gt;

                    &lt;td style="vertical-align: top;text-align: left;"&gt;
                                                    Assoc. Prof. Dr. 
                            Ngamnij 
                            Arch-int
                            &lt;br&gt;
                                            &lt;/td&gt;
                    &lt;td style="vertical-align: top;text-align: left;"&gt;
                                                &lt;h6&gt;&lt;label class="badge bg-dark"&gt;项目已关闭&lt;/label&gt;&lt;/h6&gt;
                                            &lt;/td&gt;
                &lt;/tr&gt;&lt;tr class="odd"&gt;
                    &lt;td style="vertical-align: top;text-align: left;" class="dtr-control sorting_1" tabindex="0"&gt;5&lt;/td&gt;
                    &lt;td style="vertical-align: top;text-align: left;"&gt;
                        2019
                    &lt;/td&gt;
                    &lt;td style="vertical-align: top;text-align: left;"&gt;
                        อุปกรณ์ประเมินความเครียดพร้อมปัญญาประดิษฐ์สำหรับการประเมินโรคซึมเศร้า (Stress assessment devices with artificial intelligence for depression disorder assessment)
                    &lt;/td&gt;
                    &lt;td&gt;
                        &lt;div style="padding-bottom: 10px"&gt;
                            &lt;span style="font-weight: bold;"&gt;项目期限&lt;/span&gt;
                            &lt;span style="padding-left: 10px;"&gt;
                                                                    1 二月 2019 
                                    到 
                                    31 七月 2021
                                                            &lt;/span&gt;
                        &lt;/div&gt;

                        &lt;div style="padding-bottom: 10px;"&gt;
                            &lt;span style="font-weight: bold;"&gt;研究基金类别&lt;/span&gt;
                            &lt;span style="padding-left: 10px;"&gt;外部資本&lt;/span&gt;
                        &lt;/div&gt;
                        &lt;div style="padding-bottom: 10px;"&gt;
                            &lt;span style="font-weight: bold;"&gt;支持机构&lt;/span&gt;
                            &lt;span style="padding-left: 10px;"&gt;-&lt;/span&gt;
                        &lt;/div&gt;
                        &lt;div style="padding-bottom: 10px;"&gt;
                            &lt;span style="font-weight: bold;"&gt;负责部门&lt;/span&gt;
                            &lt;span style="padding-left: 10px;"&gt;
                                計算機科學系
                            &lt;/span&gt;
                        &lt;/div&gt;
                        &lt;div style="padding-bottom: 10px;"&gt;
                            &lt;span style="font-weight: bold;"&gt;分配预算&lt;/span&gt;
                            &lt;span style="padding-left: 10px;"&gt;6,633,000 泰铢&lt;/span&gt;
                        &lt;/div&gt;
                    &lt;/td&gt;

                    &lt;td style="vertical-align: top;text-align: left;"&gt;
                                                    Asst. Prof. Dr. 
                            Sumonta 
                            Kasemvilas
                            &lt;br&gt;
                                            &lt;/td&gt;
                    &lt;td style="vertical-align: top;text-align: left;"&gt;
                                                &lt;h6&gt;&lt;label class="badge bg-dark"&gt;项目已关闭&lt;/label&gt;&lt;/h6&gt;
                                            &lt;/td&gt;
                &lt;/tr&gt;&lt;tr class="even"&gt;
                    &lt;td style="vertical-align: top;text-align: left;" class="dtr-control sorting_1" tabindex="0"&gt;6&lt;/td&gt;
                    &lt;td style="vertical-align: top;text-align: left;"&gt;
                        2019
                    &lt;/td&gt;
                    &lt;td style="vertical-align: top;text-align: left;"&gt;
                        รูปแบบเทคโนโลยีฉลาดสำหรับสังคมสูงวัยสุขภาพดี (Smart technology for healthy aging society)
                    &lt;/td&gt;
                    &lt;td&gt;
                        &lt;div style="padding-bottom: 10px"&gt;
                            &lt;span style="font-weight: bold;"&gt;项目期限&lt;/span&gt;
                            &lt;span style="padding-left: 10px;"&gt;
                                                                    1 十月 2020 
                                    到 
                                    31 八月 2020
                                                            &lt;/span&gt;
                        &lt;/div&gt;

                        &lt;div style="padding-bottom: 10px;"&gt;
                            &lt;span style="font-weight: bold;"&gt;研究基金类别&lt;/span&gt;
                            &lt;span style="padding-left: 10px;"&gt;外部資本&lt;/span&gt;
                        &lt;/div&gt;
                        &lt;div style="padding-bottom: 10px;"&gt;
                            &lt;span style="font-weight: bold;"&gt;支持机构&lt;/span&gt;
                            &lt;span style="padding-left: 10px;"&gt;泰國國家研究委員會&lt;/span&gt;
                        &lt;/div&gt;
                        &lt;div style="padding-bottom: 10px;"&gt;
                            &lt;span style="font-weight: bold;"&gt;负责部门&lt;/span&gt;
                            &lt;span style="padding-left: 10px;"&gt;
                                計算機科學系
                            &lt;/span&gt;
                        &lt;/div&gt;
                        &lt;div style="padding-bottom: 10px;"&gt;
                            &lt;span style="font-weight: bold;"&gt;分配预算&lt;/span&gt;
                            &lt;span style="padding-left: 10px;"&gt;8,000,000 泰铢&lt;/span&gt;
                        &lt;/div&gt;
                    &lt;/td&gt;

                    &lt;td style="vertical-align: top;text-align: left;"&gt;
                                                    Asst. Prof. Dr. 
                            Sumonta 
                            Kasemvilas
                            &lt;br&gt;
                                            &lt;/td&gt;
                    &lt;td style="vertical-align: top;text-align: left;"&gt;
                                                &lt;h6&gt;&lt;label class="badge bg-dark"&gt;项目已关闭&lt;/label&gt;&lt;/h6&gt;
                                            &lt;/td&gt;
                &lt;/tr&gt;&lt;tr class="odd"&gt;
                    &lt;td style="vertical-align: top;text-align: left;" class="dtr-control sorting_1" tabindex="0"&gt;7&lt;/td&gt;
                    &lt;td style="vertical-align: top;text-align: left;"&gt;
                        2018
                    &lt;/td&gt;
                    &lt;td style="vertical-align: top;text-align: left;"&gt;
                        การศึกษาแนวทางในการวิเคราะห์ประสิทธิภาพของระบบการวางแผนทรัพยากรองค์กร
                    &lt;/td&gt;
                    &lt;td&gt;
                        &lt;div style="padding-bottom: 10px"&gt;
                            &lt;span style="font-weight: bold;"&gt;项目期限&lt;/span&gt;
                            &lt;span style="padding-left: 10px;"&gt;
                                                            &lt;/span&gt;
                        &lt;/div&gt;

                        &lt;div style="padding-bottom: 10px;"&gt;
                            &lt;span style="font-weight: bold;"&gt;研究基金类别&lt;/span&gt;
                            &lt;span style="padding-left: 10px;"&gt;內部資本
&lt;/span&gt;
                        &lt;/div&gt;
                        &lt;div style="padding-bottom: 10px;"&gt;
                            &lt;span style="font-weight: bold;"&gt;支持机构&lt;/span&gt;
                            &lt;span style="padding-left: 10px;"&gt;孔敬大學&lt;/span&gt;
                        &lt;/div&gt;
                        &lt;div style="padding-bottom: 10px;"&gt;
                            &lt;span style="font-weight: bold;"&gt;负责部门&lt;/span&gt;
                            &lt;span style="padding-left: 10px;"&gt;
                                計算機科學系
                            &lt;/span&gt;
                        &lt;/div&gt;
                        &lt;div style="padding-bottom: 10px;"&gt;
                            &lt;span style="font-weight: bold;"&gt;分配预算&lt;/span&gt;
                            &lt;span style="padding-left: 10px;"&gt;80,000 泰铢&lt;/span&gt;
                        &lt;/div&gt;
                    &lt;/td&gt;

                    &lt;td style="vertical-align: top;text-align: left;"&gt;
                                                    Asst. Prof. Dr. 
                            Paweena 
                            Wanchai
                            &lt;br&gt;
                                            &lt;/td&gt;
                    &lt;td style="vertical-align: top;text-align: left;"&gt;
                                                &lt;h6&gt;&lt;label class="badge bg-dark"&gt;项目已关闭&lt;/label&gt;&lt;/h6&gt;
                                            &lt;/td&gt;
                &lt;/tr&gt;&lt;tr class="even"&gt;
                    &lt;td style="vertical-align: top;text-align: left;" class="dtr-control sorting_1" tabindex="0"&gt;8&lt;/td&gt;
                    &lt;td style="vertical-align: top;text-align: left;"&gt;
                        2018
                    &lt;/td&gt;
                    &lt;td style="vertical-align: top;text-align: left;"&gt;
                        การออกแบบและพัฒนาระบบการเรียนรู้การเขียนโปรแกรมแบบคู่ด้วยอาลิซ
                    &lt;/td&gt;
                    &lt;td&gt;
                        &lt;div style="padding-bottom: 10px"&gt;
                            &lt;span style="font-weight: bold;"&gt;项目期限&lt;/span&gt;
                            &lt;span style="padding-left: 10px;"&gt;
                                                            &lt;/span&gt;
                        &lt;/div&gt;

                        &lt;div style="padding-bottom: 10px;"&gt;
                            &lt;span style="font-weight: bold;"&gt;研究基金类别&lt;/span&gt;
                            &lt;span style="padding-left: 10px;"&gt;內部資本&lt;/span&gt;
                        &lt;/div&gt;
                        &lt;div style="padding-bottom: 10px;"&gt;
                            &lt;span style="font-weight: bold;"&gt;支持机构&lt;/span&gt;
                            &lt;span style="padding-left: 10px;"&gt;孔敬大學&lt;/span&gt;
                        &lt;/div&gt;
                        &lt;div style="padding-bottom: 10px;"&gt;
                            &lt;span style="font-weight: bold;"&gt;负责部门&lt;/span&gt;
                            &lt;span style="padding-left: 10px;"&gt;
                                計算機科學系

                            &lt;/span&gt;
                        &lt;/div&gt;
                        &lt;div style="padding-bottom: 10px;"&gt;
                            &lt;span style="font-weight: bold;"&gt;分配预算&lt;/span&gt;
                            &lt;span style="padding-left: 10px;"&gt;60,000 泰铢&lt;/span&gt;
                        &lt;/div&gt;
                    &lt;/td&gt;

                    &lt;td style="vertical-align: top;text-align: left;"&gt;
                                                    Asst. Prof. Dr. 
                            Urachart 
                            Kokaew
                            &lt;br&gt;
                                            &lt;/td&gt;
[...]
                        &lt;/div&gt;
                        &lt;div style="padding-bottom: 10px;"&gt;
                            &lt;span style="font-weight: bold;"&gt;支持机构&lt;/span&gt;
                            &lt;span style="padding-left: 10px;"&gt;-&lt;/span&gt;
                        &lt;/div&gt;
                        &lt;div style="padding-bottom: 10px;"&gt;
                            &lt;span style="font-weight: bold;"&gt;负责部门&lt;/span&gt;
                            &lt;span style="padding-left: 10px;"&gt;
                                計算機科學系
                            &lt;/span&gt;
                        &lt;/div&gt;
                        &lt;div style="padding-bottom: 10px;"&gt;
                            &lt;span style="font-weight: bold;"&gt;分配预算&lt;/span&gt;
                            &lt;span style="padding-left: 10px;"&gt;6,633,000 泰铢&lt;/span&gt;
                        &lt;/div&gt;
                    &lt;/td&gt;

                    &lt;td style="vertical-align: top;text-align: left;"&gt;
                                                    Asst. Prof. Dr. 
                            Sumonta 
                            Kasemvilas
                            &lt;br&gt;
                                            &lt;/td&gt;
                    &lt;td style="vertical-align: top;text-align: left;"&gt;
                                                &lt;h6&gt;&lt;label class="badge bg-dark"&gt;项目已关闭&lt;/label&gt;&lt;/h6&gt;
                                            &lt;/td&gt;
                &lt;/tr&gt;&lt;tr class="even"&gt;
                    &lt;td style="vertical-align: top;text-align: left;" class="dtr-control sorting_1" tabindex="0"&gt;6&lt;/td&gt;
                    &lt;td style="vertical-align: top;text-align: left;"&gt;
                        2019
                    &lt;/td&gt;
                    &lt;td style="vertical-align: top;text-align: left;"&gt;
                        รูปแบบเทคโนโลยีฉลาดสำหรับสังคมสูงวัยสุขภาพดี (Smart technology for healthy aging society)
                    &lt;/td&gt;
                    &lt;td&gt;
                        &lt;div style="padding-bottom: 10px"&gt;
                            &lt;span style="font-weight: bold;"&gt;项目期限&lt;/span&gt;
                            &lt;span style="padding-left: 10px;"&gt;
                                                                    1 十月 2020 
                                    到 
                                    31 八月 2020
                                                            &lt;/span&gt;
                        &lt;/div&gt;

                        &lt;div style="padding-bottom: 10px;"&gt;
                            &lt;span style="font-weight: bold;"&gt;研究基金类别&lt;/span&gt;
                            &lt;span style="padding-left: 10px;"&gt;外部資本&lt;/span&gt;
                        &lt;/div&gt;
                        &lt;div style="padding-bottom: 10px;"&gt;
                            &lt;span style="font-weight: bold;"&gt;支持机构&lt;/span&gt;
                            &lt;span style="padding-left: 10px;"&gt;泰國國家研究委員會&lt;/span&gt;
                        &lt;/div&gt;
                        &lt;div style="padding-bottom: 10px;"&gt;
                            &lt;span style="font-weight: bold;"&gt;负责部门&lt;/span&gt;
                            &lt;span style="padding-left: 10px;"&gt;
                                計算機科學系
                            &lt;/span&gt;
                        &lt;/div&gt;
                        &lt;div style="padding-bottom: 10px;"&gt;
                            &lt;span style="font-weight: bold;"&gt;分配预算&lt;/span&gt;
                            &lt;span style="padding-left: 10px;"&gt;8,000,000 泰铢&lt;/span&gt;
                        &lt;/div&gt;
                    &lt;/td&gt;

                    &lt;td style="vertical-align: top;text-align: left;"&gt;
                                                    Asst. Prof. Dr. 
                            Sumonta 
                            Kasemvilas
                            &lt;br&gt;
                                            &lt;/td&gt;
                    &lt;td style="vertical-align: top;text-align: left;"&gt;
                                                &lt;h6&gt;&lt;label class="badge bg-dark"&gt;项目已关闭&lt;/label&gt;&lt;/h6&gt;
                                            &lt;/td&gt;
                &lt;/tr&gt;&lt;tr class="odd"&gt;
                    &lt;td style="vertical-align: top;text-align: left;" class="dtr-control sorting_1" tabindex="0"&gt;7&lt;/td&gt;
                    &lt;td style="vertical-align: top;text-align: left;"&gt;
                        2018
                    &lt;/td&gt;
                    &lt;td style="vertical-align: top;text-align: left;"&gt;
                        การศึกษาแนวทางในการวิเคราะห์ประสิทธิภาพของระบบการวางแผนทรัพยากรองค์กร
                    &lt;/td&gt;
                    &lt;td&gt;
                        &lt;div style="padding-bottom: 10px"&gt;
                            &lt;span style="font-weight: bold;"&gt;项目期限&lt;/span&gt;
                            &lt;span style="padding-left: 10px;"&gt;
                                                            &lt;/span&gt;
                        &lt;/div&gt;

                        &lt;div style="padding-bottom: 10px;"&gt;
                            &lt;span style="font-weight: bold;"&gt;研究基金类别&lt;/span&gt;
                            &lt;span style="padding-left: 10px;"&gt;內部資本
&lt;/span&gt;
                        &lt;/div&gt;
                        &lt;div style="padding-bottom: 10px;"&gt;
                            &lt;span style="font-weight: bold;"&gt;支持机构&lt;/span&gt;
                            &lt;span style="padding-left: 10px;"&gt;孔敬大學&lt;/span&gt;
                        &lt;/div&gt;
                        &lt;div style="padding-bottom: 10px;"&gt;
                            &lt;span style="font-weight: bold;"&gt;负责部门&lt;/span&gt;
                            &lt;span style="padding-left: 10px;"&gt;
                                計算機科學系
                            &lt;/span&gt;
                        &lt;/div&gt;
                        &lt;div style="padding-bottom: 10px;"&gt;
                            &lt;span style="font-weight: bold;"&gt;分配预算&lt;/span&gt;
                            &lt;span style="padding-left: 10px;"&gt;80,000 泰铢&lt;/span&gt;
                        &lt;/div&gt;
                    &lt;/td&gt;

                    &lt;td style="vertical-align: top;text-align: left;"&gt;
                                                    Asst. Prof. Dr. 
                            Paweena 
                            Wanchai
                            &lt;br&gt;
                                            &lt;/td&gt;
                    &lt;td style="vertical-align: top;text-align: left;"&gt;
                                                &lt;h6&gt;&lt;label class="badge bg-dark"&gt;项目已关闭&lt;/label&gt;&lt;/h6&gt;
                                            &lt;/td&gt;
                &lt;/tr&gt;&lt;tr class="even"&gt;
                    &lt;td style="vertical-align: top;text-align: left;" class="dtr-control sorting_1" tabindex="0"&gt;8&lt;/td&gt;
                    &lt;td style="vertical-align: top;text-align: left;"&gt;
                        2018
                    &lt;/td&gt;
                    &lt;td style="vertical-align: top;text-align: left;"&gt;
                        การออกแบบและพัฒนาระบบการเรียนรู้การเขียนโปรแกรมแบบคู่ด้วยอาลิซ
                    &lt;/td&gt;
                    &lt;td&gt;
                        &lt;div style="padding-bottom: 10px"&gt;
                            &lt;span style="font-weight: bold;"&gt;项目期限&lt;/span&gt;
                            &lt;span style="padding-left: 10px;"&gt;
                                                            &lt;/span&gt;
                        &lt;/div&gt;

                        &lt;div style="padding-bottom: 10px;"&gt;
                            &lt;span style="font-weight: bold;"&gt;研究基金类别&lt;/span&gt;
                            &lt;span style="padding-left: 10px;"&gt;內部資本&lt;/span&gt;
                        &lt;/div&gt;
                        &lt;div style="padding-bottom: 10px;"&gt;
                            &lt;span style="font-weight: bold;"&gt;支持机构&lt;/span&gt;
                            &lt;span style="padding-left: 10px;"&gt;孔敬大學&lt;/span&gt;
                        &lt;/div&gt;
                        &lt;div style="padding-bottom: 10px;"&gt;
                            &lt;span style="font-weight: bold;"&gt;负责部门&lt;/span&gt;
                            &lt;span style="padding-left: 10px;"&gt;
                                計算機科學系

                            &lt;/span&gt;
                        &lt;/div&gt;
                        &lt;div style="padding-bottom: 10px;"&gt;
                            &lt;span style="font-weight: bold;"&gt;分配预算&lt;/span&gt;
                            &lt;span style="padding-left: 10px;"&gt;60,000 泰铢&lt;/span&gt;
                        &lt;/div&gt;
                    &lt;/td&gt;

                    &lt;td style="vertical-align: top;text-align: left;"&gt;
                                                    Asst. Prof. Dr. 
                            Urachart 
                            Kokaew
                            &lt;br&gt;
                                            &lt;/td&gt;
                    &lt;td style="vertical-align: top;text-align: left;"&gt;
                                                &lt;h6&gt;&lt;label class="badge bg-dark"&gt;项目已关闭&lt;/label&gt;&lt;/h6&gt;
                                            &lt;/td&gt;
                &lt;/tr&gt;&lt;tr class="odd"&gt;
                    &lt;td style="vertical-align: top;text-align: left;" class="dtr-control sorting_1" tabindex="0"&gt;9&lt;/td&gt;
                    &lt;td style="vertical-align: top;text-align: left;"&gt;
                        2018
                    &lt;/td&gt;
                    &lt;td style="vertical-align: top;text-align: left;"&gt;
                        ดัชนีความเยาว์วัยของร่างกายแบบองค์รวมจากปัญญาประดิษฐ์ข้อมูลสุขภาพ (Youth Index from Health Artificial Intelligence)
                    &lt;/td&gt;
                    &lt;td&gt;
                        &lt;div style="padding-bottom: 10px"&gt;
                            &lt;span style="font-weight: bold;"&gt;项目期限&lt;/span&gt;
                            &lt;span style="padding-left: 10px;"&gt;
                                                            &lt;/span&gt;
                        &lt;/div&gt;

                        &lt;div style="padding-bottom: 10px;"&gt;
                            &lt;span style="font-weight: bold;"&gt;研究基金类别&lt;/span&gt;
                            &lt;span style="padding-left: 10px;"&gt;外部資本&lt;/span&gt;
                        &lt;/div&gt;
                        &lt;div style="padding-bottom: 10px;"&gt;
                            &lt;span style="font-weight: bold;"&gt;支持机构&lt;/span&gt;
                            &lt;span style="padding-left: 10px;"&gt;-&lt;/span&gt;
                        &lt;/div&gt;
                        &lt;div style="padding-bottom: 10px;"&gt;
                            &lt;span style="font-weight: bold;"&gt;负责部门&lt;/span&gt;
                            &lt;span style="padding-left: 10px;"&gt;
                                計算機科學系
                            &lt;/span&gt;
                        &lt;/div&gt;
                        &lt;div style="padding-bottom: 10px;"&gt;
                            &lt;span style="font-weight: bold;"&gt;分配预算&lt;/span&gt;
                            &lt;span style="padding-left: 10px;"&gt;5,000,000 泰铢&lt;/span&gt;
                        &lt;/div&gt;
                    &lt;/td&gt;

                    &lt;td style="vertical-align: top;text-align: left;"&gt;
                                                    Asst. Prof. Dr. 
                            Sumonta 
                            Kasemvilas
                            &lt;br&gt;
                                            &lt;/td&gt;
                    &lt;td style="vertical-align: top;text-align: left;"&gt;
                                                &lt;h6&gt;&lt;label class="badge bg-dark"&gt;项目已关闭&lt;/label&gt;&lt;/h6&gt;
                                            &lt;/td&gt;
                &lt;/tr&gt;&lt;tr class="even"&gt;
                    &lt;td style="vertical-align: top;text-align: left;" class="dtr-control sorting_1" tabindex="0"&gt;10&lt;/td&gt;
                    &lt;td style="vertical-align: top;text-align: left;"&gt;
                        2018
                    &lt;/td&gt;
                    &lt;td style="vertical-align: top;text-align: left;"&gt;
                        ERASMUS+ : Curriculum Development in Data Science and Artificial Intelligence/DS&amp;amp;AI
                    &lt;/td&gt;
                    &lt;td&gt;
                        &lt;div style="padding-bottom: 10px"&gt;
                            &lt;span style="font-weight: bold;"&gt;项目期限&lt;/span&gt;
                            &lt;span style="padding-left: 10px;"&gt;
                                                            &lt;/span&gt;
                        &lt;/div&gt;

                        &lt;div style="padding-bottom: 10px;"&gt;
                            &lt;span style="font-weight: bold;"&gt;研究基金类别&lt;/span&gt;
                            &lt;span style="padding-left: 10px;"&gt;外部資本&lt;/span&gt;
                        &lt;/div&gt;
                        &lt;div style="padding-bottom: 10px;"&gt;
                            &lt;span style="font-weight: bold;"&gt;支持机构&lt;/span&gt;
                            &lt;span style="padding-left: 10px;"&gt;-&lt;/span&gt;
                        &lt;/div&gt;
                        &lt;div style="padding-bottom: 10px;"&gt;
                            &lt;span style="font-weight: bold;"&gt;负责部门&lt;/span&gt;
                            &lt;span style="padding-left: 10px;"&gt;
                                計算機科學系
                            &lt;/span&gt;
                        &lt;/div&gt;
                        &lt;div style="padding-bottom: 10px;"&gt;
                            &lt;span style="font-weight: bold;"&gt;分配预算&lt;/span&gt;
                            &lt;span style="padding-left: 10px;"&gt;2,453,555 泰铢&lt;/span&gt;
                        &lt;/div&gt;
                    &lt;/td&gt;

                    &lt;td style="vertical-align: top;text-align: left;"&gt;
                                                    Asst. Prof. Dr. 
                            Khamron 
                            Sunat
                            &lt;br&gt;
                                                    Asst. Prof. Dr. 
                            Chitsutha 
                            Soomlek
                            &lt;br&gt;
                                            &lt;/td&gt;
                    &lt;td style="vertical-align: top;text-align: left;"&gt;
                                                &lt;h6&gt;&lt;label class="badge bg-dark"&gt;项目已关闭&lt;/label&gt;&lt;/h6&gt;
                                            &lt;/td&gt;
                &lt;/tr&gt;&lt;/tbody&gt;
        &lt;/table&gt;&lt;/div&gt;&lt;/div&gt;&lt;div class="row"&gt;&lt;div class="col-sm-12 col-md-5"&gt;&lt;div class="dataTables_info" id="example1_info" role="status" aria-live="polite"&gt;显示 1 到 10 共 25 条目&lt;/div&gt;&lt;/div&gt;&lt;div class="col-sm-12 col-md-7"&gt;&lt;div class="dataTables_paginate paging_simple_numbers" id="example1_paginate"&gt;&lt;ul class="pagination"&gt;&lt;li class="paginate_button page-item previous disabled" id="example1_previous"&gt;&lt;a href="#" aria-controls="example1" data-dt-idx="0" tabindex="0" class="page-link"&gt;上一页&lt;/a&gt;&lt;/li&gt;&lt;li class="paginate_button page-item active"&gt;&lt;a href="#" aria-controls="example1" data-dt-idx="1" tabindex="0" class="page-link"&gt;1&lt;/a&gt;&lt;/li&gt;&lt;li class="paginate_button page-item "&gt;&lt;a href="#" aria-controls="example1" data-dt-idx="2" tabindex="0" class="page-link"&gt;2&lt;/a&gt;&lt;/li&gt;&lt;li class="paginate_button page-item "&gt;&lt;a href="#" aria-controls="example1" data-dt-idx="3" tabindex="0" class="page-link"&gt;3&lt;/a&gt;&lt;/li&gt;&lt;li class="paginate_button page-item next" id="example1_next"&gt;&lt;a href="#" aria-controls="example1" data-dt-idx="4" tabindex="0" class="page-link"&gt;下一页&lt;/a&gt;&lt;/li&gt;&lt;/ul&gt;&lt;/div&gt;&lt;/div&gt;&lt;/div&gt;&lt;/div&gt;
    &lt;/div&gt;

&lt;/div&gt;

&lt;script type="text/javascript" src="https://cdn.datatables.net/1.11.3/js/jquery.dataTables.js"&gt;&lt;/script&gt;
&lt;script type="text/javascript" src="https://cdn.datatables.net/1.11.3/js/dataTables.bootstrap5.js"&gt;&lt;/script&gt;
&lt;script type="text/javascript" src="https://cdn.datatables.net/responsive/2.2.9/js/dataTables.responsive.js"&gt;&lt;/script&gt;
&lt;script type="text/javascript" src="https://cdn.datatables.net/responsive/2.2.9/js/responsive.bootstrap5.js"&gt;&lt;/script&gt;
&lt;script src="https://cdnjs.cloudflare.com/ajax/libs/Chart.js/2.9.3/Chart.min.js"&gt;&lt;/script&gt;

&lt;script&gt;
    $(document).ready(function() {
        if (!$.fn.DataTable.isDataTable('#example1')) { // ตรวจสอบว่า DataTable ถูกใช้งานไปแล้วหรือยัง
            var table1 = $('#example1').DataTable({
                responsive: true,
                language: {
                    search: "搜索",
                    lengthMenu: "显示 _MENU_ 条目",
                    info: "显示 _START_ 到 _END_ 共 _TOTAL_ 条目",
                    paginate: {
                        previous: "上一页",
                        next: "下一页",
                    }
                }
            });
        }
    });
&lt;/script&gt;
    
    &lt;footer class="footer"&gt;
        &lt;div class="d-sm-flex justify-content-center justify-content-sm-between"&gt;
        &lt;/div&gt;
    &lt;/footer&gt;


&lt;/body&gt;&lt;/html&gt;</msg>
<arg>HTML Source: ${html_source}</arg>
<doc>Logs the given message with the given level.</doc>
<status status="PASS" start="2025-03-12T05:01:17.188982" elapsed="0.000993"/>
</kw>
<for flavor="IN">
<iter>
<kw name="Should Contain" owner="BuiltIn">
<arg>${html_source}</arg>
<arg>${text}</arg>
<doc>Fails if ``container`` does not contain ``item`` one or more times.</doc>
<status status="PASS" start="2025-03-12T05:01:17.190257" elapsed="0.000137"/>
</kw>
<var name="${text}">การจัดอบรมหลักสูตรประกาศนียบัตร (Non-Degree) โครงการพัฒนาทักษะกำลังคนของประเทศ (Reskill/Upskill/Newskill) เพื่อการมีงานทำและเตรียมความพร้อมรองรับการทำงานในอนาคตหลังวิกฤตการระบาดของไวรัสโคโรนา 2019 (CO...</var>
<status status="PASS" start="2025-03-12T05:01:17.190154" elapsed="0.000283"/>
</iter>
<var>${text}</var>
<value>@{expected_texts}</value>
<status status="PASS" start="2025-03-12T05:01:17.190036" elapsed="0.000444"/>
</for>
<arg>@{expected_texts}</arg>
<status status="PASS" start="2025-03-12T05:01:17.182189" elapsed="0.008361"/>
</kw>
<arg>${LANG_TO_CHINESE}</arg>
<arg>${TRAINING_TEXT}</arg>
<status status="PASS" start="2025-03-12T05:01:12.436545" elapsed="4.754054"/>
</kw>
<kw name="Close Browser" owner="SeleniumLibrary">
<doc>Closes the current browser.</doc>
<status status="PASS" start="2025-03-12T05:01:17.191281" elapsed="2.233218"/>
</kw>
<kw name="Close Browser" owner="SeleniumLibrary" type="TEARDOWN">
<doc>Closes the current browser.</doc>
<status status="PASS" start="2025-03-12T05:01:19.424979" elapsed="0.000186"/>
</kw>
<status status="PASS" start="2025-03-12T05:00:59.528559" elapsed="19.896831"/>
</test>
<status status="FAIL" start="2025-03-12T05:00:28.636914" elapsed="50.789399"/>
</suite>
<statistics>
<total>
<stat pass="1" fail="3" skip="0">All Tests</stat>
</total>
<tag>
</tag>
<suite>
<stat name="Test 04" id="s1" pass="1" fail="3" skip="0">Test 04</stat>
</suite>
</statistics>
<errors>
</errors>
</robot>
